[19:14:48.679] 🚀 ========== SATELLITE GAME LOG SESSION STARTED ==========
[19:14:48.684] 📅 Date: 2025-08-12 19:14:48
[19:14:48.684] 🎮 Godot Version: { "major": 4, "minor": 4, "patch": 0, "hex": 263168, "status": "stable", "build": "official", "hash": "4c311cbee68c0b66ff8ebb8b0defdd9979dd2a41", "timestamp": 0, "string": "4.4-stable (official)" }
[19:14:48.685] 💻 Platform: Windows
[19:14:48.685] 🚀 =========================================================
[19:14:48.685] 
[19:14:48.686] DEBUG: SaveManager initialized, save path: C:/Users/koval/AppData/Roaming/Godot/app_userdata/Satellite\saves\game_save.json
[19:14:48.688] DEBUG: GameTimer initialized. Total play time: 00:00:00
[19:14:48.691] DEBUG: Continue button state updated: enabled
[19:14:48.692] DEBUG: Main menu initialized
[19:14:49.807] DEBUG: Continue button pressed
[19:14:49.824] DEBUG: Direct load completed successfully
[19:14:49.827] DEBUG: Game loaded successfully
[19:14:49.944] DEBUG: Module StartingModule initialized
[19:14:49.945] DEBUG: Found RespawnCapsule at path: RespawnCapsule
[19:14:49.945] DEBUG: Starting module initialized
[19:14:49.947] DEBUG: Created interaction area for module TeleportationModule with radius 150
[19:14:49.954] DEBUG: Teleport UI created
[19:14:49.955] DEBUG: Module TeleportationModule initialized
[19:14:49.955] DEBUG: Teleportation module initialized
[19:14:49.957] DEBUG: Station teleporter initialized
[19:14:49.958] DEBUG: Module StorageModule initialized
[19:14:49.968] DEBUG: Container 'StorageContainer' inventory changed
[19:14:49.969] DEBUG: Container 'StorageContainer' inventory changed
[19:14:49.970] DEBUG: Container 'StorageContainer' force-updated UI
[19:14:49.971] DEBUG: Module StorageModule2 initialized
[19:14:49.971] DEBUG: Container 'StorageContainer' inventory changed
[19:14:49.975] DEBUG: Container 'StorageContainer' inventory changed
[19:14:49.976] DEBUG: Container 'StorageContainer' force-updated UI
[19:14:49.982] ERROR: InventoryUI: Player not found
[19:14:49.989] DEBUG: ItemTooltip initialized
[19:14:49.994] DEBUG: InventoryContextMenu initialized
[19:14:49.995] DEBUG: Signal handlers are connected to context menu
[19:14:49.995] DEBUG: InventoryContextMenu created successfully
[19:14:49.997] DEBUG: DEBUG HUD for corner coordinates created
[19:14:49.998] ERROR: UIManager: InteractionSystem not found!
[19:14:49.999] DEBUG: UIManager initialized
[19:14:50.001] DEBUG: ItemTooltip created successfully for ContainerUI
[19:14:50.002] DEBUG: InventoryContextMenu created successfully for ContainerUI
[19:14:50.007] DEBUG: AutoSave initialized with interval: 300s, active monitoring: True
[19:14:50.009] DEBUG: ForceSaveSystem initialized
[19:14:50.013] DEBUG: Found TeleporterSpawnPoint at path: TeleporterSpawnPoint
[19:14:50.049] DEBUG: Camera following player at (565, 217)
[19:14:50.051] DEBUG: LoadInventory: Last inventory save time: 12/08/2025 19:14:49
[19:14:50.051] DEBUG: LoadInventory: Found saved inventory data, loading...
[19:14:50.051] DEBUG: LoadInventory: Found 15 items in saved inventory
[19:14:50.052] DEBUG: LoadInventory: Item: Organic Matter x30 (ID: resource_organic_matter)
[19:14:50.052] DEBUG: LoadInventory: Item: Metal Ore x20 (ID: resource_metal_ore)
[19:14:50.052] DEBUG: LoadInventory: Item: Crystal x15 (ID: resource_crystal)
[19:14:50.052] DEBUG: LoadInventory: Item: AntiMetal Ore x20 (ID: resource_antimetal_ore)
[19:14:50.053] DEBUG: LoadInventory: Item: Metal Ore x11 (ID: resource_metal_ore)
[19:14:50.053] DEBUG: LoadInventory: Item: AntiMetal Ore x1 (ID: resource_antimetal_ore)
[19:14:50.053] DEBUG: LoadInventory: Item: Organic Matter x5 (ID: resource_organic_matter)
[19:14:50.054] DEBUG: Player inventory changed. Items: 0
[19:14:50.054] DEBUG: Player inventory changed. Items: 15
[19:14:50.054] DEBUG: LoadInventory: Successfully deserialized inventory with 15 items
[19:14:50.055] DEBUG: LoadInventory: After loading: Organic Matter x30 (ID: resource_organic_matter)
[19:14:50.055] DEBUG: LoadInventory: After loading: Metal Ore x20 (ID: resource_metal_ore)
[19:14:50.055] DEBUG: LoadInventory: After loading: Crystal x15 (ID: resource_crystal)
[19:14:50.056] DEBUG: LoadInventory: After loading: AntiMetal Ore x20 (ID: resource_antimetal_ore)
[19:14:50.056] DEBUG: LoadInventory: After loading: Metal Ore x11 (ID: resource_metal_ore)
[19:14:50.056] DEBUG: LoadInventory: After loading: AntiMetal Ore x1 (ID: resource_antimetal_ore)
[19:14:50.057] DEBUG: LoadInventory: After loading: Organic Matter x5 (ID: resource_organic_matter)
[19:14:50.060] DEBUG: Player respawned at starting module
[19:14:50.440] DEBUG: Container 'StorageContainer' inventory changed
[19:14:50.440] DEBUG: Container 'StorageContainer' inventory changed
[19:14:50.440] DEBUG: Container 'StorageContainer' force-updated UI
[19:14:50.442] DEBUG: All icon sizes updated in container UI
[19:14:50.442] DEBUG: Container 'StorageContainer' deferred UI update completed
[19:14:52.693] DEBUG: Starting teleportation to world
[19:14:52.694] DEBUG: Player inventory saved. Items count: 15
[19:14:52.694] DEBUG: Player inventory saved before teleportation to world
[19:14:53.692] DEBUG: Completing teleportation to world
[19:14:53.693] DEBUG: Player position loaded: (582.9491, 1919.8606)
[19:14:53.694] DEBUG: Teleport destination saved: (582.9491, 1919.8606)
[19:14:53.694] DEBUG: Player position loaded: (582.9491, 1919.8606)
[19:14:53.756] ERROR: InventoryUI: Player not found
[19:14:53.760] DEBUG: InteractionSystem found via exported path
[19:14:53.761] ERROR: InteractionSystem: Player not found
[19:14:53.762] INFO: 📁 File logging system initialized!
[19:14:53.763] INFO: 🚀 LevelGenerator starting up...
[19:14:53.777] DEBUG: AutoSave initialized with interval: 300s, active monitoring: True
[19:14:54.209] DEBUG: Created section at grid (0,0) with biome Ice
[19:14:54.209] DEBUG: Created section at grid (1,0) with biome Desert
[19:14:54.209] DEBUG: Created section at grid (2,0) with biome Forest
[19:14:54.210] DEBUG: Created section at grid (0,1) with biome Anomal
[19:14:54.210] DEBUG: Created section at grid (1,1) with biome Desert
[19:14:54.210] DEBUG: Created section at grid (2,1) with biome Ice
[19:14:54.211] DEBUG: Created section at grid (0,2) with biome Techno
[19:14:54.211] DEBUG: Created section at grid (1,2) with biome Forest
[19:14:54.211] DEBUG: Created section at grid (2,2) with biome Anomal
[19:14:54.472] INFO: 🗺️ КАРТА: 150x150
[19:14:54.473] DEBUG: Updated DEBUG HUD with corners info: 🎯 УГЛЫ КАРТЫ:
TopLeft: (0, 0) -> (0, 0)
TopRight: (149, 0) -> (2384, 1192)
BottomLeft: (0, 149) -> (-2384, 1192)
BottomRight: (149, 149) -> (0, 2384)
[19:14:54.484] INFO: 🎯 ИГРОК: BottomLeft (6, 107) -> (-1616, 904)
[19:14:54.485] DEBUG: Camera following player at (-1616, 904)
[19:14:54.487] ERROR: Selected section at (2, 2) has no spawn position!
[19:14:54.489] ERROR: ❌ CRITICAL: Multi-section spawn position is ZERO! Using emergency fallback!
[19:15:06.377] DEBUG: Created section at grid (0,0) with biome Grassland
[19:15:06.378] DEBUG: Created section at grid (1,0) with biome Forest
[19:15:06.378] DEBUG: Created section at grid (2,0) with biome Techno
[19:15:06.378] DEBUG: Created section at grid (0,1) with biome Desert
[19:15:06.379] DEBUG: Created section at grid (1,1) with biome Forest
[19:15:06.379] DEBUG: Created section at grid (2,1) with biome Lava Springs
[19:15:06.379] DEBUG: Created section at grid (0,2) with biome Anomal
[19:15:06.380] DEBUG: Created section at grid (1,2) with biome Forest
[19:15:06.380] DEBUG: Created section at grid (2,2) with biome Anomal
[19:15:06.486] INFO: 🗺️ КАРТА: 150x150
[19:15:06.486] DEBUG: Updated DEBUG HUD with corners info: 🎯 УГЛЫ КАРТЫ:
TopLeft: (0, 0) -> (0, 0)
TopRight: (149, 0) -> (2384, 1192)
BottomLeft: (0, 149) -> (-2384, 1192)
BottomRight: (149, 149) -> (0, 2384)
[19:15:06.490] INFO: 🎯 ИГРОК: BottomRight (108, 107) -> (16, 1720)
[19:15:06.491] DEBUG: Camera following player at (16, 1720)
[19:15:06.492] ERROR: Selected section at (1, 2) has no spawn position!
[19:15:06.493] ERROR: ❌ CRITICAL: Multi-section spawn position is ZERO! Using emergency fallback!
[19:15:09.075] DEBUG: Created section at grid (0,0) with biome Grassland
[19:15:09.076] DEBUG: Created section at grid (1,0) with biome Ice
[19:15:09.076] DEBUG: Created section at grid (2,0) with biome Desert
[19:15:09.076] DEBUG: Created section at grid (0,1) with biome Forest
[19:15:09.076] DEBUG: Created section at grid (1,1) with biome Ice
[19:15:09.077] DEBUG: Created section at grid (2,1) with biome Techno
[19:15:09.077] DEBUG: Created section at grid (0,2) with biome Lava Springs
[19:15:09.077] DEBUG: Created section at grid (1,2) with biome Grassland
[19:15:09.078] DEBUG: Created section at grid (2,2) with biome Lava Springs
[19:15:09.194] INFO: 🗺️ КАРТА: 150x150
[19:15:09.195] DEBUG: Updated DEBUG HUD with corners info: 🎯 УГЛЫ КАРТЫ:
TopLeft: (0, 0) -> (0, 0)
TopRight: (149, 0) -> (2384, 1192)
BottomLeft: (0, 149) -> (-2384, 1192)
BottomRight: (149, 149) -> (0, 2384)
[19:15:09.200] INFO: 🎯 ИГРОК: BottomLeft (9, 107) -> (-1568, 928)
[19:15:09.200] DEBUG: Camera following player at (-1568, 928)
[19:15:09.201] ERROR: Selected section at (1, 1) has no spawn position!
[19:15:09.202] ERROR: ❌ CRITICAL: Multi-section spawn position is ZERO! Using emergency fallback!
[19:15:16.928] DEBUG: Saved play time: 00:00:28
