[18:52:40.217] 🚀 ========== SATELLITE GAME LOG SESSION STARTED ==========
[18:52:40.221] 📅 Date: 2025-08-12 18:52:40
[18:52:40.222] 🎮 Godot Version: { "major": 4, "minor": 4, "patch": 0, "hex": 263168, "status": "stable", "build": "official", "hash": "4c311cbee68c0b66ff8ebb8b0defdd9979dd2a41", "timestamp": 0, "string": "4.4-stable (official)" }
[18:52:40.222] 💻 Platform: Windows
[18:52:40.223] 🚀 =========================================================
[18:52:40.223] 
[18:52:40.223] DEBUG: SaveManager initialized, save path: C:/Users/koval/AppData/Roaming/Godot/app_userdata/Satellite\saves\game_save.json
[18:52:40.235] DEBUG: GameTimer initialized. Total play time: 00:00:00
[18:52:40.239] DEBUG: Continue button state updated: enabled
[18:52:40.240] DEBUG: Main menu initialized
[18:52:41.616] DEBUG: Continue button pressed
[18:52:41.635] DEBUG: Direct load completed successfully
[18:52:41.638] DEBUG: Game loaded successfully
[18:52:41.744] DEBUG: Module StartingModule initialized
[18:52:41.744] DEBUG: Found RespawnCapsule at path: RespawnCapsule
[18:52:41.745] DEBUG: Starting module initialized
[18:52:41.747] DEBUG: Created interaction area for module TeleportationModule with radius 150
[18:52:41.754] DEBUG: Teleport UI created
[18:52:41.754] DEBUG: Module TeleportationModule initialized
[18:52:41.755] DEBUG: Teleportation module initialized
[18:52:41.756] DEBUG: Station teleporter initialized
[18:52:41.756] DEBUG: Module StorageModule initialized
[18:52:41.764] DEBUG: Container 'StorageContainer' inventory changed
[18:52:41.765] DEBUG: Container 'StorageContainer' inventory changed
[18:52:41.766] DEBUG: Container 'StorageContainer' force-updated UI
[18:52:41.767] DEBUG: Module StorageModule2 initialized
[18:52:41.767] DEBUG: Container 'StorageContainer' inventory changed
[18:52:41.771] DEBUG: Container 'StorageContainer' inventory changed
[18:52:41.771] DEBUG: Container 'StorageContainer' force-updated UI
[18:52:41.777] ERROR: InventoryUI: Player not found
[18:52:41.783] DEBUG: ItemTooltip initialized
[18:52:41.788] DEBUG: InventoryContextMenu initialized
[18:52:41.789] DEBUG: Signal handlers are connected to context menu
[18:52:41.789] DEBUG: InventoryContextMenu created successfully
[18:52:41.791] DEBUG: DEBUG HUD for corner coordinates created
[18:52:41.792] ERROR: UIManager: InteractionSystem not found!
[18:52:41.793] DEBUG: UIManager initialized
[18:52:41.795] DEBUG: ItemTooltip created successfully for ContainerUI
[18:52:41.796] DEBUG: InventoryContextMenu created successfully for ContainerUI
[18:52:41.800] DEBUG: AutoSave initialized with interval: 300s, active monitoring: True
[18:52:41.803] DEBUG: ForceSaveSystem initialized
[18:52:41.806] DEBUG: Found TeleporterSpawnPoint at path: TeleporterSpawnPoint
[18:52:41.855] DEBUG: Camera following player at (565, 217)
[18:52:41.857] DEBUG: LoadInventory: Last inventory save time: 12/08/2025 18:52:41
[18:52:41.857] DEBUG: LoadInventory: Found saved inventory data, loading...
[18:52:41.858] DEBUG: LoadInventory: Found 15 items in saved inventory
[18:52:41.858] DEBUG: LoadInventory: Item: Organic Matter x30 (ID: resource_organic_matter)
[18:52:41.859] DEBUG: LoadInventory: Item: Metal Ore x20 (ID: resource_metal_ore)
[18:52:41.859] DEBUG: LoadInventory: Item: Crystal x15 (ID: resource_crystal)
[18:52:41.859] DEBUG: LoadInventory: Item: AntiMetal Ore x20 (ID: resource_antimetal_ore)
[18:52:41.860] DEBUG: LoadInventory: Item: Metal Ore x11 (ID: resource_metal_ore)
[18:52:41.860] DEBUG: LoadInventory: Item: AntiMetal Ore x1 (ID: resource_antimetal_ore)
[18:52:41.860] DEBUG: LoadInventory: Item: Organic Matter x5 (ID: resource_organic_matter)
[18:52:41.861] DEBUG: Player inventory changed. Items: 0
[18:52:41.861] DEBUG: Player inventory changed. Items: 15
[18:52:41.862] DEBUG: LoadInventory: Successfully deserialized inventory with 15 items
[18:52:41.862] DEBUG: LoadInventory: After loading: Organic Matter x30 (ID: resource_organic_matter)
[18:52:41.862] DEBUG: LoadInventory: After loading: Metal Ore x20 (ID: resource_metal_ore)
[18:52:41.862] DEBUG: LoadInventory: After loading: Crystal x15 (ID: resource_crystal)
[18:52:41.863] DEBUG: LoadInventory: After loading: AntiMetal Ore x20 (ID: resource_antimetal_ore)
[18:52:41.863] DEBUG: LoadInventory: After loading: Metal Ore x11 (ID: resource_metal_ore)
[18:52:41.863] DEBUG: LoadInventory: After loading: AntiMetal Ore x1 (ID: resource_antimetal_ore)
[18:52:41.864] DEBUG: LoadInventory: After loading: Organic Matter x5 (ID: resource_organic_matter)
[18:52:41.867] DEBUG: Player respawned at starting module
[18:52:42.249] DEBUG: Container 'StorageContainer' inventory changed
[18:52:42.249] DEBUG: Container 'StorageContainer' inventory changed
[18:52:42.249] DEBUG: Container 'StorageContainer' force-updated UI
[18:52:42.251] DEBUG: All icon sizes updated in container UI
[18:52:42.251] DEBUG: Container 'StorageContainer' deferred UI update completed
[18:52:44.536] DEBUG: Starting teleportation to world
[18:52:44.537] DEBUG: Player inventory saved. Items count: 15
[18:52:44.537] DEBUG: Player inventory saved before teleportation to world
[18:52:45.535] DEBUG: Completing teleportation to world
[18:52:45.536] DEBUG: Player position loaded: (90.87576, 340.72958)
[18:52:45.537] DEBUG: Teleport destination saved: (90.87576, 340.72958)
[18:52:45.537] DEBUG: Player position loaded: (90.87576, 340.72958)
[18:52:45.599] ERROR: InventoryUI: Player not found
[18:52:45.603] DEBUG: InteractionSystem found via exported path
[18:52:45.604] ERROR: InteractionSystem: Player not found
[18:52:45.605] INFO: 📁 File logging system initialized!
[18:52:45.606] INFO: 🚀 LevelGenerator starting up...
[18:52:45.620] DEBUG: AutoSave initialized with interval: 300s, active monitoring: True
[18:52:46.035] DEBUG: Created section at grid (0,0) with biome Forest
[18:52:46.035] DEBUG: Created section at grid (1,0) with biome Ice
[18:52:46.035] DEBUG: Created section at grid (2,0) with biome Anomal
[18:52:46.036] DEBUG: Created section at grid (0,1) with biome Grassland
[18:52:46.036] DEBUG: Created section at grid (1,1) with biome Forest
[18:52:46.036] DEBUG: Created section at grid (2,1) with biome Techno
[18:52:46.037] DEBUG: Created section at grid (0,2) with biome Desert
[18:52:46.037] DEBUG: Created section at grid (1,2) with biome Lava Springs
[18:52:46.037] DEBUG: Created section at grid (2,2) with biome Anomal
[18:52:46.237] INFO: 🗺️ КАРТА: 150x150
[18:52:46.238] DEBUG: Updated DEBUG HUD with corners info: 🎯 УГЛЫ КАРТЫ:
TopLeft: (0, 0) -> (0, 0)
TopRight: (149, 0) -> (2384, 1192)
BottomLeft: (0, 149) -> (-2384, 1192)
BottomRight: (149, 149) -> (0, 2384)
[18:52:46.251] INFO: 🎯 ИГРОК: TopRight (107, 19) -> (1408, 1008)
[18:52:46.252] DEBUG: Camera following player at (1408, 1008)
[18:52:46.254] ERROR: Selected section at (0, 2) has no spawn position!
[18:52:46.255] ERROR: ❌ CRITICAL: Multi-section spawn position is ZERO! Using emergency fallback!
[19:12:19.409] DEBUG: Saved play time: 00:19:38
