[20:01:59.407] 🚀 ========== SATELLITE GAME LOG SESSION STARTED ==========
[20:01:59.412] 📅 Date: 2025-08-12 20:01:59
[20:01:59.413] 🎮 Godot Version: { "major": 4, "minor": 4, "patch": 0, "hex": 263168, "status": "stable", "build": "official", "hash": "4c311cbee68c0b66ff8ebb8b0defdd9979dd2a41", "timestamp": 0, "string": "4.4-stable (official)" }
[20:01:59.414] 💻 Platform: Windows
[20:01:59.414] 🚀 =========================================================
[20:01:59.414] 
[20:01:59.414] DEBUG: SaveManager initialized, save path: C:/Users/koval/AppData/Roaming/Godot/app_userdata/Satellite\saves\game_save.json
[20:01:59.422] DEBUG: GameTimer initialized. Total play time: 00:00:00
[20:01:59.426] DEBUG: Continue button state updated: enabled
[20:01:59.426] DEBUG: Main menu initialized
[20:02:00.127] DEBUG: Continue button pressed
[20:02:00.144] DEBUG: Direct load completed successfully
[20:02:00.148] DEBUG: Game loaded successfully
[20:02:00.255] DEBUG: Module StartingModule initialized
[20:02:00.256] DEBUG: Found RespawnCapsule at path: RespawnCapsule
[20:02:00.256] DEBUG: Starting module initialized
[20:02:00.258] DEBUG: Created interaction area for module TeleportationModule with radius 150
[20:02:00.264] DEBUG: Teleport UI created
[20:02:00.265] DEBUG: Module TeleportationModule initialized
[20:02:00.265] DEBUG: Teleportation module initialized
[20:02:00.266] DEBUG: Station teleporter initialized
[20:02:00.267] DEBUG: Module StorageModule initialized
[20:02:00.275] DEBUG: Container 'StorageContainer' inventory changed
[20:02:00.276] DEBUG: Container 'StorageContainer' inventory changed
[20:02:00.277] DEBUG: Container 'StorageContainer' force-updated UI
[20:02:00.277] DEBUG: Module StorageModule2 initialized
[20:02:00.278] DEBUG: Container 'StorageContainer' inventory changed
[20:02:00.282] DEBUG: Container 'StorageContainer' inventory changed
[20:02:00.282] DEBUG: Container 'StorageContainer' force-updated UI
[20:02:00.287] ERROR: InventoryUI: Player not found
[20:02:00.294] DEBUG: ItemTooltip initialized
[20:02:00.301] DEBUG: InventoryContextMenu initialized
[20:02:00.301] DEBUG: Signal handlers are connected to context menu
[20:02:00.302] DEBUG: InventoryContextMenu created successfully
[20:02:00.304] DEBUG: DEBUG HUD for corner coordinates created
[20:02:00.305] ERROR: UIManager: InteractionSystem not found!
[20:02:00.306] DEBUG: UIManager initialized
[20:02:00.308] DEBUG: ItemTooltip created successfully for ContainerUI
[20:02:00.309] DEBUG: InventoryContextMenu created successfully for ContainerUI
[20:02:00.313] DEBUG: AutoSave initialized with interval: 300s, active monitoring: True
[20:02:00.316] DEBUG: ForceSaveSystem initialized
[20:02:00.320] DEBUG: Found TeleporterSpawnPoint at path: TeleporterSpawnPoint
[20:02:00.351] DEBUG: Camera following player at (565, 217)
[20:02:00.352] DEBUG: LoadInventory: Last inventory save time: 12/08/2025 20:02:00
[20:02:00.352] DEBUG: LoadInventory: Found saved inventory data, loading...
[20:02:00.353] DEBUG: LoadInventory: Found 15 items in saved inventory
[20:02:00.353] DEBUG: LoadInventory: Item: Organic Matter x30 (ID: resource_organic_matter)
[20:02:00.353] DEBUG: LoadInventory: Item: Metal Ore x20 (ID: resource_metal_ore)
[20:02:00.354] DEBUG: LoadInventory: Item: Crystal x15 (ID: resource_crystal)
[20:02:00.354] DEBUG: LoadInventory: Item: AntiMetal Ore x20 (ID: resource_antimetal_ore)
[20:02:00.354] DEBUG: LoadInventory: Item: Metal Ore x11 (ID: resource_metal_ore)
[20:02:00.354] DEBUG: LoadInventory: Item: AntiMetal Ore x1 (ID: resource_antimetal_ore)
[20:02:00.355] DEBUG: LoadInventory: Item: Organic Matter x5 (ID: resource_organic_matter)
[20:02:00.355] DEBUG: Player inventory changed. Items: 0
[20:02:00.355] DEBUG: Player inventory changed. Items: 15
[20:02:00.356] DEBUG: LoadInventory: Successfully deserialized inventory with 15 items
[20:02:00.356] DEBUG: LoadInventory: After loading: Organic Matter x30 (ID: resource_organic_matter)
[20:02:00.356] DEBUG: LoadInventory: After loading: Metal Ore x20 (ID: resource_metal_ore)
[20:02:00.357] DEBUG: LoadInventory: After loading: Crystal x15 (ID: resource_crystal)
[20:02:00.357] DEBUG: LoadInventory: After loading: AntiMetal Ore x20 (ID: resource_antimetal_ore)
[20:02:00.357] DEBUG: LoadInventory: After loading: Metal Ore x11 (ID: resource_metal_ore)
[20:02:00.357] DEBUG: LoadInventory: After loading: AntiMetal Ore x1 (ID: resource_antimetal_ore)
[20:02:00.358] DEBUG: LoadInventory: After loading: Organic Matter x5 (ID: resource_organic_matter)
[20:02:00.361] DEBUG: Player respawned at starting module
[20:02:00.745] DEBUG: Container 'StorageContainer' inventory changed
[20:02:00.745] DEBUG: Container 'StorageContainer' inventory changed
[20:02:00.745] DEBUG: Container 'StorageContainer' force-updated UI
[20:02:00.746] DEBUG: All icon sizes updated in container UI
[20:02:00.747] DEBUG: Container 'StorageContainer' deferred UI update completed
[20:02:02.897] DEBUG: Starting teleportation to world
[20:02:02.898] DEBUG: Player inventory saved. Items count: 15
[20:02:02.898] DEBUG: Player inventory saved before teleportation to world
[20:02:03.897] DEBUG: Completing teleportation to world
[20:02:03.898] DEBUG: Player position loaded: (88.06052, 328.8038)
[20:02:03.898] DEBUG: Teleport destination saved: (88.06052, 328.8038)
[20:02:03.899] DEBUG: Player position loaded: (88.06052, 328.8038)
[20:02:03.964] ERROR: InventoryUI: Player not found
[20:02:03.968] DEBUG: InteractionSystem found via exported path
[20:02:03.969] ERROR: InteractionSystem: Player not found
[20:02:03.970] INFO: 📁 File logging system initialized!
[20:02:03.970] INFO: 🚀 LevelGenerator starting up...
[20:02:03.984] DEBUG: AutoSave initialized with interval: 300s, active monitoring: True
[20:02:04.380] DEBUG: Created section at grid (0,0) with biome Forest
[20:02:04.380] DEBUG: Created section at grid (1,0) with biome Techno
[20:02:04.381] DEBUG: Created section at grid (2,0) with biome Desert
[20:02:04.381] DEBUG: Created section at grid (0,1) with biome Grassland
[20:02:04.381] DEBUG: Created section at grid (1,1) with biome Grassland
[20:02:04.382] DEBUG: Created section at grid (2,1) with biome Anomal
[20:02:04.382] DEBUG: Created section at grid (0,2) with biome Ice
[20:02:04.382] DEBUG: Created section at grid (1,2) with biome Anomal
[20:02:04.382] DEBUG: Created section at grid (2,2) with biome Techno
[20:02:04.612] INFO: 🗺️ КАРТА: 150x150
[20:02:04.613] DEBUG: Updated DEBUG HUD with corners info: 🎯 УГЛЫ КАРТЫ:
TopLeft: (0, 0) -> (0, 0)
TopRight: (149, 0) -> (2384, 1192)
BottomLeft: (0, 149) -> (-2384, 1192)
BottomRight: (149, 149) -> (0, 2384)
[20:02:04.622] ERROR: 🚨 NO VALID SPAWN CORNERS FOUND! This should not happen!
[20:02:04.624] ERROR: 🚨 No valid corner spawns found! Activating EMERGENCY spawn system!
[20:02:04.626] INFO: 🆘 EMERGENCY spawn found at tile (75, 74) -> world (16, 1192)
[20:02:04.627] DEBUG: Camera following player at (16, 1192)
[20:02:04.631] ERROR: Selected section at (1, 1) has no spawn position!
[20:02:04.632] ERROR: ❌ CRITICAL: Multi-section spawn position is ZERO! Using emergency fallback!
[20:02:18.906] DEBUG: Saved play time: 00:00:19
