[17:50:01.063] 🚀 ========== SATELLITE GAME LOG SESSION STARTED ==========
[17:50:01.068] 📅 Date: 2025-08-12 17:50:01
[17:50:01.068] 🎮 Godot Version: { "major": 4, "minor": 4, "patch": 0, "hex": 263168, "status": "stable", "build": "official", "hash": "4c311cbee68c0b66ff8ebb8b0defdd9979dd2a41", "timestamp": 0, "string": "4.4-stable (official)" }
[17:50:01.069] 💻 Platform: Windows
[17:50:01.069] 🚀 =========================================================
[17:50:01.069] 
[17:50:01.070] DEBUG: SaveManager initialized, save path: C:/Users/koval/AppData/Roaming/Godot/app_userdata/Satellite\saves\game_save.json
[17:50:01.072] DEBUG: GameTimer initialized. Total play time: 00:00:00
[17:50:01.076] DEBUG: Continue button state updated: enabled
[17:50:01.076] DEBUG: Main menu initialized
[17:50:01.907] DEBUG: Continue button pressed
[17:50:01.924] DEBUG: Direct load completed successfully
[17:50:01.928] DEBUG: Game loaded successfully
[17:50:02.037] DEBUG: Module StartingModule initialized
[17:50:02.038] DEBUG: Found RespawnCapsule at path: RespawnCapsule
[17:50:02.038] DEBUG: Starting module initialized
[17:50:02.040] DEBUG: Created interaction area for module TeleportationModule with radius 150
[17:50:02.047] DEBUG: Teleport UI created
[17:50:02.047] DEBUG: Module TeleportationModule initialized
[17:50:02.047] DEBUG: Teleportation module initialized
[17:50:02.048] DEBUG: Station teleporter initialized
[17:50:02.049] DEBUG: Module StorageModule initialized
[17:50:02.057] DEBUG: Container 'StorageContainer' inventory changed
[17:50:02.058] DEBUG: Container 'StorageContainer' inventory changed
[17:50:02.059] DEBUG: Container 'StorageContainer' force-updated UI
[17:50:02.060] DEBUG: Module StorageModule2 initialized
[17:50:02.061] DEBUG: Container 'StorageContainer' inventory changed
[17:50:02.064] DEBUG: Container 'StorageContainer' inventory changed
[17:50:02.065] DEBUG: Container 'StorageContainer' force-updated UI
[17:50:02.070] ERROR: InventoryUI: Player not found
[17:50:02.077] DEBUG: ItemTooltip initialized
[17:50:02.082] DEBUG: InventoryContextMenu initialized
[17:50:02.082] DEBUG: Signal handlers are connected to context menu
[17:50:02.082] DEBUG: InventoryContextMenu created successfully
[17:50:02.084] DEBUG: DEBUG HUD for corner coordinates created
[17:50:02.086] ERROR: UIManager: InteractionSystem not found!
[17:50:02.086] DEBUG: UIManager initialized
[17:50:02.088] DEBUG: ItemTooltip created successfully for ContainerUI
[17:50:02.089] DEBUG: InventoryContextMenu created successfully for ContainerUI
[17:50:02.093] DEBUG: AutoSave initialized with interval: 300s, active monitoring: True
[17:50:02.096] DEBUG: ForceSaveSystem initialized
[17:50:02.100] DEBUG: Found TeleporterSpawnPoint at path: TeleporterSpawnPoint
[17:50:02.131] DEBUG: Camera following player at (565, 217)
[17:50:02.132] DEBUG: LoadInventory: Last inventory save time: 12/08/2025 17:50:01
[17:50:02.133] DEBUG: LoadInventory: Found saved inventory data, loading...
[17:50:02.133] DEBUG: LoadInventory: Found 15 items in saved inventory
[17:50:02.133] DEBUG: LoadInventory: Item: Organic Matter x30 (ID: resource_organic_matter)
[17:50:02.134] DEBUG: LoadInventory: Item: Metal Ore x20 (ID: resource_metal_ore)
[17:50:02.134] DEBUG: LoadInventory: Item: Crystal x15 (ID: resource_crystal)
[17:50:02.134] DEBUG: LoadInventory: Item: AntiMetal Ore x20 (ID: resource_antimetal_ore)
[17:50:02.135] DEBUG: LoadInventory: Item: Metal Ore x11 (ID: resource_metal_ore)
[17:50:02.135] DEBUG: LoadInventory: Item: AntiMetal Ore x1 (ID: resource_antimetal_ore)
[17:50:02.135] DEBUG: LoadInventory: Item: Organic Matter x5 (ID: resource_organic_matter)
[17:50:02.136] DEBUG: Player inventory changed. Items: 0
[17:50:02.136] DEBUG: Player inventory changed. Items: 15
[17:50:02.136] DEBUG: LoadInventory: Successfully deserialized inventory with 15 items
[17:50:02.137] DEBUG: LoadInventory: After loading: Organic Matter x30 (ID: resource_organic_matter)
[17:50:02.137] DEBUG: LoadInventory: After loading: Metal Ore x20 (ID: resource_metal_ore)
[17:50:02.137] DEBUG: LoadInventory: After loading: Crystal x15 (ID: resource_crystal)
[17:50:02.138] DEBUG: LoadInventory: After loading: AntiMetal Ore x20 (ID: resource_antimetal_ore)
[17:50:02.138] DEBUG: LoadInventory: After loading: Metal Ore x11 (ID: resource_metal_ore)
[17:50:02.138] DEBUG: LoadInventory: After loading: AntiMetal Ore x1 (ID: resource_antimetal_ore)
[17:50:02.138] DEBUG: LoadInventory: After loading: Organic Matter x5 (ID: resource_organic_matter)
[17:50:02.141] DEBUG: Player respawned at starting module
[17:50:02.523] DEBUG: Container 'StorageContainer' inventory changed
[17:50:02.524] DEBUG: Container 'StorageContainer' inventory changed
[17:50:02.524] DEBUG: Container 'StorageContainer' force-updated UI
[17:50:02.525] DEBUG: All icon sizes updated in container UI
[17:50:02.525] DEBUG: Container 'StorageContainer' deferred UI update completed
[17:50:05.198] DEBUG: Starting teleportation to world
[17:50:05.198] DEBUG: Player inventory saved. Items count: 15
[17:50:05.199] DEBUG: Player inventory saved before teleportation to world
[17:50:06.192] DEBUG: Completing teleportation to world
[17:50:06.193] DEBUG: Player position loaded: (85.616875, 346.69247)
[17:50:06.193] DEBUG: Teleport destination saved: (85.616875, 346.69247)
[17:50:06.194] DEBUG: Player position loaded: (85.616875, 346.69247)
[17:50:06.248] ERROR: InventoryUI: Player not found
[17:50:06.252] DEBUG: InteractionSystem found via exported path
[17:50:06.253] ERROR: InteractionSystem: Player not found
[17:50:06.254] INFO: 📁 File logging system initialized!
[17:50:06.254] INFO: 🚀 LevelGenerator starting up...
[17:50:06.268] DEBUG: AutoSave initialized with interval: 300s, active monitoring: True
[17:50:06.693] DEBUG: Created section at grid (0,0) with biome Ice
[17:50:06.693] DEBUG: Created section at grid (1,0) with biome Desert
[17:50:06.693] DEBUG: Created section at grid (2,0) with biome Anomal
[17:50:06.694] DEBUG: Created section at grid (0,1) with biome Anomal
[17:50:06.694] DEBUG: Created section at grid (1,1) with biome Desert
[17:50:06.694] DEBUG: Created section at grid (2,1) with biome Anomal
[17:50:06.695] DEBUG: Created section at grid (0,2) with biome Anomal
[17:50:06.695] DEBUG: Created section at grid (1,2) with biome Lava Springs
[17:50:06.696] DEBUG: Created section at grid (2,2) with biome Techno
[17:50:06.931] INFO: 🗺️ КАРТА: 150x150
[17:50:06.932] DEBUG: Updated DEBUG HUD with corners info: 🎯 УГЛЫ КАРТЫ:
TopLeft: (0, 0) -> (0, 0)
TopRight: (149, 0) -> (2384, 1192)
BottomLeft: (0, 149) -> (-2384, 1192)
BottomRight: (149, 149) -> (0, 2384)
[17:50:07.148] INFO: 🎯 РЕСУРСЫ: 450 размещено
[17:50:07.161] INFO: 📦 КОНТЕЙНЕРЫ: 73 размещено
[17:50:07.171] INFO: 🎯 ИГРОК: BottomRight (107, 107) -> (0, 1712)
[17:50:07.172] DEBUG: Camera following player at (0, 1712)
[17:50:07.174] ERROR: Selected section at (0, 2) has no spawn position!
[17:50:07.175] ERROR: ❌ CRITICAL: Multi-section spawn position is ZERO! Using emergency fallback!
[17:50:18.277] DEBUG: Saved play time: 00:00:17
