[18:14:18.668] 🚀 ========== SATELLITE GAME LOG SESSION STARTED ==========
[18:14:18.673] 📅 Date: 2025-08-12 18:14:18
[18:14:18.673] 🎮 Godot Version: { "major": 4, "minor": 4, "patch": 0, "hex": 263168, "status": "stable", "build": "official", "hash": "4c311cbee68c0b66ff8ebb8b0defdd9979dd2a41", "timestamp": 0, "string": "4.4-stable (official)" }
[18:14:18.674] 💻 Platform: Windows
[18:14:18.674] 🚀 =========================================================
[18:14:18.674] 
[18:14:18.675] DEBUG: SaveManager initialized, save path: C:/Users/koval/AppData/Roaming/Godot/app_userdata/Satellite\saves\game_save.json
[18:14:18.687] DEBUG: GameTimer initialized. Total play time: 00:00:00
[18:14:18.691] DEBUG: Continue button state updated: enabled
[18:14:18.692] DEBUG: Main menu initialized
[18:14:19.469] DEBUG: Continue button pressed
[18:14:19.487] DEBUG: Direct load completed successfully
[18:14:19.491] DEBUG: Game loaded successfully
[18:14:19.607] DEBUG: Module StartingModule initialized
[18:14:19.608] DEBUG: Found RespawnCapsule at path: RespawnCapsule
[18:14:19.608] DEBUG: Starting module initialized
[18:14:19.610] DEBUG: Created interaction area for module TeleportationModule with radius 150
[18:14:19.617] DEBUG: Teleport UI created
[18:14:19.618] DEBUG: Module TeleportationModule initialized
[18:14:19.618] DEBUG: Teleportation module initialized
[18:14:19.620] DEBUG: Station teleporter initialized
[18:14:19.620] DEBUG: Module StorageModule initialized
[18:14:19.628] DEBUG: Container 'StorageContainer' inventory changed
[18:14:19.629] DEBUG: Container 'StorageContainer' inventory changed
[18:14:19.630] DEBUG: Container 'StorageContainer' force-updated UI
[18:14:19.631] DEBUG: Module StorageModule2 initialized
[18:14:19.632] DEBUG: Container 'StorageContainer' inventory changed
[18:14:19.636] DEBUG: Container 'StorageContainer' inventory changed
[18:14:19.637] DEBUG: Container 'StorageContainer' force-updated UI
[18:14:19.643] ERROR: InventoryUI: Player not found
[18:14:19.649] DEBUG: ItemTooltip initialized
[18:14:19.655] DEBUG: InventoryContextMenu initialized
[18:14:19.655] DEBUG: Signal handlers are connected to context menu
[18:14:19.655] DEBUG: InventoryContextMenu created successfully
[18:14:19.657] DEBUG: DEBUG HUD for corner coordinates created
[18:14:19.659] ERROR: UIManager: InteractionSystem not found!
[18:14:19.659] DEBUG: UIManager initialized
[18:14:19.661] DEBUG: ItemTooltip created successfully for ContainerUI
[18:14:19.662] DEBUG: InventoryContextMenu created successfully for ContainerUI
[18:14:19.666] DEBUG: AutoSave initialized with interval: 300s, active monitoring: True
[18:14:19.670] DEBUG: ForceSaveSystem initialized
[18:14:19.674] DEBUG: Found TeleporterSpawnPoint at path: TeleporterSpawnPoint
[18:14:19.691] DEBUG: Camera following player at (565, 217)
[18:14:19.692] DEBUG: LoadInventory: Last inventory save time: 12/08/2025 18:14:19
[18:14:19.693] DEBUG: LoadInventory: Found saved inventory data, loading...
[18:14:19.693] DEBUG: LoadInventory: Found 15 items in saved inventory
[18:14:19.693] DEBUG: LoadInventory: Item: Organic Matter x30 (ID: resource_organic_matter)
[18:14:19.693] DEBUG: LoadInventory: Item: Metal Ore x20 (ID: resource_metal_ore)
[18:14:19.694] DEBUG: LoadInventory: Item: Crystal x15 (ID: resource_crystal)
[18:14:19.694] DEBUG: LoadInventory: Item: AntiMetal Ore x20 (ID: resource_antimetal_ore)
[18:14:19.694] DEBUG: LoadInventory: Item: Metal Ore x11 (ID: resource_metal_ore)
[18:14:19.695] DEBUG: LoadInventory: Item: AntiMetal Ore x1 (ID: resource_antimetal_ore)
[18:14:19.695] DEBUG: LoadInventory: Item: Organic Matter x5 (ID: resource_organic_matter)
[18:14:19.696] DEBUG: Player inventory changed. Items: 0
[18:14:19.696] DEBUG: Player inventory changed. Items: 15
[18:14:19.696] DEBUG: LoadInventory: Successfully deserialized inventory with 15 items
[18:14:19.696] DEBUG: LoadInventory: After loading: Organic Matter x30 (ID: resource_organic_matter)
[18:14:19.697] DEBUG: LoadInventory: After loading: Metal Ore x20 (ID: resource_metal_ore)
[18:14:19.697] DEBUG: LoadInventory: After loading: Crystal x15 (ID: resource_crystal)
[18:14:19.697] DEBUG: LoadInventory: After loading: AntiMetal Ore x20 (ID: resource_antimetal_ore)
[18:14:19.698] DEBUG: LoadInventory: After loading: Metal Ore x11 (ID: resource_metal_ore)
[18:14:19.698] DEBUG: LoadInventory: After loading: AntiMetal Ore x1 (ID: resource_antimetal_ore)
[18:14:19.698] DEBUG: LoadInventory: After loading: Organic Matter x5 (ID: resource_organic_matter)
[18:14:19.702] DEBUG: Player respawned at starting module
[18:14:20.102] DEBUG: Container 'StorageContainer' inventory changed
[18:14:20.102] DEBUG: Container 'StorageContainer' inventory changed
[18:14:20.103] DEBUG: Container 'StorageContainer' force-updated UI
[18:14:20.104] DEBUG: All icon sizes updated in container UI
[18:14:20.104] DEBUG: Container 'StorageContainer' deferred UI update completed
[18:14:22.238] DEBUG: Starting teleportation to world
[18:14:22.239] DEBUG: Player inventory saved. Items count: 15
[18:14:22.239] DEBUG: Player inventory saved before teleportation to world
[18:14:23.237] DEBUG: Completing teleportation to world
[18:14:23.238] DEBUG: Player position loaded: (73.007126, 344.49796)
[18:14:23.238] DEBUG: Teleport destination saved: (73.007126, 344.49796)
[18:14:23.239] DEBUG: Player position loaded: (73.007126, 344.49796)
[18:14:23.302] ERROR: InventoryUI: Player not found
[18:14:23.307] DEBUG: InteractionSystem found via exported path
[18:14:23.308] ERROR: InteractionSystem: Player not found
[18:14:23.309] INFO: 📁 File logging system initialized!
[18:14:23.309] INFO: 🚀 LevelGenerator starting up...
[18:14:23.323] DEBUG: AutoSave initialized with interval: 300s, active monitoring: True
[18:14:23.737] DEBUG: Created section at grid (0,0) with biome Grassland
[18:14:23.737] DEBUG: Created section at grid (1,0) with biome Ice
[18:14:23.738] DEBUG: Created section at grid (2,0) with biome Techno
[18:14:23.738] DEBUG: Created section at grid (0,1) with biome Forest
[18:14:23.739] DEBUG: Created section at grid (1,1) with biome Ice
[18:14:23.739] DEBUG: Created section at grid (2,1) with biome Desert
[18:14:23.739] DEBUG: Created section at grid (0,2) with biome Ice
[18:14:23.740] DEBUG: Created section at grid (1,2) with biome Techno
[18:14:23.740] DEBUG: Created section at grid (2,2) with biome Ice
[18:14:23.871] INFO: 🗺️ КАРТА: 150x150
[18:14:23.872] DEBUG: Updated DEBUG HUD with corners info: 🎯 УГЛЫ КАРТЫ:
TopLeft: (0, 0) -> (0, 0)
TopRight: (149, 0) -> (2384, 1192)
BottomLeft: (0, 149) -> (-2384, 1192)
BottomRight: (149, 149) -> (0, 2384)
[18:14:24.045] INFO: 🎯 РЕСУРСЫ: 317 размещено
[18:14:24.052] INFO: 📦 КОНТЕЙНЕРЫ: 29 размещено
[18:14:24.061] ERROR: 🚨 NO VALID SPAWN CORNERS FOUND! This should not happen!
[18:14:24.062] ERROR: 🚨 No valid corner spawns found! Activating EMERGENCY spawn system!
[18:14:24.064] INFO: 🆘 EMERGENCY spawn found at tile (73, 73) -> world (0, 1168)
[18:14:24.065] DEBUG: Camera following player at (0, 1168)
[18:14:24.066] ERROR: Selected section at (2, 2) has no spawn position!
[18:14:24.067] ERROR: ❌ CRITICAL: Multi-section spawn position is ZERO! Using emergency fallback!
[18:14:35.066] DEBUG: Saved play time: 00:00:16
