[18:46:26.203] 🚀 ========== SATELLITE GAME LOG SESSION STARTED ==========
[18:46:26.208] 📅 Date: 2025-08-12 18:46:26
[18:46:26.209] 🎮 Godot Version: { "major": 4, "minor": 4, "patch": 0, "hex": 263168, "status": "stable", "build": "official", "hash": "4c311cbee68c0b66ff8ebb8b0defdd9979dd2a41", "timestamp": 0, "string": "4.4-stable (official)" }
[18:46:26.209] 💻 Platform: Windows
[18:46:26.209] 🚀 =========================================================
[18:46:26.209] 
[18:46:26.210] DEBUG: SaveManager initialized, save path: C:/Users/koval/AppData/Roaming/Godot/app_userdata/Satellite\saves\game_save.json
[18:46:26.222] DEBUG: GameTimer initialized. Total play time: 00:00:00
[18:46:26.225] DEBUG: Continue button state updated: enabled
[18:46:26.226] DEBUG: Main menu initialized
[18:46:27.000] DEBUG: Continue button pressed
[18:46:27.018] DEBUG: Direct load completed successfully
[18:46:27.022] DEBUG: Game loaded successfully
[18:46:27.128] DEBUG: Module StartingModule initialized
[18:46:27.128] DEBUG: Found RespawnCapsule at path: RespawnCapsule
[18:46:27.129] DEBUG: Starting module initialized
[18:46:27.131] DEBUG: Created interaction area for module TeleportationModule with radius 150
[18:46:27.138] DEBUG: Teleport UI created
[18:46:27.138] DEBUG: Module TeleportationModule initialized
[18:46:27.139] DEBUG: Teleportation module initialized
[18:46:27.140] DEBUG: Station teleporter initialized
[18:46:27.140] DEBUG: Module StorageModule initialized
[18:46:27.148] DEBUG: Container 'StorageContainer' inventory changed
[18:46:27.149] DEBUG: Container 'StorageContainer' inventory changed
[18:46:27.150] DEBUG: Container 'StorageContainer' force-updated UI
[18:46:27.151] DEBUG: Module StorageModule2 initialized
[18:46:27.151] DEBUG: Container 'StorageContainer' inventory changed
[18:46:27.155] DEBUG: Container 'StorageContainer' inventory changed
[18:46:27.155] DEBUG: Container 'StorageContainer' force-updated UI
[18:46:27.161] ERROR: InventoryUI: Player not found
[18:46:27.167] DEBUG: ItemTooltip initialized
[18:46:27.172] DEBUG: InventoryContextMenu initialized
[18:46:27.173] DEBUG: Signal handlers are connected to context menu
[18:46:27.173] DEBUG: InventoryContextMenu created successfully
[18:46:27.175] DEBUG: DEBUG HUD for corner coordinates created
[18:46:27.176] ERROR: UIManager: InteractionSystem not found!
[18:46:27.177] DEBUG: UIManager initialized
[18:46:27.179] DEBUG: ItemTooltip created successfully for ContainerUI
[18:46:27.180] DEBUG: InventoryContextMenu created successfully for ContainerUI
[18:46:27.184] DEBUG: AutoSave initialized with interval: 300s, active monitoring: True
[18:46:27.186] DEBUG: ForceSaveSystem initialized
[18:46:27.190] DEBUG: Found TeleporterSpawnPoint at path: TeleporterSpawnPoint
[18:46:27.256] DEBUG: Camera following player at (565, 217)
[18:46:27.258] DEBUG: LoadInventory: Last inventory save time: 12/08/2025 18:46:27
[18:46:27.258] DEBUG: LoadInventory: Found saved inventory data, loading...
[18:46:27.259] DEBUG: LoadInventory: Found 15 items in saved inventory
[18:46:27.259] DEBUG: LoadInventory: Item: Organic Matter x30 (ID: resource_organic_matter)
[18:46:27.259] DEBUG: LoadInventory: Item: Metal Ore x20 (ID: resource_metal_ore)
[18:46:27.260] DEBUG: LoadInventory: Item: Crystal x15 (ID: resource_crystal)
[18:46:27.260] DEBUG: LoadInventory: Item: AntiMetal Ore x20 (ID: resource_antimetal_ore)
[18:46:27.260] DEBUG: LoadInventory: Item: Metal Ore x11 (ID: resource_metal_ore)
[18:46:27.261] DEBUG: LoadInventory: Item: AntiMetal Ore x1 (ID: resource_antimetal_ore)
[18:46:27.261] DEBUG: LoadInventory: Item: Organic Matter x5 (ID: resource_organic_matter)
[18:46:27.262] DEBUG: Player inventory changed. Items: 0
[18:46:27.262] DEBUG: Player inventory changed. Items: 15
[18:46:27.262] DEBUG: LoadInventory: Successfully deserialized inventory with 15 items
[18:46:27.263] DEBUG: LoadInventory: After loading: Organic Matter x30 (ID: resource_organic_matter)
[18:46:27.263] DEBUG: LoadInventory: After loading: Metal Ore x20 (ID: resource_metal_ore)
[18:46:27.263] DEBUG: LoadInventory: After loading: Crystal x15 (ID: resource_crystal)
[18:46:27.264] DEBUG: LoadInventory: After loading: AntiMetal Ore x20 (ID: resource_antimetal_ore)
[18:46:27.264] DEBUG: LoadInventory: After loading: Metal Ore x11 (ID: resource_metal_ore)
[18:46:27.264] DEBUG: LoadInventory: After loading: AntiMetal Ore x1 (ID: resource_antimetal_ore)
[18:46:27.265] DEBUG: LoadInventory: After loading: Organic Matter x5 (ID: resource_organic_matter)
[18:46:27.269] DEBUG: Player respawned at starting module
[18:46:27.633] DEBUG: Container 'StorageContainer' inventory changed
[18:46:27.634] DEBUG: Container 'StorageContainer' inventory changed
[18:46:27.634] DEBUG: Container 'StorageContainer' force-updated UI
[18:46:27.635] DEBUG: All icon sizes updated in container UI
[18:46:27.635] DEBUG: Container 'StorageContainer' deferred UI update completed
[18:46:30.503] DEBUG: Starting teleportation to world
[18:46:30.503] DEBUG: Player inventory saved. Items count: 15
[18:46:30.503] DEBUG: Player inventory saved before teleportation to world
[18:46:31.502] DEBUG: Completing teleportation to world
[18:46:31.503] DEBUG: Player position loaded: (60.895565, 349.05325)
[18:46:31.503] DEBUG: Teleport destination saved: (60.895565, 349.05325)
[18:46:31.504] DEBUG: Player position loaded: (60.895565, 349.05325)
[18:46:31.565] ERROR: InventoryUI: Player not found
[18:46:31.569] DEBUG: InteractionSystem found via exported path
[18:46:31.570] ERROR: InteractionSystem: Player not found
[18:46:31.571] INFO: 📁 File logging system initialized!
[18:46:31.571] INFO: 🚀 LevelGenerator starting up...
[18:46:31.586] DEBUG: AutoSave initialized with interval: 300s, active monitoring: True
[18:46:32.002] DEBUG: Created section at grid (0,0) with biome Forest
[18:46:32.003] DEBUG: Created section at grid (1,0) with biome Ice
[18:46:32.003] DEBUG: Created section at grid (2,0) with biome Techno
[18:46:32.003] DEBUG: Created section at grid (0,1) with biome Forest
[18:46:32.004] DEBUG: Created section at grid (1,1) with biome Desert
[18:46:32.004] DEBUG: Created section at grid (2,1) with biome Anomal
[18:46:32.005] DEBUG: Created section at grid (0,2) with biome Anomal
[18:46:32.005] DEBUG: Created section at grid (1,2) with biome Forest
[18:46:32.005] DEBUG: Created section at grid (2,2) with biome Forest
[18:46:32.239] INFO: 🗺️ КАРТА: 150x150
[18:46:32.240] DEBUG: Updated DEBUG HUD with corners info: 🎯 УГЛЫ КАРТЫ:
TopLeft: (0, 0) -> (0, 0)
TopRight: (149, 0) -> (2384, 1192)
BottomLeft: (0, 149) -> (-2384, 1192)
BottomRight: (149, 149) -> (0, 2384)
[18:46:32.250] INFO: 🎯 ИГРОК: BottomRight (107, 120) -> (-208, 1816)
[18:46:32.251] DEBUG: Camera following player at (-208, 1816)
[18:46:32.253] ERROR: Selected section at (2, 0) has no spawn position!
[18:46:32.254] ERROR: ❌ CRITICAL: Multi-section spawn position is ZERO! Using emergency fallback!
[18:47:22.262] DEBUG: Saved play time: 00:00:56
