[20:42:16.177] 🚀 ========== SATELLITE GAME LOG SESSION STARTED ==========
[20:42:16.181] 📅 Date: 2025-08-12 20:42:16
[20:42:16.182] 🎮 Godot Version: { "major": 4, "minor": 4, "patch": 0, "hex": 263168, "status": "stable", "build": "official", "hash": "4c311cbee68c0b66ff8ebb8b0defdd9979dd2a41", "timestamp": 0, "string": "4.4-stable (official)" }
[20:42:16.182] 💻 Platform: Windows
[20:42:16.183] 🚀 =========================================================
[20:42:16.183] 
[20:42:16.183] DEBUG: SaveManager initialized, save path: C:/Users/koval/AppData/Roaming/Godot/app_userdata/Satellite\saves\game_save.json
[20:42:16.186] DEBUG: GameTimer initialized. Total play time: 00:00:00
[20:42:16.189] DEBUG: Continue button state updated: enabled
[20:42:16.190] DEBUG: Main menu initialized
[20:42:16.831] DEBUG: Continue button pressed
[20:42:16.849] DEBUG: Direct load completed successfully
[20:42:16.853] DEBUG: Game loaded successfully
[20:42:16.962] DEBUG: Module StartingModule initialized
[20:42:16.962] DEBUG: Found RespawnCapsule at path: RespawnCapsule
[20:42:16.963] DEBUG: Starting module initialized
[20:42:16.965] DEBUG: Created interaction area for module TeleportationModule with radius 150
[20:42:16.971] DEBUG: Teleport UI created
[20:42:16.972] DEBUG: Module TeleportationModule initialized
[20:42:16.972] DEBUG: Teleportation module initialized
[20:42:16.973] DEBUG: Station teleporter initialized
[20:42:16.974] DEBUG: Module StorageModule initialized
[20:42:16.982] DEBUG: Container 'StorageContainer' inventory changed
[20:42:16.982] DEBUG: Container 'StorageContainer' inventory changed
[20:42:16.983] DEBUG: Container 'StorageContainer' force-updated UI
[20:42:16.984] DEBUG: Module StorageModule2 initialized
[20:42:16.985] DEBUG: Container 'StorageContainer' inventory changed
[20:42:16.988] DEBUG: Container 'StorageContainer' inventory changed
[20:42:16.989] DEBUG: Container 'StorageContainer' force-updated UI
[20:42:16.995] ERROR: InventoryUI: Player not found
[20:42:17.001] DEBUG: ItemTooltip initialized
[20:42:17.006] DEBUG: InventoryContextMenu initialized
[20:42:17.007] DEBUG: Signal handlers are connected to context menu
[20:42:17.007] DEBUG: InventoryContextMenu created successfully
[20:42:17.009] DEBUG: DEBUG HUD for corner coordinates created
[20:42:17.010] ERROR: UIManager: InteractionSystem not found!
[20:42:17.010] DEBUG: UIManager initialized
[20:42:17.013] DEBUG: ItemTooltip created successfully for ContainerUI
[20:42:17.014] DEBUG: InventoryContextMenu created successfully for ContainerUI
[20:42:17.018] DEBUG: AutoSave initialized with interval: 300s, active monitoring: True
[20:42:17.020] DEBUG: ForceSaveSystem initialized
[20:42:17.024] DEBUG: Found TeleporterSpawnPoint at path: TeleporterSpawnPoint
[20:42:17.070] DEBUG: Camera following player at (565, 217)
[20:42:17.072] DEBUG: LoadInventory: Last inventory save time: 12/08/2025 20:42:16
[20:42:17.072] DEBUG: LoadInventory: Found saved inventory data, loading...
[20:42:17.072] DEBUG: LoadInventory: Found 15 items in saved inventory
[20:42:17.073] DEBUG: LoadInventory: Item: Organic Matter x30 (ID: resource_organic_matter)
[20:42:17.073] DEBUG: LoadInventory: Item: Metal Ore x20 (ID: resource_metal_ore)
[20:42:17.073] DEBUG: LoadInventory: Item: Crystal x15 (ID: resource_crystal)
[20:42:17.073] DEBUG: LoadInventory: Item: AntiMetal Ore x20 (ID: resource_antimetal_ore)
[20:42:17.074] DEBUG: LoadInventory: Item: Metal Ore x11 (ID: resource_metal_ore)
[20:42:17.074] DEBUG: LoadInventory: Item: AntiMetal Ore x1 (ID: resource_antimetal_ore)
[20:42:17.074] DEBUG: LoadInventory: Item: Organic Matter x5 (ID: resource_organic_matter)
[20:42:17.075] DEBUG: Player inventory changed. Items: 0
[20:42:17.075] DEBUG: Player inventory changed. Items: 15
[20:42:17.075] DEBUG: LoadInventory: Successfully deserialized inventory with 15 items
[20:42:17.076] DEBUG: LoadInventory: After loading: Organic Matter x30 (ID: resource_organic_matter)
[20:42:17.076] DEBUG: LoadInventory: After loading: Metal Ore x20 (ID: resource_metal_ore)
[20:42:17.076] DEBUG: LoadInventory: After loading: Crystal x15 (ID: resource_crystal)
[20:42:17.077] DEBUG: LoadInventory: After loading: AntiMetal Ore x20 (ID: resource_antimetal_ore)
[20:42:17.077] DEBUG: LoadInventory: After loading: Metal Ore x11 (ID: resource_metal_ore)
[20:42:17.077] DEBUG: LoadInventory: After loading: AntiMetal Ore x1 (ID: resource_antimetal_ore)
[20:42:17.078] DEBUG: LoadInventory: After loading: Organic Matter x5 (ID: resource_organic_matter)
[20:42:17.081] DEBUG: Player respawned at starting module
[20:42:17.464] DEBUG: Container 'StorageContainer' inventory changed
[20:42:17.464] DEBUG: Container 'StorageContainer' inventory changed
[20:42:17.464] DEBUG: Container 'StorageContainer' force-updated UI
[20:42:17.465] DEBUG: All icon sizes updated in container UI
[20:42:17.466] DEBUG: Container 'StorageContainer' deferred UI update completed
[20:42:19.633] DEBUG: Starting teleportation to world
[20:42:19.634] DEBUG: Player inventory saved. Items count: 15
[20:42:19.634] DEBUG: Player inventory saved before teleportation to world
[20:42:20.633] DEBUG: Completing teleportation to world
[20:42:20.634] DEBUG: Player position loaded: (115.61659, 346.69247)
[20:42:20.634] DEBUG: Teleport destination saved: (115.61659, 346.69247)
[20:42:20.635] DEBUG: Player position loaded: (115.61659, 346.69247)
[20:42:20.699] ERROR: InventoryUI: Player not found
[20:42:20.703] DEBUG: InteractionSystem found via exported path
[20:42:20.704] ERROR: InteractionSystem: Player not found
[20:42:20.705] INFO: 📁 File logging system initialized!
[20:42:20.705] INFO: 🚀 LevelGenerator starting up...
[20:42:20.720] DEBUG: AutoSave initialized with interval: 300s, active monitoring: True
[20:42:21.133] DEBUG: Created section at grid (0,0) with biome Desert
[20:42:21.133] DEBUG: Created section at grid (1,0) with biome Ice
[20:42:21.134] DEBUG: Created section at grid (2,0) with biome Forest
[20:42:21.134] DEBUG: Created section at grid (0,1) with biome Desert
[20:42:21.134] DEBUG: Created section at grid (1,1) with biome Techno
[20:42:21.135] DEBUG: Created section at grid (2,1) with biome Lava Springs
[20:42:21.135] DEBUG: Created section at grid (0,2) with biome Ice
[20:42:21.135] DEBUG: Created section at grid (1,2) with biome Desert
[20:42:21.136] DEBUG: Created section at grid (2,2) with biome Forest
[20:42:21.328] INFO: 🗺️ КАРТА: 150x150
[20:42:21.329] DEBUG: Updated DEBUG HUD with corners info: 🎯 УГЛЫ КАРТЫ:
TopLeft: (0, 0) -> (0, 0)
TopRight: (149, 0) -> (2384, 1192)
BottomLeft: (0, 149) -> (-2384, 1192)
BottomRight: (149, 149) -> (0, 2384)
[20:42:21.341] INFO: 🎯 ИГРОК: BottomRight (107, 109) -> (-32, 1728)
[20:42:21.342] DEBUG: Camera following player at (-32, 1728)
[20:42:21.345] ERROR: Selected section at (1, 1) has no spawn position!
[20:42:21.345] ERROR: ❌ CRITICAL: Multi-section spawn position is ZERO! Using emergency fallback!
[20:42:27.358] DEBUG: Created section at grid (0,0) with biome Desert
[20:42:27.358] DEBUG: Created section at grid (1,0) with biome Techno
[20:42:27.359] DEBUG: Created section at grid (2,0) with biome Forest
[20:42:27.359] DEBUG: Created section at grid (0,1) with biome Grassland
[20:42:27.359] DEBUG: Created section at grid (1,1) with biome Ice
[20:42:27.360] DEBUG: Created section at grid (2,1) with biome Grassland
[20:42:27.360] DEBUG: Created section at grid (0,2) with biome Lava Springs
[20:42:27.360] DEBUG: Created section at grid (1,2) with biome Forest
[20:42:27.361] DEBUG: Created section at grid (2,2) with biome Anomal
[20:42:27.475] INFO: 🗺️ КАРТА: 150x150
[20:42:27.475] DEBUG: Updated DEBUG HUD with corners info: 🎯 УГЛЫ КАРТЫ:
TopLeft: (0, 0) -> (0, 0)
TopRight: (149, 0) -> (2384, 1192)
BottomLeft: (0, 149) -> (-2384, 1192)
BottomRight: (149, 149) -> (0, 2384)
[20:42:27.480] ERROR: 🚨 NO VALID SPAWN CORNERS FOUND! This should not happen!
[20:42:27.481] ERROR: 🚨 No valid corner spawns found! Activating EMERGENCY spawn system!
[20:42:27.482] INFO: 🆘 EMERGENCY spawn found at tile (74, 74) -> world (0, 1184)
[20:42:27.482] DEBUG: Camera following player at (0, 1184)
[20:42:27.483] ERROR: Selected section at (0, 0) has no spawn position!
[20:42:27.484] ERROR: ❌ CRITICAL: Multi-section spawn position is ZERO! Using emergency fallback!
[20:42:33.103] DEBUG: Created section at grid (0,0) with biome Grassland
[20:42:33.103] DEBUG: Created section at grid (1,0) with biome Lava Springs
[20:42:33.104] DEBUG: Created section at grid (2,0) with biome Techno
[20:42:33.104] DEBUG: Created section at grid (0,1) with biome Grassland
[20:42:33.104] DEBUG: Created section at grid (1,1) with biome Ice
[20:42:33.105] DEBUG: Created section at grid (2,1) with biome Techno
[20:42:33.105] DEBUG: Created section at grid (0,2) with biome Desert
[20:42:33.105] DEBUG: Created section at grid (1,2) with biome Lava Springs
[20:42:33.106] DEBUG: Created section at grid (2,2) with biome Ice
[20:42:33.216] INFO: 🗺️ КАРТА: 150x150
[20:42:33.216] DEBUG: Updated DEBUG HUD with corners info: 🎯 УГЛЫ КАРТЫ:
TopLeft: (0, 0) -> (0, 0)
TopRight: (149, 0) -> (2384, 1192)
BottomLeft: (0, 149) -> (-2384, 1192)
BottomRight: (149, 149) -> (0, 2384)
[20:42:33.220] ERROR: 🚨 NO VALID SPAWN CORNERS FOUND! This should not happen!
[20:42:33.221] ERROR: 🚨 No valid corner spawns found! Activating EMERGENCY spawn system!
[20:42:33.221] INFO: 🆘 EMERGENCY spawn found at tile (72, 73) -> world (-16, 1160)
[20:42:33.222] DEBUG: Camera following player at (-16, 1160)
[20:42:33.223] ERROR: Selected section at (0, 0) has no spawn position!
[20:42:33.224] ERROR: ❌ CRITICAL: Multi-section spawn position is ZERO! Using emergency fallback!
[20:42:42.935] DEBUG: Created section at grid (0,0) with biome Anomal
[20:42:42.935] DEBUG: Created section at grid (1,0) with biome Anomal
[20:42:42.935] DEBUG: Created section at grid (2,0) with biome Desert
[20:42:42.936] DEBUG: Created section at grid (0,1) with biome Grassland
[20:42:42.936] DEBUG: Created section at grid (1,1) with biome Ice
[20:42:42.936] DEBUG: Created section at grid (2,1) with biome Lava Springs
[20:42:42.937] DEBUG: Created section at grid (0,2) with biome Ice
[20:42:42.937] DEBUG: Created section at grid (1,2) with biome Ice
[20:42:42.937] DEBUG: Created section at grid (2,2) with biome Ice
[20:42:43.044] INFO: 🗺️ КАРТА: 150x150
[20:42:43.044] DEBUG: Updated DEBUG HUD with corners info: 🎯 УГЛЫ КАРТЫ:
TopLeft: (0, 0) -> (0, 0)
TopRight: (149, 0) -> (2384, 1192)
BottomLeft: (0, 149) -> (-2384, 1192)
BottomRight: (149, 149) -> (0, 2384)
[20:42:43.049] INFO: 🎯 ИГРОК: BottomLeft (6, 129) -> (-1968, 1080)
[20:42:43.050] DEBUG: Camera following player at (-1968, 1080)
[20:42:43.051] ERROR: Selected section at (1, 1) has no spawn position!
[20:42:43.052] ERROR: ❌ CRITICAL: Multi-section spawn position is ZERO! Using emergency fallback!
[20:44:30.901] DEBUG: Saved play time: 00:02:14
