[19:30:52.050] 🚀 ========== SATELLITE GAME LOG SESSION STARTED ==========
[19:30:52.056] 📅 Date: 2025-08-12 19:30:52
[19:30:52.057] 🎮 Godot Version: { "major": 4, "minor": 4, "patch": 0, "hex": 263168, "status": "stable", "build": "official", "hash": "4c311cbee68c0b66ff8ebb8b0defdd9979dd2a41", "timestamp": 0, "string": "4.4-stable (official)" }
[19:30:52.057] 💻 Platform: Windows
[19:30:52.057] 🚀 =========================================================
[19:30:52.058] 
[19:30:52.058] DEBUG: SaveManager initialized, save path: C:/Users/koval/AppData/Roaming/Godot/app_userdata/Satellite\saves\game_save.json
[19:30:52.066] DEBUG: GameTimer initialized. Total play time: 00:00:00
[19:30:52.071] DEBUG: Continue button state updated: enabled
[19:30:52.071] DEBUG: Main menu initialized
[19:30:52.448] DEBUG: Continue button pressed
[19:30:52.466] DEBUG: Direct load completed successfully
[19:30:52.470] DEBUG: Game loaded successfully
[19:30:52.578] DEBUG: Module StartingModule initialized
[19:30:52.579] DEBUG: Found RespawnCapsule at path: RespawnCapsule
[19:30:52.579] DEBUG: Starting module initialized
[19:30:52.581] DEBUG: Created interaction area for module TeleportationModule with radius 150
[19:30:52.588] DEBUG: Teleport UI created
[19:30:52.588] DEBUG: Module TeleportationModule initialized
[19:30:52.589] DEBUG: Teleportation module initialized
[19:30:52.590] DEBUG: Station teleporter initialized
[19:30:52.590] DEBUG: Module StorageModule initialized
[19:30:52.598] DEBUG: Container 'StorageContainer' inventory changed
[19:30:52.599] DEBUG: Container 'StorageContainer' inventory changed
[19:30:52.600] DEBUG: Container 'StorageContainer' force-updated UI
[19:30:52.601] DEBUG: Module StorageModule2 initialized
[19:30:52.601] DEBUG: Container 'StorageContainer' inventory changed
[19:30:52.605] DEBUG: Container 'StorageContainer' inventory changed
[19:30:52.605] DEBUG: Container 'StorageContainer' force-updated UI
[19:30:52.611] ERROR: InventoryUI: Player not found
[19:30:52.618] DEBUG: ItemTooltip initialized
[19:30:52.623] DEBUG: InventoryContextMenu initialized
[19:30:52.624] DEBUG: Signal handlers are connected to context menu
[19:30:52.624] DEBUG: InventoryContextMenu created successfully
[19:30:52.626] DEBUG: DEBUG HUD for corner coordinates created
[19:30:52.627] ERROR: UIManager: InteractionSystem not found!
[19:30:52.627] DEBUG: UIManager initialized
[19:30:52.630] DEBUG: ItemTooltip created successfully for ContainerUI
[19:30:52.631] DEBUG: InventoryContextMenu created successfully for ContainerUI
[19:30:52.635] DEBUG: AutoSave initialized with interval: 300s, active monitoring: True
[19:30:52.637] DEBUG: ForceSaveSystem initialized
[19:30:52.641] DEBUG: Found TeleporterSpawnPoint at path: TeleporterSpawnPoint
[19:30:52.687] DEBUG: Camera following player at (565, 217)
[19:30:52.689] DEBUG: LoadInventory: Last inventory save time: 12/08/2025 19:30:52
[19:30:52.689] DEBUG: LoadInventory: Found saved inventory data, loading...
[19:30:52.689] DEBUG: LoadInventory: Found 15 items in saved inventory
[19:30:52.690] DEBUG: LoadInventory: Item: Organic Matter x30 (ID: resource_organic_matter)
[19:30:52.690] DEBUG: LoadInventory: Item: Metal Ore x20 (ID: resource_metal_ore)
[19:30:52.690] DEBUG: LoadInventory: Item: Crystal x15 (ID: resource_crystal)
[19:30:52.690] DEBUG: LoadInventory: Item: AntiMetal Ore x20 (ID: resource_antimetal_ore)
[19:30:52.690] DEBUG: LoadInventory: Item: Metal Ore x11 (ID: resource_metal_ore)
[19:30:52.691] DEBUG: LoadInventory: Item: AntiMetal Ore x1 (ID: resource_antimetal_ore)
[19:30:52.691] DEBUG: LoadInventory: Item: Organic Matter x5 (ID: resource_organic_matter)
[19:30:52.691] DEBUG: Player inventory changed. Items: 0
[19:30:52.692] DEBUG: Player inventory changed. Items: 15
[19:30:52.692] DEBUG: LoadInventory: Successfully deserialized inventory with 15 items
[19:30:52.692] DEBUG: LoadInventory: After loading: Organic Matter x30 (ID: resource_organic_matter)
[19:30:52.692] DEBUG: LoadInventory: After loading: Metal Ore x20 (ID: resource_metal_ore)
[19:30:52.693] DEBUG: LoadInventory: After loading: Crystal x15 (ID: resource_crystal)
[19:30:52.693] DEBUG: LoadInventory: After loading: AntiMetal Ore x20 (ID: resource_antimetal_ore)
[19:30:52.693] DEBUG: LoadInventory: After loading: Metal Ore x11 (ID: resource_metal_ore)
[19:30:52.694] DEBUG: LoadInventory: After loading: AntiMetal Ore x1 (ID: resource_antimetal_ore)
[19:30:52.694] DEBUG: LoadInventory: After loading: Organic Matter x5 (ID: resource_organic_matter)
[19:30:52.697] DEBUG: Player respawned at starting module
[19:30:53.081] DEBUG: Container 'StorageContainer' inventory changed
[19:30:53.081] DEBUG: Container 'StorageContainer' inventory changed
[19:30:53.082] DEBUG: Container 'StorageContainer' force-updated UI
[19:30:53.083] DEBUG: All icon sizes updated in container UI
[19:30:53.083] DEBUG: Container 'StorageContainer' deferred UI update completed
[19:30:55.351] DEBUG: Starting teleportation to world
[19:30:55.351] DEBUG: Player inventory saved. Items count: 15
[19:30:55.352] DEBUG: Player inventory saved before teleportation to world
[19:30:56.351] DEBUG: Completing teleportation to world
[19:30:56.352] DEBUG: Player position loaded: (698.07043, 1725.9628)
[19:30:56.352] DEBUG: Teleport destination saved: (698.07043, 1725.9628)
[19:30:56.352] DEBUG: Player position loaded: (698.07043, 1725.9628)
[19:30:56.416] ERROR: InventoryUI: Player not found
[19:30:56.420] DEBUG: InteractionSystem found via exported path
[19:30:56.421] ERROR: InteractionSystem: Player not found
[19:30:56.422] INFO: 📁 File logging system initialized!
[19:30:56.422] INFO: 🚀 LevelGenerator starting up...
[19:30:56.436] DEBUG: AutoSave initialized with interval: 300s, active monitoring: True
[19:30:56.850] DEBUG: Created section at grid (0,0) with biome Ice
[19:30:56.850] DEBUG: Created section at grid (1,0) with biome Lava Springs
[19:30:56.851] DEBUG: Created section at grid (2,0) with biome Grassland
[19:30:56.851] DEBUG: Created section at grid (0,1) with biome Anomal
[19:30:56.851] DEBUG: Created section at grid (1,1) with biome Forest
[19:30:56.852] DEBUG: Created section at grid (2,1) with biome Desert
[19:30:56.852] DEBUG: Created section at grid (0,2) with biome Ice
[19:30:56.853] DEBUG: Created section at grid (1,2) with biome Grassland
[19:30:56.853] DEBUG: Created section at grid (2,2) with biome Forest
[19:30:57.091] INFO: 🗺️ КАРТА: 150x150
[19:30:57.092] DEBUG: Updated DEBUG HUD with corners info: 🎯 УГЛЫ КАРТЫ:
TopLeft: (0, 0) -> (0, 0)
TopRight: (149, 0) -> (2384, 1192)
BottomLeft: (0, 149) -> (-2384, 1192)
BottomRight: (149, 149) -> (0, 2384)
[19:30:57.101] ERROR: 🚨 NO VALID SPAWN CORNERS FOUND! This should not happen!
[19:30:57.102] ERROR: 🚨 No valid corner spawns found! Activating EMERGENCY spawn system!
[19:30:57.104] INFO: 🆘 EMERGENCY spawn found at tile (74, 77) -> world (-48, 1208)
[19:30:57.105] DEBUG: Camera following player at (-48, 1208)
[19:30:57.107] ERROR: Selected section at (2, 2) has no spawn position!
[19:30:57.108] ERROR: ❌ CRITICAL: Multi-section spawn position is ZERO! Using emergency fallback!
[19:30:59.568] DEBUG: Created section at grid (0,0) with biome Techno
[19:30:59.568] DEBUG: Created section at grid (1,0) with biome Ice
[19:30:59.568] DEBUG: Created section at grid (2,0) with biome Desert
[19:30:59.569] DEBUG: Created section at grid (0,1) with biome Grassland
[19:30:59.569] DEBUG: Created section at grid (1,1) with biome Grassland
[19:30:59.569] DEBUG: Created section at grid (2,1) with biome Forest
[19:30:59.570] DEBUG: Created section at grid (0,2) with biome Ice
[19:30:59.570] DEBUG: Created section at grid (1,2) with biome Grassland
[19:30:59.570] DEBUG: Created section at grid (2,2) with biome Anomal
[19:30:59.664] INFO: 🗺️ КАРТА: 150x150
[19:30:59.665] DEBUG: Updated DEBUG HUD with corners info: 🎯 УГЛЫ КАРТЫ:
TopLeft: (0, 0) -> (0, 0)
TopRight: (149, 0) -> (2384, 1192)
BottomLeft: (0, 149) -> (-2384, 1192)
BottomRight: (149, 149) -> (0, 2384)
[19:30:59.670] ERROR: 🚨 NO VALID SPAWN CORNERS FOUND! This should not happen!
[19:30:59.670] ERROR: 🚨 No valid corner spawns found! Activating EMERGENCY spawn system!
[19:30:59.671] INFO: 🆘 EMERGENCY spawn found at tile (77, 73) -> world (64, 1200)
[19:30:59.671] DEBUG: Camera following player at (64, 1200)
[19:30:59.672] ERROR: Selected section at (0, 2) has no spawn position!
[19:30:59.673] ERROR: ❌ CRITICAL: Multi-section spawn position is ZERO! Using emergency fallback!
[19:31:17.340] DEBUG: Saved play time: 00:00:25
