[18:45:20.828] 🚀 ========== SATELLITE GAME LOG SESSION STARTED ==========
[18:45:20.832] 📅 Date: 2025-08-12 18:45:20
[18:45:20.833] 🎮 Godot Version: { "major": 4, "minor": 4, "patch": 0, "hex": 263168, "status": "stable", "build": "official", "hash": "4c311cbee68c0b66ff8ebb8b0defdd9979dd2a41", "timestamp": 0, "string": "4.4-stable (official)" }
[18:45:20.833] 💻 Platform: Windows
[18:45:20.833] 🚀 =========================================================
[18:45:20.833] 
[18:45:20.834] DEBUG: SaveManager initialized, save path: C:/Users/koval/AppData/Roaming/Godot/app_userdata/Satellite\saves\game_save.json
[18:45:20.846] DEBUG: GameTimer initialized. Total play time: 00:00:00
[18:45:20.850] DEBUG: Continue button state updated: enabled
[18:45:20.851] DEBUG: Main menu initialized
[18:45:21.698] DEBUG: Continue button pressed
[18:45:21.715] DEBUG: Direct load completed successfully
[18:45:21.719] DEBUG: Game loaded successfully
[18:45:21.826] DEBUG: Module StartingModule initialized
[18:45:21.827] DEBUG: Found RespawnCapsule at path: RespawnCapsule
[18:45:21.827] DEBUG: Starting module initialized
[18:45:21.829] DEBUG: Created interaction area for module TeleportationModule with radius 150
[18:45:21.836] DEBUG: Teleport UI created
[18:45:21.836] DEBUG: Module TeleportationModule initialized
[18:45:21.837] DEBUG: Teleportation module initialized
[18:45:21.838] DEBUG: Station teleporter initialized
[18:45:21.838] DEBUG: Module StorageModule initialized
[18:45:21.847] DEBUG: Container 'StorageContainer' inventory changed
[18:45:21.848] DEBUG: Container 'StorageContainer' inventory changed
[18:45:21.849] DEBUG: Container 'StorageContainer' force-updated UI
[18:45:21.850] DEBUG: Module StorageModule2 initialized
[18:45:21.850] DEBUG: Container 'StorageContainer' inventory changed
[18:45:21.854] DEBUG: Container 'StorageContainer' inventory changed
[18:45:21.854] DEBUG: Container 'StorageContainer' force-updated UI
[18:45:21.860] ERROR: InventoryUI: Player not found
[18:45:21.866] DEBUG: ItemTooltip initialized
[18:45:21.873] DEBUG: InventoryContextMenu initialized
[18:45:21.874] DEBUG: Signal handlers are connected to context menu
[18:45:21.874] DEBUG: InventoryContextMenu created successfully
[18:45:21.876] DEBUG: DEBUG HUD for corner coordinates created
[18:45:21.878] ERROR: UIManager: InteractionSystem not found!
[18:45:21.878] DEBUG: UIManager initialized
[18:45:21.881] DEBUG: ItemTooltip created successfully for ContainerUI
[18:45:21.882] DEBUG: InventoryContextMenu created successfully for ContainerUI
[18:45:21.886] DEBUG: AutoSave initialized with interval: 300s, active monitoring: True
[18:45:21.889] DEBUG: ForceSaveSystem initialized
[18:45:21.893] DEBUG: Found TeleporterSpawnPoint at path: TeleporterSpawnPoint
[18:45:21.908] DEBUG: Camera following player at (565, 217)
[18:45:21.910] DEBUG: LoadInventory: Last inventory save time: 12/08/2025 18:45:21
[18:45:21.910] DEBUG: LoadInventory: Found saved inventory data, loading...
[18:45:21.910] DEBUG: LoadInventory: Found 15 items in saved inventory
[18:45:21.911] DEBUG: LoadInventory: Item: Organic Matter x30 (ID: resource_organic_matter)
[18:45:21.911] DEBUG: LoadInventory: Item: Metal Ore x20 (ID: resource_metal_ore)
[18:45:21.911] DEBUG: LoadInventory: Item: Crystal x15 (ID: resource_crystal)
[18:45:21.912] DEBUG: LoadInventory: Item: AntiMetal Ore x20 (ID: resource_antimetal_ore)
[18:45:21.912] DEBUG: LoadInventory: Item: Metal Ore x11 (ID: resource_metal_ore)
[18:45:21.913] DEBUG: LoadInventory: Item: AntiMetal Ore x1 (ID: resource_antimetal_ore)
[18:45:21.913] DEBUG: LoadInventory: Item: Organic Matter x5 (ID: resource_organic_matter)
[18:45:21.913] DEBUG: Player inventory changed. Items: 0
[18:45:21.914] DEBUG: Player inventory changed. Items: 15
[18:45:21.914] DEBUG: LoadInventory: Successfully deserialized inventory with 15 items
[18:45:21.914] DEBUG: LoadInventory: After loading: Organic Matter x30 (ID: resource_organic_matter)
[18:45:21.915] DEBUG: LoadInventory: After loading: Metal Ore x20 (ID: resource_metal_ore)
[18:45:21.915] DEBUG: LoadInventory: After loading: Crystal x15 (ID: resource_crystal)
[18:45:21.915] DEBUG: LoadInventory: After loading: AntiMetal Ore x20 (ID: resource_antimetal_ore)
[18:45:21.916] DEBUG: LoadInventory: After loading: Metal Ore x11 (ID: resource_metal_ore)
[18:45:21.916] DEBUG: LoadInventory: After loading: AntiMetal Ore x1 (ID: resource_antimetal_ore)
[18:45:21.916] DEBUG: LoadInventory: After loading: Organic Matter x5 (ID: resource_organic_matter)
[18:45:21.921] DEBUG: Player respawned at starting module
[18:45:22.331] DEBUG: Container 'StorageContainer' inventory changed
[18:45:22.331] DEBUG: Container 'StorageContainer' inventory changed
[18:45:22.331] DEBUG: Container 'StorageContainer' force-updated UI
[18:45:22.333] DEBUG: All icon sizes updated in container UI
[18:45:22.333] DEBUG: Container 'StorageContainer' deferred UI update completed
[18:45:24.937] DEBUG: Starting teleportation to world
[18:45:24.937] DEBUG: Player inventory saved. Items count: 15
[18:45:24.937] DEBUG: Player inventory saved before teleportation to world
[18:45:25.937] DEBUG: Completing teleportation to world
[18:45:25.938] DEBUG: Player position loaded: (-1716.0391, 1360.7377)
[18:45:25.939] DEBUG: Teleport destination saved: (-1716.0391, 1360.7377)
[18:45:25.939] DEBUG: Player position loaded: (-1716.0391, 1360.7377)
[18:45:26.003] ERROR: InventoryUI: Player not found
[18:45:26.007] DEBUG: InteractionSystem found via exported path
[18:45:26.008] ERROR: InteractionSystem: Player not found
[18:45:26.009] INFO: 📁 File logging system initialized!
[18:45:26.010] INFO: 🚀 LevelGenerator starting up...
[18:45:26.024] DEBUG: AutoSave initialized with interval: 300s, active monitoring: True
[18:45:26.438] DEBUG: Created section at grid (0,0) with biome Anomal
[18:45:26.438] DEBUG: Created section at grid (1,0) with biome Lava Springs
[18:45:26.439] DEBUG: Created section at grid (2,0) with biome Ice
[18:45:26.439] DEBUG: Created section at grid (0,1) with biome Lava Springs
[18:45:26.439] DEBUG: Created section at grid (1,1) with biome Desert
[18:45:26.439] DEBUG: Created section at grid (2,1) with biome Forest
[18:45:26.439] DEBUG: Created section at grid (0,2) with biome Lava Springs
[18:45:26.439] DEBUG: Created section at grid (1,2) with biome Techno
[18:45:26.440] DEBUG: Created section at grid (2,2) with biome Forest
[18:45:26.618] INFO: 🗺️ КАРТА: 150x150
[18:45:26.619] DEBUG: Updated DEBUG HUD with corners info: 🎯 УГЛЫ КАРТЫ:
TopLeft: (0, 0) -> (0, 0)
TopRight: (149, 0) -> (2384, 1192)
BottomLeft: (0, 149) -> (-2384, 1192)
BottomRight: (149, 149) -> (0, 2384)
[18:45:26.632] INFO: 🎯 ИГРОК: BottomRight (107, 115) -> (-128, 1776)
[18:45:26.633] DEBUG: Camera following player at (-128, 1776)
[18:45:26.635] ERROR: Selected section at (0, 0) has no spawn position!
[18:45:26.636] ERROR: ❌ CRITICAL: Multi-section spawn position is ZERO! Using emergency fallback!
[18:45:31.519] DEBUG: Created section at grid (0,0) with biome Anomal
[18:45:31.519] DEBUG: Created section at grid (1,0) with biome Lava Springs
[18:45:31.519] DEBUG: Created section at grid (2,0) with biome Lava Springs
[18:45:31.520] DEBUG: Created section at grid (0,1) with biome Anomal
[18:45:31.520] DEBUG: Created section at grid (1,1) with biome Lava Springs
[18:45:31.520] DEBUG: Created section at grid (2,1) with biome Desert
[18:45:31.521] DEBUG: Created section at grid (0,2) with biome Forest
[18:45:31.521] DEBUG: Created section at grid (1,2) with biome Grassland
[18:45:31.521] DEBUG: Created section at grid (2,2) with biome Desert
[18:45:31.625] INFO: 🗺️ КАРТА: 150x150
[18:45:31.625] DEBUG: Updated DEBUG HUD with corners info: 🎯 УГЛЫ КАРТЫ:
TopLeft: (0, 0) -> (0, 0)
TopRight: (149, 0) -> (2384, 1192)
BottomLeft: (0, 149) -> (-2384, 1192)
BottomRight: (149, 149) -> (0, 2384)
[18:45:31.629] INFO: 🎯 ИГРОК: TopRight (107, 16) -> (1456, 984)
[18:45:31.630] DEBUG: Camera following player at (1456, 984)
[18:45:31.631] ERROR: Selected section at (0, 1) has no spawn position!
[18:45:31.632] ERROR: ❌ CRITICAL: Multi-section spawn position is ZERO! Using emergency fallback!
[18:46:22.826] DEBUG: Saved play time: 00:01:01
