[19:23:16.815] 🚀 ========== SATELLITE GAME LOG SESSION STARTED ==========
[19:23:16.819] 📅 Date: 2025-08-12 19:23:16
[19:23:16.820] 🎮 Godot Version: { "major": 4, "minor": 4, "patch": 0, "hex": 263168, "status": "stable", "build": "official", "hash": "4c311cbee68c0b66ff8ebb8b0defdd9979dd2a41", "timestamp": 0, "string": "4.4-stable (official)" }
[19:23:16.821] 💻 Platform: Windows
[19:23:16.821] 🚀 =========================================================
[19:23:16.821] 
[19:23:16.822] DEBUG: SaveManager initialized, save path: C:/Users/koval/AppData/Roaming/Godot/app_userdata/Satellite\saves\game_save.json
[19:23:16.834] DEBUG: GameTimer initialized. Total play time: 00:00:00
[19:23:16.838] DEBUG: Continue button state updated: enabled
[19:23:16.838] DEBUG: Main menu initialized
[19:23:17.345] DEBUG: Continue button pressed
[19:23:17.363] DEBUG: Direct load completed successfully
[19:23:17.367] DEBUG: Game loaded successfully
[19:23:17.478] DEBUG: Module StartingModule initialized
[19:23:17.481] DEBUG: Found RespawnCapsule at path: RespawnCapsule
[19:23:17.481] DEBUG: Starting module initialized
[19:23:17.485] DEBUG: Created interaction area for module TeleportationModule with radius 150
[19:23:17.493] DEBUG: Teleport UI created
[19:23:17.493] DEBUG: Module TeleportationModule initialized
[19:23:17.494] DEBUG: Teleportation module initialized
[19:23:17.495] DEBUG: Station teleporter initialized
[19:23:17.495] DEBUG: Module StorageModule initialized
[19:23:17.503] DEBUG: Container 'StorageContainer' inventory changed
[19:23:17.504] DEBUG: Container 'StorageContainer' inventory changed
[19:23:17.505] DEBUG: Container 'StorageContainer' force-updated UI
[19:23:17.506] DEBUG: Module StorageModule2 initialized
[19:23:17.506] DEBUG: Container 'StorageContainer' inventory changed
[19:23:17.510] DEBUG: Container 'StorageContainer' inventory changed
[19:23:17.510] DEBUG: Container 'StorageContainer' force-updated UI
[19:23:17.516] ERROR: InventoryUI: Player not found
[19:23:17.523] DEBUG: ItemTooltip initialized
[19:23:17.527] DEBUG: InventoryContextMenu initialized
[19:23:17.528] DEBUG: Signal handlers are connected to context menu
[19:23:17.528] DEBUG: InventoryContextMenu created successfully
[19:23:17.530] DEBUG: DEBUG HUD for corner coordinates created
[19:23:17.531] ERROR: UIManager: InteractionSystem not found!
[19:23:17.531] DEBUG: UIManager initialized
[19:23:17.534] DEBUG: ItemTooltip created successfully for ContainerUI
[19:23:17.536] DEBUG: InventoryContextMenu created successfully for ContainerUI
[19:23:17.541] DEBUG: AutoSave initialized with interval: 300s, active monitoring: True
[19:23:17.544] DEBUG: ForceSaveSystem initialized
[19:23:17.548] DEBUG: Found TeleporterSpawnPoint at path: TeleporterSpawnPoint
[19:23:17.585] DEBUG: Camera following player at (565, 217)
[19:23:17.586] DEBUG: LoadInventory: Last inventory save time: 12/08/2025 19:23:17
[19:23:17.586] DEBUG: LoadInventory: Found saved inventory data, loading...
[19:23:17.587] DEBUG: LoadInventory: Found 15 items in saved inventory
[19:23:17.587] DEBUG: LoadInventory: Item: Organic Matter x30 (ID: resource_organic_matter)
[19:23:17.587] DEBUG: LoadInventory: Item: Metal Ore x20 (ID: resource_metal_ore)
[19:23:17.588] DEBUG: LoadInventory: Item: Crystal x15 (ID: resource_crystal)
[19:23:17.588] DEBUG: LoadInventory: Item: AntiMetal Ore x20 (ID: resource_antimetal_ore)
[19:23:17.589] DEBUG: LoadInventory: Item: Metal Ore x11 (ID: resource_metal_ore)
[19:23:17.589] DEBUG: LoadInventory: Item: AntiMetal Ore x1 (ID: resource_antimetal_ore)
[19:23:17.589] DEBUG: LoadInventory: Item: Organic Matter x5 (ID: resource_organic_matter)
[19:23:17.590] DEBUG: Player inventory changed. Items: 0
[19:23:17.590] DEBUG: Player inventory changed. Items: 15
[19:23:17.590] DEBUG: LoadInventory: Successfully deserialized inventory with 15 items
[19:23:17.591] DEBUG: LoadInventory: After loading: Organic Matter x30 (ID: resource_organic_matter)
[19:23:17.591] DEBUG: LoadInventory: After loading: Metal Ore x20 (ID: resource_metal_ore)
[19:23:17.591] DEBUG: LoadInventory: After loading: Crystal x15 (ID: resource_crystal)
[19:23:17.592] DEBUG: LoadInventory: After loading: AntiMetal Ore x20 (ID: resource_antimetal_ore)
[19:23:17.592] DEBUG: LoadInventory: After loading: Metal Ore x11 (ID: resource_metal_ore)
[19:23:17.592] DEBUG: LoadInventory: After loading: AntiMetal Ore x1 (ID: resource_antimetal_ore)
[19:23:17.593] DEBUG: LoadInventory: After loading: Organic Matter x5 (ID: resource_organic_matter)
[19:23:17.596] DEBUG: Player respawned at starting module
[19:23:17.978] DEBUG: Container 'StorageContainer' inventory changed
[19:23:17.978] DEBUG: Container 'StorageContainer' inventory changed
[19:23:17.979] DEBUG: Container 'StorageContainer' force-updated UI
[19:23:17.980] DEBUG: All icon sizes updated in container UI
[19:23:17.980] DEBUG: Container 'StorageContainer' deferred UI update completed
[19:23:20.114] DEBUG: Starting teleportation to world
[19:23:20.115] DEBUG: Player inventory saved. Items count: 15
[19:23:20.115] DEBUG: Player inventory saved before teleportation to world
[19:23:21.113] DEBUG: Completing teleportation to world
[19:23:21.115] DEBUG: Player position loaded: (79.69293, 350.54398)
[19:23:21.115] DEBUG: Teleport destination saved: (79.69293, 350.54398)
[19:23:21.116] DEBUG: Player position loaded: (79.69293, 350.54398)
[19:23:21.179] ERROR: InventoryUI: Player not found
[19:23:21.183] DEBUG: InteractionSystem found via exported path
[19:23:21.184] ERROR: InteractionSystem: Player not found
[19:23:21.185] INFO: 📁 File logging system initialized!
[19:23:21.185] INFO: 🚀 LevelGenerator starting up...
[19:23:21.200] DEBUG: AutoSave initialized with interval: 300s, active monitoring: True
[19:23:21.614] DEBUG: Created section at grid (0,0) with biome Ice
[19:23:21.614] DEBUG: Created section at grid (1,0) with biome Desert
[19:23:21.614] DEBUG: Created section at grid (2,0) with biome Lava Springs
[19:23:21.615] DEBUG: Created section at grid (0,1) with biome Anomal
[19:23:21.615] DEBUG: Created section at grid (1,1) with biome Forest
[19:23:21.615] DEBUG: Created section at grid (2,1) with biome Desert
[19:23:21.615] DEBUG: Created section at grid (0,2) with biome Grassland
[19:23:21.616] DEBUG: Created section at grid (1,2) with biome Techno
[19:23:21.616] DEBUG: Created section at grid (2,2) with biome Grassland
[19:23:21.849] INFO: 🗺️ КАРТА: 150x150
[19:23:21.850] DEBUG: Updated DEBUG HUD with corners info: 🎯 УГЛЫ КАРТЫ:
TopLeft: (0, 0) -> (0, 0)
TopRight: (149, 0) -> (2384, 1192)
BottomLeft: (0, 149) -> (-2384, 1192)
BottomRight: (149, 149) -> (0, 2384)
[19:23:21.861] INFO: 🎯 ИГРОК: BottomRight (141, 107) -> (544, 1984)
[19:23:21.863] DEBUG: Camera following player at (544, 1984)
[19:23:21.867] ERROR: Selected section at (0, 1) has no spawn position!
[19:23:21.868] ERROR: ❌ CRITICAL: Multi-section spawn position is ZERO! Using emergency fallback!
[19:23:43.221] DEBUG: Saved play time: 00:00:26
