[18:15:31.615] 🚀 ========== SATELLITE GAME LOG SESSION STARTED ==========
[18:15:31.619] 📅 Date: 2025-08-12 18:15:31
[18:15:31.620] 🎮 Godot Version: { "major": 4, "minor": 4, "patch": 0, "hex": 263168, "status": "stable", "build": "official", "hash": "4c311cbee68c0b66ff8ebb8b0defdd9979dd2a41", "timestamp": 0, "string": "4.4-stable (official)" }
[18:15:31.621] 💻 Platform: Windows
[18:15:31.621] 🚀 =========================================================
[18:15:31.621] 
[18:15:31.621] DEBUG: SaveManager initialized, save path: C:/Users/koval/AppData/Roaming/Godot/app_userdata/Satellite\saves\game_save.json
[18:15:31.624] DEBUG: GameTimer initialized. Total play time: 00:00:00
[18:15:31.628] DEBUG: Continue button state updated: enabled
[18:15:31.629] DEBUG: Main menu initialized
[18:15:35.207] DEBUG: Continue button pressed
[18:15:35.224] DEBUG: Direct load completed successfully
[18:15:35.227] DEBUG: Game loaded successfully
[18:15:35.334] DEBUG: Module StartingModule initialized
[18:15:35.335] DEBUG: Found RespawnCapsule at path: RespawnCapsule
[18:15:35.335] DEBUG: Starting module initialized
[18:15:35.337] DEBUG: Created interaction area for module TeleportationModule with radius 150
[18:15:35.344] DEBUG: Teleport UI created
[18:15:35.344] DEBUG: Module TeleportationModule initialized
[18:15:35.344] DEBUG: Teleportation module initialized
[18:15:35.345] DEBUG: Station teleporter initialized
[18:15:35.346] DEBUG: Module StorageModule initialized
[18:15:35.354] DEBUG: Container 'StorageContainer' inventory changed
[18:15:35.355] DEBUG: Container 'StorageContainer' inventory changed
[18:15:35.356] DEBUG: Container 'StorageContainer' force-updated UI
[18:15:35.357] DEBUG: Module StorageModule2 initialized
[18:15:35.357] DEBUG: Container 'StorageContainer' inventory changed
[18:15:35.361] DEBUG: Container 'StorageContainer' inventory changed
[18:15:35.361] DEBUG: Container 'StorageContainer' force-updated UI
[18:15:35.367] ERROR: InventoryUI: Player not found
[18:15:35.373] DEBUG: ItemTooltip initialized
[18:15:35.378] DEBUG: InventoryContextMenu initialized
[18:15:35.378] DEBUG: Signal handlers are connected to context menu
[18:15:35.379] DEBUG: InventoryContextMenu created successfully
[18:15:35.381] DEBUG: DEBUG HUD for corner coordinates created
[18:15:35.382] ERROR: UIManager: InteractionSystem not found!
[18:15:35.382] DEBUG: UIManager initialized
[18:15:35.385] DEBUG: ItemTooltip created successfully for ContainerUI
[18:15:35.386] DEBUG: InventoryContextMenu created successfully for ContainerUI
[18:15:35.390] DEBUG: AutoSave initialized with interval: 300s, active monitoring: True
[18:15:35.392] DEBUG: ForceSaveSystem initialized
[18:15:35.396] DEBUG: Found TeleporterSpawnPoint at path: TeleporterSpawnPoint
[18:15:35.463] DEBUG: Camera following player at (565, 217)
[18:15:35.465] DEBUG: LoadInventory: Last inventory save time: 12/08/2025 18:15:35
[18:15:35.465] DEBUG: LoadInventory: Found saved inventory data, loading...
[18:15:35.465] DEBUG: LoadInventory: Found 15 items in saved inventory
[18:15:35.465] DEBUG: LoadInventory: Item: Organic Matter x30 (ID: resource_organic_matter)
[18:15:35.466] DEBUG: LoadInventory: Item: Metal Ore x20 (ID: resource_metal_ore)
[18:15:35.466] DEBUG: LoadInventory: Item: Crystal x15 (ID: resource_crystal)
[18:15:35.466] DEBUG: LoadInventory: Item: AntiMetal Ore x20 (ID: resource_antimetal_ore)
[18:15:35.467] DEBUG: LoadInventory: Item: Metal Ore x11 (ID: resource_metal_ore)
[18:15:35.467] DEBUG: LoadInventory: Item: AntiMetal Ore x1 (ID: resource_antimetal_ore)
[18:15:35.467] DEBUG: LoadInventory: Item: Organic Matter x5 (ID: resource_organic_matter)
[18:15:35.468] DEBUG: Player inventory changed. Items: 0
[18:15:35.468] DEBUG: Player inventory changed. Items: 15
[18:15:35.468] DEBUG: LoadInventory: Successfully deserialized inventory with 15 items
[18:15:35.469] DEBUG: LoadInventory: After loading: Organic Matter x30 (ID: resource_organic_matter)
[18:15:35.469] DEBUG: LoadInventory: After loading: Metal Ore x20 (ID: resource_metal_ore)
[18:15:35.469] DEBUG: LoadInventory: After loading: Crystal x15 (ID: resource_crystal)
[18:15:35.469] DEBUG: LoadInventory: After loading: AntiMetal Ore x20 (ID: resource_antimetal_ore)
[18:15:35.470] DEBUG: LoadInventory: After loading: Metal Ore x11 (ID: resource_metal_ore)
[18:15:35.470] DEBUG: LoadInventory: After loading: AntiMetal Ore x1 (ID: resource_antimetal_ore)
[18:15:35.470] DEBUG: LoadInventory: After loading: Organic Matter x5 (ID: resource_organic_matter)
[18:15:35.474] DEBUG: Player respawned at starting module
[18:15:35.841] DEBUG: Container 'StorageContainer' inventory changed
[18:15:35.842] DEBUG: Container 'StorageContainer' inventory changed
[18:15:35.842] DEBUG: Container 'StorageContainer' force-updated UI
[18:15:35.843] DEBUG: All icon sizes updated in container UI
[18:15:35.843] DEBUG: Container 'StorageContainer' deferred UI update completed
[18:15:38.541] DEBUG: Starting teleportation to world
[18:15:38.542] DEBUG: Player inventory saved. Items count: 15
[18:15:38.542] DEBUG: Player inventory saved before teleportation to world
[18:15:39.544] DEBUG: Completing teleportation to world
[18:15:39.545] DEBUG: Player position loaded: (106.320274, 349.67392)
[18:15:39.546] DEBUG: Teleport destination saved: (106.320274, 349.67392)
[18:15:39.546] DEBUG: Player position loaded: (106.320274, 349.67392)
[18:15:39.607] ERROR: InventoryUI: Player not found
[18:15:39.611] DEBUG: InteractionSystem found via exported path
[18:15:39.612] ERROR: InteractionSystem: Player not found
[18:15:39.613] INFO: 📁 File logging system initialized!
[18:15:39.613] INFO: 🚀 LevelGenerator starting up...
[18:15:39.627] DEBUG: AutoSave initialized with interval: 300s, active monitoring: True
[18:15:40.040] DEBUG: Created section at grid (0,0) with biome Ice
[18:15:40.041] DEBUG: Created section at grid (1,0) with biome Lava Springs
[18:15:40.041] DEBUG: Created section at grid (2,0) with biome Anomal
[18:15:40.041] DEBUG: Created section at grid (0,1) with biome Desert
[18:15:40.042] DEBUG: Created section at grid (1,1) with biome Ice
[18:15:40.042] DEBUG: Created section at grid (2,1) with biome Grassland
[18:15:40.042] DEBUG: Created section at grid (0,2) with biome Forest
[18:15:40.043] DEBUG: Created section at grid (1,2) with biome Techno
[18:15:40.043] DEBUG: Created section at grid (2,2) with biome Lava Springs
[18:15:40.265] INFO: 🗺️ КАРТА: 150x150
[18:15:40.266] DEBUG: Updated DEBUG HUD with corners info: 🎯 УГЛЫ КАРТЫ:
TopLeft: (0, 0) -> (0, 0)
TopRight: (149, 0) -> (2384, 1192)
BottomLeft: (0, 149) -> (-2384, 1192)
BottomRight: (149, 149) -> (0, 2384)
[18:15:40.486] INFO: 🎯 РЕСУРСЫ: 450 размещено
[18:15:40.495] INFO: 📦 КОНТЕЙНЕРЫ: 53 размещено
[18:15:40.505] INFO: 🎯 ИГРОК: BottomLeft (6, 107) -> (-1616, 904)
[18:15:40.507] DEBUG: Camera following player at (-1616, 904)
[18:15:40.508] ERROR: Selected section at (2, 2) has no spawn position!
[18:15:40.509] ERROR: ❌ CRITICAL: Multi-section spawn position is ZERO! Using emergency fallback!
[18:15:57.523] DEBUG: Saved play time: 00:00:25
