[15:59:08.360] 🚀 ========== SATELLITE GAME LOG SESSION STARTED ==========
[15:59:08.365] 📅 Date: 2025-08-12 15:59:08
[15:59:08.365] 🎮 Godot Version: { "major": 4, "minor": 4, "patch": 0, "hex": 263168, "status": "stable", "build": "official", "hash": "4c311cbee68c0b66ff8ebb8b0defdd9979dd2a41", "timestamp": 0, "string": "4.4-stable (official)" }
[15:59:08.366] 💻 Platform: Windows
[15:59:08.366] 🚀 =========================================================
[15:59:08.366] 
[15:59:08.367] DEBUG: SaveManager initialized, save path: C:/Users/koval/AppData/Roaming/Godot/app_userdata/Satellite\saves\game_save.json
[15:59:08.369] DEBUG: GameTimer initialized. Total play time: 00:00:00
[15:59:08.373] DEBUG: Continue button state updated: enabled
[15:59:08.373] DEBUG: Main menu initialized
[15:59:09.093] DEBUG: Continue button pressed
[15:59:09.110] DEBUG: Direct load completed successfully
[15:59:09.114] DEBUG: Game loaded successfully
[15:59:09.227] DEBUG: Module StartingModule initialized
[15:59:09.228] DEBUG: Found RespawnCapsule at path: RespawnCapsule
[15:59:09.228] DEBUG: Starting module initialized
[15:59:09.230] DEBUG: Created interaction area for module TeleportationModule with radius 150
[15:59:09.237] DEBUG: Teleport UI created
[15:59:09.237] DEBUG: Module TeleportationModule initialized
[15:59:09.238] DEBUG: Teleportation module initialized
[15:59:09.239] DEBUG: Station teleporter initialized
[15:59:09.240] DEBUG: Module StorageModule initialized
[15:59:09.248] DEBUG: Container 'StorageContainer' inventory changed
[15:59:09.249] DEBUG: Container 'StorageContainer' inventory changed
[15:59:09.250] DEBUG: Container 'StorageContainer' force-updated UI
[15:59:09.251] DEBUG: Module StorageModule2 initialized
[15:59:09.251] DEBUG: Container 'StorageContainer' inventory changed
[15:59:09.255] DEBUG: Container 'StorageContainer' inventory changed
[15:59:09.255] DEBUG: Container 'StorageContainer' force-updated UI
[15:59:09.261] ERROR: InventoryUI: Player not found
[15:59:09.267] DEBUG: ItemTooltip initialized
[15:59:09.274] DEBUG: InventoryContextMenu initialized
[15:59:09.275] DEBUG: Signal handlers are connected to context menu
[15:59:09.275] DEBUG: InventoryContextMenu created successfully
[15:59:09.277] DEBUG: DEBUG HUD for corner coordinates created
[15:59:09.279] ERROR: UIManager: InteractionSystem not found!
[15:59:09.279] DEBUG: UIManager initialized
[15:59:09.282] DEBUG: ItemTooltip created successfully for ContainerUI
[15:59:09.283] DEBUG: InventoryContextMenu created successfully for ContainerUI
[15:59:09.287] DEBUG: AutoSave initialized with interval: 300s, active monitoring: True
[15:59:09.289] DEBUG: ForceSaveSystem initialized
[15:59:09.293] DEBUG: Found TeleporterSpawnPoint at path: TeleporterSpawnPoint
[15:59:09.308] DEBUG: Camera following player at (565, 217)
[15:59:09.309] DEBUG: LoadInventory: Last inventory save time: 12/08/2025 15:59:09
[15:59:09.309] DEBUG: LoadInventory: Found saved inventory data, loading...
[15:59:09.310] DEBUG: LoadInventory: Found 15 items in saved inventory
[15:59:09.310] DEBUG: LoadInventory: Item: Organic Matter x30 (ID: resource_organic_matter)
[15:59:09.310] DEBUG: LoadInventory: Item: Metal Ore x20 (ID: resource_metal_ore)
[15:59:09.310] DEBUG: LoadInventory: Item: Crystal x15 (ID: resource_crystal)
[15:59:09.311] DEBUG: LoadInventory: Item: AntiMetal Ore x20 (ID: resource_antimetal_ore)
[15:59:09.311] DEBUG: LoadInventory: Item: Metal Ore x11 (ID: resource_metal_ore)
[15:59:09.311] DEBUG: LoadInventory: Item: AntiMetal Ore x1 (ID: resource_antimetal_ore)
[15:59:09.312] DEBUG: LoadInventory: Item: Organic Matter x5 (ID: resource_organic_matter)
[15:59:09.312] DEBUG: Player inventory changed. Items: 0
[15:59:09.312] DEBUG: Player inventory changed. Items: 15
[15:59:09.313] DEBUG: LoadInventory: Successfully deserialized inventory with 15 items
[15:59:09.313] DEBUG: LoadInventory: After loading: Organic Matter x30 (ID: resource_organic_matter)
[15:59:09.313] DEBUG: LoadInventory: After loading: Metal Ore x20 (ID: resource_metal_ore)
[15:59:09.314] DEBUG: LoadInventory: After loading: Crystal x15 (ID: resource_crystal)
[15:59:09.314] DEBUG: LoadInventory: After loading: AntiMetal Ore x20 (ID: resource_antimetal_ore)
[15:59:09.314] DEBUG: LoadInventory: After loading: Metal Ore x11 (ID: resource_metal_ore)
[15:59:09.315] DEBUG: LoadInventory: After loading: AntiMetal Ore x1 (ID: resource_antimetal_ore)
[15:59:09.315] DEBUG: LoadInventory: After loading: Organic Matter x5 (ID: resource_organic_matter)
[15:59:09.318] DEBUG: Player respawned at starting module
[15:59:09.726] DEBUG: Container 'StorageContainer' inventory changed
[15:59:09.726] DEBUG: Container 'StorageContainer' inventory changed
[15:59:09.727] DEBUG: Container 'StorageContainer' force-updated UI
[15:59:09.728] DEBUG: All icon sizes updated in container UI
[15:59:09.728] DEBUG: Container 'StorageContainer' deferred UI update completed
[15:59:12.096] DEBUG: Starting teleportation to world
[15:59:12.097] DEBUG: Player inventory saved. Items count: 15
[15:59:12.097] DEBUG: Player inventory saved before teleportation to world
[15:59:13.095] DEBUG: Completing teleportation to world
[15:59:13.097] DEBUG: Player position loaded: (54.24864, 370.54404)
[15:59:13.097] DEBUG: Teleport destination saved: (54.24864, 370.54404)
[15:59:13.098] DEBUG: Player position loaded: (54.24864, 370.54404)
[15:59:13.154] ERROR: InventoryUI: Player not found
[15:59:13.158] DEBUG: InteractionSystem found via exported path
[15:59:13.159] ERROR: InteractionSystem: Player not found
[15:59:13.160] INFO: 📁 File logging system initialized!
[15:59:13.160] INFO: 🚀 LevelGenerator starting up...
[15:59:13.174] DEBUG: AutoSave initialized with interval: 300s, active monitoring: True
[15:59:13.599] DEBUG: Created section at grid (0,0) with biome Techno
[15:59:13.599] DEBUG: Created section at grid (1,0) with biome Forest
[15:59:13.600] DEBUG: Created section at grid (2,0) with biome Desert
[15:59:13.600] DEBUG: Created section at grid (0,1) with biome Grassland
[15:59:13.600] DEBUG: Created section at grid (1,1) with biome Ice
[15:59:13.600] DEBUG: Created section at grid (2,1) with biome Techno
[15:59:13.601] DEBUG: Created section at grid (0,2) with biome Grassland
[15:59:13.601] DEBUG: Created section at grid (1,2) with biome Ice
[15:59:13.601] DEBUG: Created section at grid (2,2) with biome Lava Springs
[15:59:13.850] INFO: 🗺️ КАРТА: 150x150
[15:59:13.851] DEBUG: Updated DEBUG HUD with corners info: 🎯 УГЛЫ КАРТЫ:
TopLeft: (0, 0) -> (0, 0)
TopRight: (149, 0) -> (2384, 1192)
BottomLeft: (0, 149) -> (-2384, 1192)
BottomRight: (149, 149) -> (0, 2384)
[15:59:14.075] INFO: 🎯 РЕСУРСЫ: 450 размещено
[15:59:14.088] INFO: 📦 КОНТЕЙНЕРЫ: 82 размещено
[15:59:14.096] ERROR: 🚨 NO VALID SPAWN CORNERS FOUND! This should not happen!
[15:59:14.098] ERROR: 🚨 No valid corner spawns found! Activating EMERGENCY spawn system!
[15:59:14.100] INFO: 🆘 EMERGENCY spawn found at tile (74, 74) -> world (0, 1184)
[15:59:14.101] DEBUG: Camera following player at (0, 1184)
[15:59:14.102] ERROR: Selected section at (2, 1) has no spawn position!
[15:59:14.103] ERROR: ❌ CRITICAL: Multi-section spawn position is ZERO! Using emergency fallback!
[15:59:26.775] DEBUG: Saved play time: 00:00:18
