[18:37:50.706] 🚀 ========== SATELLITE GAME LOG SESSION STARTED ==========
[18:37:50.710] 📅 Date: 2025-08-12 18:37:50
[18:37:50.711] 🎮 Godot Version: { "major": 4, "minor": 4, "patch": 0, "hex": 263168, "status": "stable", "build": "official", "hash": "4c311cbee68c0b66ff8ebb8b0defdd9979dd2a41", "timestamp": 0, "string": "4.4-stable (official)" }
[18:37:50.711] 💻 Platform: Windows
[18:37:50.711] 🚀 =========================================================
[18:37:50.711] 
[18:37:50.712] DEBUG: SaveManager initialized, save path: C:/Users/koval/AppData/Roaming/Godot/app_userdata/Satellite\saves\game_save.json
[18:37:50.723] DEBUG: GameTimer initialized. Total play time: 00:00:00
[18:37:50.727] DEBUG: Continue button state updated: enabled
[18:37:50.728] DEBUG: Main menu initialized
[18:37:51.428] DEBUG: Continue button pressed
[18:37:51.446] DEBUG: Direct load completed successfully
[18:37:51.450] DEBUG: Game loaded successfully
[18:37:51.562] DEBUG: Module StartingModule initialized
[18:37:51.562] DEBUG: Found RespawnCapsule at path: RespawnCapsule
[18:37:51.563] DEBUG: Starting module initialized
[18:37:51.565] DEBUG: Created interaction area for module TeleportationModule with radius 150
[18:37:51.572] DEBUG: Teleport UI created
[18:37:51.572] DEBUG: Module TeleportationModule initialized
[18:37:51.573] DEBUG: Teleportation module initialized
[18:37:51.574] DEBUG: Station teleporter initialized
[18:37:51.574] DEBUG: Module StorageModule initialized
[18:37:51.586] DEBUG: Container 'StorageContainer' inventory changed
[18:37:51.587] DEBUG: Container 'StorageContainer' inventory changed
[18:37:51.588] DEBUG: Container 'StorageContainer' force-updated UI
[18:37:51.589] DEBUG: Module StorageModule2 initialized
[18:37:51.589] DEBUG: Container 'StorageContainer' inventory changed
[18:37:51.593] DEBUG: Container 'StorageContainer' inventory changed
[18:37:51.593] DEBUG: Container 'StorageContainer' force-updated UI
[18:37:51.600] ERROR: InventoryUI: Player not found
[18:37:51.606] DEBUG: ItemTooltip initialized
[18:37:51.612] DEBUG: InventoryContextMenu initialized
[18:37:51.612] DEBUG: Signal handlers are connected to context menu
[18:37:51.612] DEBUG: InventoryContextMenu created successfully
[18:37:51.614] DEBUG: DEBUG HUD for corner coordinates created
[18:37:51.616] ERROR: UIManager: InteractionSystem not found!
[18:37:51.616] DEBUG: UIManager initialized
[18:37:51.618] DEBUG: ItemTooltip created successfully for ContainerUI
[18:37:51.619] DEBUG: InventoryContextMenu created successfully for ContainerUI
[18:37:51.623] DEBUG: AutoSave initialized with interval: 300s, active monitoring: True
[18:37:51.627] DEBUG: ForceSaveSystem initialized
[18:37:51.631] DEBUG: Found TeleporterSpawnPoint at path: TeleporterSpawnPoint
[18:37:51.668] DEBUG: Camera following player at (565, 217)
[18:37:51.670] DEBUG: LoadInventory: Last inventory save time: 12/08/2025 18:37:51
[18:37:51.670] DEBUG: LoadInventory: Found saved inventory data, loading...
[18:37:51.670] DEBUG: LoadInventory: Found 15 items in saved inventory
[18:37:51.671] DEBUG: LoadInventory: Item: Organic Matter x30 (ID: resource_organic_matter)
[18:37:51.671] DEBUG: LoadInventory: Item: Metal Ore x20 (ID: resource_metal_ore)
[18:37:51.671] DEBUG: LoadInventory: Item: Crystal x15 (ID: resource_crystal)
[18:37:51.672] DEBUG: LoadInventory: Item: AntiMetal Ore x20 (ID: resource_antimetal_ore)
[18:37:51.672] DEBUG: LoadInventory: Item: Metal Ore x11 (ID: resource_metal_ore)
[18:37:51.672] DEBUG: LoadInventory: Item: AntiMetal Ore x1 (ID: resource_antimetal_ore)
[18:37:51.673] DEBUG: LoadInventory: Item: Organic Matter x5 (ID: resource_organic_matter)
[18:37:51.673] DEBUG: Player inventory changed. Items: 0
[18:37:51.674] DEBUG: Player inventory changed. Items: 15
[18:37:51.674] DEBUG: LoadInventory: Successfully deserialized inventory with 15 items
[18:37:51.674] DEBUG: LoadInventory: After loading: Organic Matter x30 (ID: resource_organic_matter)
[18:37:51.674] DEBUG: LoadInventory: After loading: Metal Ore x20 (ID: resource_metal_ore)
[18:37:51.675] DEBUG: LoadInventory: After loading: Crystal x15 (ID: resource_crystal)
[18:37:51.675] DEBUG: LoadInventory: After loading: AntiMetal Ore x20 (ID: resource_antimetal_ore)
[18:37:51.675] DEBUG: LoadInventory: After loading: Metal Ore x11 (ID: resource_metal_ore)
[18:37:51.675] DEBUG: LoadInventory: After loading: AntiMetal Ore x1 (ID: resource_antimetal_ore)
[18:37:51.676] DEBUG: LoadInventory: After loading: Organic Matter x5 (ID: resource_organic_matter)
[18:37:51.679] DEBUG: Player respawned at starting module
[18:37:52.061] DEBUG: Container 'StorageContainer' inventory changed
[18:37:52.062] DEBUG: Container 'StorageContainer' inventory changed
[18:37:52.062] DEBUG: Container 'StorageContainer' force-updated UI
[18:37:52.063] DEBUG: All icon sizes updated in container UI
[18:37:52.063] DEBUG: Container 'StorageContainer' deferred UI update completed
[18:37:54.314] DEBUG: Starting teleportation to world
[18:37:54.315] DEBUG: Player inventory saved. Items count: 15
[18:37:54.315] DEBUG: Player inventory saved before teleportation to world
[18:37:55.313] DEBUG: Completing teleportation to world
[18:37:55.314] DEBUG: Player position loaded: (86.32046, 349.67392)
[18:37:55.315] DEBUG: Teleport destination saved: (86.32046, 349.67392)
[18:37:55.315] DEBUG: Player position loaded: (86.32046, 349.67392)
[18:37:55.377] ERROR: InventoryUI: Player not found
[18:37:55.381] DEBUG: InteractionSystem found via exported path
[18:37:55.382] ERROR: InteractionSystem: Player not found
[18:37:55.383] INFO: 📁 File logging system initialized!
[18:37:55.383] INFO: 🚀 LevelGenerator starting up...
[18:37:55.397] DEBUG: AutoSave initialized with interval: 300s, active monitoring: True
[18:37:55.821] DEBUG: Created section at grid (0,0) with biome Desert
[18:37:55.821] DEBUG: Created section at grid (1,0) with biome Ice
[18:37:55.822] DEBUG: Created section at grid (2,0) with biome Lava Springs
[18:37:55.822] DEBUG: Created section at grid (0,1) with biome Grassland
[18:37:55.822] DEBUG: Created section at grid (1,1) with biome Ice
[18:37:55.823] DEBUG: Created section at grid (2,1) with biome Grassland
[18:37:55.823] DEBUG: Created section at grid (0,2) with biome Lava Springs
[18:37:55.823] DEBUG: Created section at grid (1,2) with biome Forest
[18:37:55.824] DEBUG: Created section at grid (2,2) with biome Techno
[18:37:56.010] INFO: 🗺️ КАРТА: 150x150
[18:37:56.011] DEBUG: Updated DEBUG HUD with corners info: 🎯 УГЛЫ КАРТЫ:
TopLeft: (0, 0) -> (0, 0)
TopRight: (149, 0) -> (2384, 1192)
BottomLeft: (0, 149) -> (-2384, 1192)
BottomRight: (149, 149) -> (0, 2384)
[18:37:56.209] INFO: 🎯 РЕСУРСЫ: 410 размещено
[18:37:56.219] INFO: 📦 КОНТЕЙНЕРЫ: 49 размещено
[18:37:56.229] INFO: 🎯 ИГРОК: BottomLeft (6, 117) -> (-1776, 984)
[18:37:56.230] DEBUG: Camera following player at (-1776, 984)
[18:37:56.231] ERROR: Selected section at (2, 2) has no spawn position!
[18:37:56.232] ERROR: ❌ CRITICAL: Multi-section spawn position is ZERO! Using emergency fallback!
[18:37:59.082] DEBUG: Created section at grid (0,0) with biome Desert
[18:37:59.083] DEBUG: Created section at grid (1,0) with biome Grassland
[18:37:59.083] DEBUG: Created section at grid (2,0) with biome Ice
[18:37:59.084] DEBUG: Created section at grid (0,1) with biome Lava Springs
[18:37:59.084] DEBUG: Created section at grid (1,1) with biome Techno
[18:37:59.084] DEBUG: Created section at grid (2,1) with biome Desert
[18:37:59.084] DEBUG: Created section at grid (0,2) with biome Desert
[18:37:59.085] DEBUG: Created section at grid (1,2) with biome Anomal
[18:37:59.085] DEBUG: Created section at grid (2,2) with biome Forest
[18:37:59.209] INFO: 🗺️ КАРТА: 150x150
[18:37:59.210] DEBUG: Updated DEBUG HUD with corners info: 🎯 УГЛЫ КАРТЫ:
TopLeft: (0, 0) -> (0, 0)
TopRight: (149, 0) -> (2384, 1192)
BottomLeft: (0, 149) -> (-2384, 1192)
BottomRight: (149, 149) -> (0, 2384)
[18:37:59.415] INFO: 🎯 РЕСУРСЫ: 450 размещено
[18:37:59.424] INFO: 📦 КОНТЕЙНЕРЫ: 65 размещено
[18:37:59.429] INFO: 🎯 ИГРОК: TopLeft (23, 40) -> (-272, 504)
[18:37:59.429] DEBUG: Camera following player at (-272, 504)
[18:37:59.430] ERROR: Selected section at (1, 1) has no spawn position!
[18:37:59.431] ERROR: ❌ CRITICAL: Multi-section spawn position is ZERO! Using emergency fallback!
[18:38:04.756] DEBUG: Saved play time: 00:00:13
