[15:02:50.768] 🚀 ========== SATELLITE GAME LOG SESSION STARTED ==========
[15:02:50.773] 📅 Date: 2025-08-12 15:02:50
[15:02:50.773] 🎮 Godot Version: { "major": 4, "minor": 4, "patch": 0, "hex": 263168, "status": "stable", "build": "official", "hash": "4c311cbee68c0b66ff8ebb8b0defdd9979dd2a41", "timestamp": 0, "string": "4.4-stable (official)" }
[15:02:50.774] 💻 Platform: Windows
[15:02:50.774] 🚀 =========================================================
[15:02:50.774] 
[15:02:50.774] DEBUG: SaveManager initialized, save path: C:/Users/koval/AppData/Roaming/Godot/app_userdata/Satellite\saves\game_save.json
[15:02:50.777] DEBUG: GameTimer initialized. Total play time: 00:00:00
[15:02:50.781] DEBUG: Continue button state updated: enabled
[15:02:50.781] DEBUG: Main menu initialized
[15:02:51.350] DEBUG: Continue button pressed
[15:02:51.368] DEBUG: Direct load completed successfully
[15:02:51.373] DEBUG: Game loaded successfully
[15:02:51.491] DEBUG: Module StartingModule initialized
[15:02:51.492] DEBUG: Found RespawnCapsule at path: RespawnCapsule
[15:02:51.493] DEBUG: Starting module initialized
[15:02:51.494] DEBUG: Created interaction area for module TeleportationModule with radius 150
[15:02:51.501] DEBUG: Teleport UI created
[15:02:51.502] DEBUG: Module TeleportationModule initialized
[15:02:51.502] DEBUG: Teleportation module initialized
[15:02:51.503] DEBUG: Station teleporter initialized
[15:02:51.504] DEBUG: Module StorageModule initialized
[15:02:51.512] DEBUG: Container 'StorageContainer' inventory changed
[15:02:51.512] DEBUG: Container 'StorageContainer' inventory changed
[15:02:51.513] DEBUG: Container 'StorageContainer' force-updated UI
[15:02:51.514] DEBUG: Module StorageModule2 initialized
[15:02:51.515] DEBUG: Container 'StorageContainer' inventory changed
[15:02:51.519] DEBUG: Container 'StorageContainer' inventory changed
[15:02:51.519] DEBUG: Container 'StorageContainer' force-updated UI
[15:02:51.525] ERROR: InventoryUI: Player not found
[15:02:51.531] DEBUG: ItemTooltip initialized
[15:02:51.537] DEBUG: InventoryContextMenu initialized
[15:02:51.537] DEBUG: Signal handlers are connected to context menu
[15:02:51.537] DEBUG: InventoryContextMenu created successfully
[15:02:51.539] DEBUG: DEBUG HUD for corner coordinates created
[15:02:51.541] ERROR: UIManager: InteractionSystem not found!
[15:02:51.541] DEBUG: UIManager initialized
[15:02:51.543] DEBUG: ItemTooltip created successfully for ContainerUI
[15:02:51.544] DEBUG: InventoryContextMenu created successfully for ContainerUI
[15:02:51.548] DEBUG: AutoSave initialized with interval: 300s, active monitoring: True
[15:02:51.551] DEBUG: ForceSaveSystem initialized
[15:02:51.555] DEBUG: Found TeleporterSpawnPoint at path: TeleporterSpawnPoint
[15:02:51.590] DEBUG: Camera following player at (565, 217)
[15:02:51.592] DEBUG: LoadInventory: Last inventory save time: 12/08/2025 15:02:51
[15:02:51.592] DEBUG: LoadInventory: Found saved inventory data, loading...
[15:02:51.592] DEBUG: LoadInventory: Found 15 items in saved inventory
[15:02:51.593] DEBUG: LoadInventory: Item: Organic Matter x30 (ID: resource_organic_matter)
[15:02:51.593] DEBUG: LoadInventory: Item: Metal Ore x20 (ID: resource_metal_ore)
[15:02:51.593] DEBUG: LoadInventory: Item: Crystal x15 (ID: resource_crystal)
[15:02:51.594] DEBUG: LoadInventory: Item: AntiMetal Ore x20 (ID: resource_antimetal_ore)
[15:02:51.594] DEBUG: LoadInventory: Item: Metal Ore x11 (ID: resource_metal_ore)
[15:02:51.594] DEBUG: LoadInventory: Item: AntiMetal Ore x1 (ID: resource_antimetal_ore)
[15:02:51.594] DEBUG: LoadInventory: Item: Organic Matter x5 (ID: resource_organic_matter)
[15:02:51.595] DEBUG: Player inventory changed. Items: 0
[15:02:51.595] DEBUG: Player inventory changed. Items: 15
[15:02:51.596] DEBUG: LoadInventory: Successfully deserialized inventory with 15 items
[15:02:51.596] DEBUG: LoadInventory: After loading: Organic Matter x30 (ID: resource_organic_matter)
[15:02:51.596] DEBUG: LoadInventory: After loading: Metal Ore x20 (ID: resource_metal_ore)
[15:02:51.597] DEBUG: LoadInventory: After loading: Crystal x15 (ID: resource_crystal)
[15:02:51.597] DEBUG: LoadInventory: After loading: AntiMetal Ore x20 (ID: resource_antimetal_ore)
[15:02:51.597] DEBUG: LoadInventory: After loading: Metal Ore x11 (ID: resource_metal_ore)
[15:02:51.598] DEBUG: LoadInventory: After loading: AntiMetal Ore x1 (ID: resource_antimetal_ore)
[15:02:51.598] DEBUG: LoadInventory: After loading: Organic Matter x5 (ID: resource_organic_matter)
[15:02:51.601] DEBUG: Player respawned at starting module
[15:02:52.000] DEBUG: Container 'StorageContainer' inventory changed
[15:02:52.000] DEBUG: Container 'StorageContainer' inventory changed
[15:02:52.001] DEBUG: Container 'StorageContainer' force-updated UI
[15:02:52.002] DEBUG: All icon sizes updated in container UI
[15:02:52.002] DEBUG: Container 'StorageContainer' deferred UI update completed
[15:02:54.103] DEBUG: Starting teleportation to world
[15:02:54.104] DEBUG: Player inventory saved. Items count: 15
[15:02:54.104] DEBUG: Player inventory saved before teleportation to world
[15:02:55.103] DEBUG: Completing teleportation to world
[15:02:55.104] DEBUG: Player position loaded: (134.04352, 354.1461)
[15:02:55.104] DEBUG: Teleport destination saved: (134.04352, 354.1461)
[15:02:55.105] DEBUG: Player position loaded: (134.04352, 354.1461)
[15:02:55.161] ERROR: InventoryUI: Player not found
[15:02:55.165] DEBUG: InteractionSystem found via exported path
[15:02:55.166] ERROR: InteractionSystem: Player not found
[15:02:55.167] INFO: 📁 File logging system initialized!
[15:02:55.167] INFO: 🚀 LevelGenerator starting up...
[15:02:55.181] DEBUG: AutoSave initialized with interval: 300s, active monitoring: True
[15:02:55.603] DEBUG: Created section at grid (0,0) with biome Anomal
[15:02:55.603] DEBUG: Created section at grid (1,0) with biome Lava Springs
[15:02:55.603] DEBUG: Created section at grid (2,0) with biome Ice
[15:02:55.604] DEBUG: Created section at grid (0,1) with biome Grassland
[15:02:55.604] DEBUG: Created section at grid (1,1) with biome Ice
[15:02:55.604] DEBUG: Created section at grid (2,1) with biome Grassland
[15:02:55.605] DEBUG: Created section at grid (0,2) with biome Grassland
[15:02:55.605] DEBUG: Created section at grid (1,2) with biome Anomal
[15:02:55.605] DEBUG: Created section at grid (2,2) with biome Grassland
[15:02:55.824] INFO: 🗺️ КАРТА: 150x150
[15:02:55.825] DEBUG: Updated DEBUG HUD with corners info: 🎯 УГЛЫ КАРТЫ:
TopLeft: (0, 0) -> (0, 0)
TopRight: (149, 0) -> (2384, 1192)
BottomLeft: (0, 149) -> (-2384, 1192)
BottomRight: (149, 149) -> (0, 2384)
[15:02:56.041] INFO: 🎯 РЕСУРСЫ: 441 размещено
[15:02:56.050] INFO: 📦 КОНТЕЙНЕРЫ: 52 размещено
[15:02:56.059] INFO: 🎯 ИГРОК: TopRight (107, 10) -> (1552, 936)
[15:02:56.060] INFO: 🎮 СОЗДАНИЕ ИГРОКА: World Position: (1552, 936)
[15:02:56.060] INFO: 🗺️ ИГРОК: Приблизительные Tile координаты: (97, 117)
[15:02:56.061] DEBUG: Camera following player at (1552, 936)
[15:02:56.062] ERROR: Selected section at (1, 2) has no spawn position!
[15:02:56.063] ERROR: ❌ CRITICAL: Multi-section spawn position is ZERO! Using emergency fallback!
[15:03:04.383] DEBUG: Saved play time: 00:00:13
