[20:39:59.690] 🚀 ========== SATELLITE GAME LOG SESSION STARTED ==========
[20:39:59.695] 📅 Date: 2025-08-12 20:39:59
[20:39:59.695] 🎮 Godot Version: { "major": 4, "minor": 4, "patch": 0, "hex": 263168, "status": "stable", "build": "official", "hash": "4c311cbee68c0b66ff8ebb8b0defdd9979dd2a41", "timestamp": 0, "string": "4.4-stable (official)" }
[20:39:59.696] 💻 Platform: Windows
[20:39:59.696] 🚀 =========================================================
[20:39:59.696] 
[20:39:59.697] DEBUG: SaveManager initialized, save path: C:/Users/koval/AppData/Roaming/Godot/app_userdata/Satellite\saves\game_save.json
[20:39:59.704] DEBUG: GameTimer initialized. Total play time: 00:00:00
[20:39:59.708] DEBUG: Continue button state updated: enabled
[20:39:59.709] DEBUG: Main menu initialized
[20:40:00.292] DEBUG: Continue button pressed
[20:40:00.310] DEBUG: Direct load completed successfully
[20:40:00.314] DEBUG: Game loaded successfully
[20:40:00.424] DEBUG: Module StartingModule initialized
[20:40:00.425] DEBUG: Found RespawnCapsule at path: RespawnCapsule
[20:40:00.425] DEBUG: Starting module initialized
[20:40:00.428] DEBUG: Created interaction area for module TeleportationModule with radius 150
[20:40:00.434] DEBUG: Teleport UI created
[20:40:00.435] DEBUG: Module TeleportationModule initialized
[20:40:00.435] DEBUG: Teleportation module initialized
[20:40:00.436] DEBUG: Station teleporter initialized
[20:40:00.437] DEBUG: Module StorageModule initialized
[20:40:00.445] DEBUG: Container 'StorageContainer' inventory changed
[20:40:00.446] DEBUG: Container 'StorageContainer' inventory changed
[20:40:00.447] DEBUG: Container 'StorageContainer' force-updated UI
[20:40:00.448] DEBUG: Module StorageModule2 initialized
[20:40:00.448] DEBUG: Container 'StorageContainer' inventory changed
[20:40:00.452] DEBUG: Container 'StorageContainer' inventory changed
[20:40:00.452] DEBUG: Container 'StorageContainer' force-updated UI
[20:40:00.458] ERROR: InventoryUI: Player not found
[20:40:00.465] DEBUG: ItemTooltip initialized
[20:40:00.470] DEBUG: InventoryContextMenu initialized
[20:40:00.470] DEBUG: Signal handlers are connected to context menu
[20:40:00.470] DEBUG: InventoryContextMenu created successfully
[20:40:00.472] DEBUG: DEBUG HUD for corner coordinates created
[20:40:00.474] ERROR: UIManager: InteractionSystem not found!
[20:40:00.474] DEBUG: UIManager initialized
[20:40:00.477] DEBUG: ItemTooltip created successfully for ContainerUI
[20:40:00.478] DEBUG: InventoryContextMenu created successfully for ContainerUI
[20:40:00.482] DEBUG: AutoSave initialized with interval: 300s, active monitoring: True
[20:40:00.485] DEBUG: ForceSaveSystem initialized
[20:40:00.488] DEBUG: Found TeleporterSpawnPoint at path: TeleporterSpawnPoint
[20:40:00.531] DEBUG: Camera following player at (565, 217)
[20:40:00.533] DEBUG: LoadInventory: Last inventory save time: 12/08/2025 20:40:00
[20:40:00.533] DEBUG: LoadInventory: Found saved inventory data, loading...
[20:40:00.533] DEBUG: LoadInventory: Found 15 items in saved inventory
[20:40:00.533] DEBUG: LoadInventory: Item: Organic Matter x30 (ID: resource_organic_matter)
[20:40:00.534] DEBUG: LoadInventory: Item: Metal Ore x20 (ID: resource_metal_ore)
[20:40:00.534] DEBUG: LoadInventory: Item: Crystal x15 (ID: resource_crystal)
[20:40:00.534] DEBUG: LoadInventory: Item: AntiMetal Ore x20 (ID: resource_antimetal_ore)
[20:40:00.535] DEBUG: LoadInventory: Item: Metal Ore x11 (ID: resource_metal_ore)
[20:40:00.535] DEBUG: LoadInventory: Item: AntiMetal Ore x1 (ID: resource_antimetal_ore)
[20:40:00.535] DEBUG: LoadInventory: Item: Organic Matter x5 (ID: resource_organic_matter)
[20:40:00.536] DEBUG: Player inventory changed. Items: 0
[20:40:00.536] DEBUG: Player inventory changed. Items: 15
[20:40:00.536] DEBUG: LoadInventory: Successfully deserialized inventory with 15 items
[20:40:00.537] DEBUG: LoadInventory: After loading: Organic Matter x30 (ID: resource_organic_matter)
[20:40:00.537] DEBUG: LoadInventory: After loading: Metal Ore x20 (ID: resource_metal_ore)
[20:40:00.537] DEBUG: LoadInventory: After loading: Crystal x15 (ID: resource_crystal)
[20:40:00.538] DEBUG: LoadInventory: After loading: AntiMetal Ore x20 (ID: resource_antimetal_ore)
[20:40:00.538] DEBUG: LoadInventory: After loading: Metal Ore x11 (ID: resource_metal_ore)
[20:40:00.538] DEBUG: LoadInventory: After loading: AntiMetal Ore x1 (ID: resource_antimetal_ore)
[20:40:00.539] DEBUG: LoadInventory: After loading: Organic Matter x5 (ID: resource_organic_matter)
[20:40:00.543] DEBUG: Player respawned at starting module
[20:40:00.924] DEBUG: Container 'StorageContainer' inventory changed
[20:40:00.925] DEBUG: Container 'StorageContainer' inventory changed
[20:40:00.925] DEBUG: Container 'StorageContainer' force-updated UI
[20:40:00.926] DEBUG: All icon sizes updated in container UI
[20:40:00.926] DEBUG: Container 'StorageContainer' deferred UI update completed
[20:40:03.011] DEBUG: Starting teleportation to world
[20:40:03.012] DEBUG: Player inventory saved. Items count: 15
[20:40:03.012] DEBUG: Player inventory saved before teleportation to world
[20:40:04.010] DEBUG: Completing teleportation to world
[20:40:04.011] DEBUG: Player position loaded: (95.61653, 346.69247)
[20:40:04.011] DEBUG: Teleport destination saved: (95.61653, 346.69247)
[20:40:04.012] DEBUG: Player position loaded: (95.61653, 346.69247)
[20:40:04.076] ERROR: InventoryUI: Player not found
[20:40:04.081] DEBUG: InteractionSystem found via exported path
[20:40:04.082] ERROR: InteractionSystem: Player not found
[20:40:04.083] INFO: 📁 File logging system initialized!
[20:40:04.083] INFO: 🚀 LevelGenerator starting up...
[20:40:04.098] DEBUG: AutoSave initialized with interval: 300s, active monitoring: True
[20:40:04.510] DEBUG: Created section at grid (0,0) with biome Grassland
[20:40:04.510] DEBUG: Created section at grid (1,0) with biome Lava Springs
[20:40:04.511] DEBUG: Created section at grid (2,0) with biome Techno
[20:40:04.511] DEBUG: Created section at grid (0,1) with biome Anomal
[20:40:04.511] DEBUG: Created section at grid (1,1) with biome Desert
[20:40:04.512] DEBUG: Created section at grid (2,1) with biome Techno
[20:40:04.512] DEBUG: Created section at grid (0,2) with biome Desert
[20:40:04.512] DEBUG: Created section at grid (1,2) with biome Desert
[20:40:04.513] DEBUG: Created section at grid (2,2) with biome Desert
[20:40:04.759] INFO: 🗺️ КАРТА: 150x150
[20:40:04.760] DEBUG: Updated DEBUG HUD with corners info: 🎯 УГЛЫ КАРТЫ:
TopLeft: (0, 0) -> (0, 0)
TopRight: (149, 0) -> (2384, 1192)
BottomLeft: (0, 149) -> (-2384, 1192)
BottomRight: (149, 149) -> (0, 2384)
[20:40:04.770] INFO: 🎯 ИГРОК: BottomRight (109, 107) -> (32, 1728)
[20:40:04.771] DEBUG: Camera following player at (32, 1728)
[20:40:04.773] ERROR: Selected section at (0, 0) has no spawn position!
[20:40:04.774] ERROR: ❌ CRITICAL: Multi-section spawn position is ZERO! Using emergency fallback!
[20:40:07.795] DEBUG: Created section at grid (0,0) with biome Desert
[20:40:07.795] DEBUG: Created section at grid (1,0) with biome Forest
[20:40:07.795] DEBUG: Created section at grid (2,0) with biome Lava Springs
[20:40:07.796] DEBUG: Created section at grid (0,1) with biome Anomal
[20:40:07.796] DEBUG: Created section at grid (1,1) with biome Anomal
[20:40:07.796] DEBUG: Created section at grid (2,1) with biome Techno
[20:40:07.796] DEBUG: Created section at grid (0,2) with biome Anomal
[20:40:07.797] DEBUG: Created section at grid (1,2) with biome Forest
[20:40:07.797] DEBUG: Created section at grid (2,2) with biome Grassland
[20:40:07.901] INFO: 🗺️ КАРТА: 150x150
[20:40:07.901] DEBUG: Updated DEBUG HUD with corners info: 🎯 УГЛЫ КАРТЫ:
TopLeft: (0, 0) -> (0, 0)
TopRight: (149, 0) -> (2384, 1192)
BottomLeft: (0, 149) -> (-2384, 1192)
BottomRight: (149, 149) -> (0, 2384)
[20:40:07.905] INFO: 🎯 ИГРОК: BottomLeft (6, 107) -> (-1616, 904)
[20:40:07.906] DEBUG: Camera following player at (-1616, 904)
[20:40:07.907] ERROR: Selected section at (2, 2) has no spawn position!
[20:40:07.908] ERROR: ❌ CRITICAL: Multi-section spawn position is ZERO! Using emergency fallback!
[20:40:22.671] DEBUG: Saved play time: 00:00:22
