[19:53:16.418] 🚀 ========== SATELLITE GAME LOG SESSION STARTED ==========
[19:53:16.422] 📅 Date: 2025-08-12 19:53:16
[19:53:16.423] 🎮 Godot Version: { "major": 4, "minor": 4, "patch": 0, "hex": 263168, "status": "stable", "build": "official", "hash": "4c311cbee68c0b66ff8ebb8b0defdd9979dd2a41", "timestamp": 0, "string": "4.4-stable (official)" }
[19:53:16.424] 💻 Platform: Windows
[19:53:16.424] 🚀 =========================================================
[19:53:16.424] 
[19:53:16.424] DEBUG: SaveManager initialized, save path: C:/Users/koval/AppData/Roaming/Godot/app_userdata/Satellite\saves\game_save.json
[19:53:16.426] DEBUG: GameTimer initialized. Total play time: 00:00:00
[19:53:16.430] DEBUG: Continue button state updated: enabled
[19:53:16.431] DEBUG: Main menu initialized
[19:53:17.089] DEBUG: Continue button pressed
[19:53:17.106] DEBUG: Direct load completed successfully
[19:53:17.110] DEBUG: Game loaded successfully
[19:53:17.223] DEBUG: Module StartingModule initialized
[19:53:17.224] DEBUG: Found RespawnCapsule at path: RespawnCapsule
[19:53:17.224] DEBUG: Starting module initialized
[19:53:17.226] DEBUG: Created interaction area for module TeleportationModule with radius 150
[19:53:17.233] DEBUG: Teleport UI created
[19:53:17.233] DEBUG: Module TeleportationModule initialized
[19:53:17.234] DEBUG: Teleportation module initialized
[19:53:17.235] DEBUG: Station teleporter initialized
[19:53:17.235] DEBUG: Module StorageModule initialized
[19:53:17.244] DEBUG: Container 'StorageContainer' inventory changed
[19:53:17.244] DEBUG: Container 'StorageContainer' inventory changed
[19:53:17.245] DEBUG: Container 'StorageContainer' force-updated UI
[19:53:17.246] DEBUG: Module StorageModule2 initialized
[19:53:17.247] DEBUG: Container 'StorageContainer' inventory changed
[19:53:17.250] DEBUG: Container 'StorageContainer' inventory changed
[19:53:17.251] DEBUG: Container 'StorageContainer' force-updated UI
[19:53:17.257] ERROR: InventoryUI: Player not found
[19:53:17.263] DEBUG: ItemTooltip initialized
[19:53:17.268] DEBUG: InventoryContextMenu initialized
[19:53:17.268] DEBUG: Signal handlers are connected to context menu
[19:53:17.269] DEBUG: InventoryContextMenu created successfully
[19:53:17.271] DEBUG: DEBUG HUD for corner coordinates created
[19:53:17.273] ERROR: UIManager: InteractionSystem not found!
[19:53:17.273] DEBUG: UIManager initialized
[19:53:17.275] DEBUG: ItemTooltip created successfully for ContainerUI
[19:53:17.276] DEBUG: InventoryContextMenu created successfully for ContainerUI
[19:53:17.280] DEBUG: AutoSave initialized with interval: 300s, active monitoring: True
[19:53:17.283] DEBUG: ForceSaveSystem initialized
[19:53:17.287] DEBUG: Found TeleporterSpawnPoint at path: TeleporterSpawnPoint
[19:53:17.328] DEBUG: Camera following player at (565, 217)
[19:53:17.329] DEBUG: LoadInventory: Last inventory save time: 12/08/2025 19:53:17
[19:53:17.330] DEBUG: LoadInventory: Found saved inventory data, loading...
[19:53:17.330] DEBUG: LoadInventory: Found 15 items in saved inventory
[19:53:17.330] DEBUG: LoadInventory: Item: Organic Matter x30 (ID: resource_organic_matter)
[19:53:17.331] DEBUG: LoadInventory: Item: Metal Ore x20 (ID: resource_metal_ore)
[19:53:17.331] DEBUG: LoadInventory: Item: Crystal x15 (ID: resource_crystal)
[19:53:17.331] DEBUG: LoadInventory: Item: AntiMetal Ore x20 (ID: resource_antimetal_ore)
[19:53:17.332] DEBUG: LoadInventory: Item: Metal Ore x11 (ID: resource_metal_ore)
[19:53:17.332] DEBUG: LoadInventory: Item: AntiMetal Ore x1 (ID: resource_antimetal_ore)
[19:53:17.332] DEBUG: LoadInventory: Item: Organic Matter x5 (ID: resource_organic_matter)
[19:53:17.333] DEBUG: Player inventory changed. Items: 0
[19:53:17.333] DEBUG: Player inventory changed. Items: 15
[19:53:17.334] DEBUG: LoadInventory: Successfully deserialized inventory with 15 items
[19:53:17.334] DEBUG: LoadInventory: After loading: Organic Matter x30 (ID: resource_organic_matter)
[19:53:17.334] DEBUG: LoadInventory: After loading: Metal Ore x20 (ID: resource_metal_ore)
[19:53:17.335] DEBUG: LoadInventory: After loading: Crystal x15 (ID: resource_crystal)
[19:53:17.335] DEBUG: LoadInventory: After loading: AntiMetal Ore x20 (ID: resource_antimetal_ore)
[19:53:17.335] DEBUG: LoadInventory: After loading: Metal Ore x11 (ID: resource_metal_ore)
[19:53:17.336] DEBUG: LoadInventory: After loading: AntiMetal Ore x1 (ID: resource_antimetal_ore)
[19:53:17.336] DEBUG: LoadInventory: After loading: Organic Matter x5 (ID: resource_organic_matter)
[19:53:17.339] DEBUG: Player respawned at starting module
[19:53:17.705] DEBUG: Container 'StorageContainer' inventory changed
[19:53:17.705] DEBUG: Container 'StorageContainer' inventory changed
[19:53:17.705] DEBUG: Container 'StorageContainer' force-updated UI
[19:53:17.707] DEBUG: All icon sizes updated in container UI
[19:53:17.707] DEBUG: Container 'StorageContainer' deferred UI update completed
[19:53:20.291] DEBUG: Starting teleportation to world
[19:53:20.292] DEBUG: Player inventory saved. Items count: 15
[19:53:20.292] DEBUG: Player inventory saved before teleportation to world
[19:53:21.291] DEBUG: Completing teleportation to world
[19:53:21.292] DEBUG: Player position loaded: (-1365.6129, 1240.3938)
[19:53:21.292] DEBUG: Teleport destination saved: (-1365.6129, 1240.3938)
[19:53:21.293] DEBUG: Player position loaded: (-1365.6129, 1240.3938)
[19:53:21.356] ERROR: InventoryUI: Player not found
[19:53:21.360] DEBUG: InteractionSystem found via exported path
[19:53:21.361] ERROR: InteractionSystem: Player not found
[19:53:21.362] INFO: 📁 File logging system initialized!
[19:53:21.362] INFO: 🚀 LevelGenerator starting up...
[19:53:21.376] DEBUG: AutoSave initialized with interval: 300s, active monitoring: True
[19:53:21.808] DEBUG: Created section at grid (0,0) with biome Techno
[19:53:21.808] DEBUG: Created section at grid (1,0) with biome Techno
[19:53:21.808] DEBUG: Created section at grid (2,0) with biome Ice
[19:53:21.809] DEBUG: Created section at grid (0,1) with biome Grassland
[19:53:21.809] DEBUG: Created section at grid (1,1) with biome Techno
[19:53:21.809] DEBUG: Created section at grid (2,1) with biome Techno
[19:53:21.809] DEBUG: Created section at grid (0,2) with biome Grassland
[19:53:21.810] DEBUG: Created section at grid (1,2) with biome Desert
[19:53:21.810] DEBUG: Created section at grid (2,2) with biome Lava Springs
[19:53:22.059] INFO: 🗺️ КАРТА: 150x150
[19:53:22.060] DEBUG: Updated DEBUG HUD with corners info: 🎯 УГЛЫ КАРТЫ:
TopLeft: (0, 0) -> (0, 0)
TopRight: (149, 0) -> (2384, 1192)
BottomLeft: (0, 149) -> (-2384, 1192)
BottomRight: (149, 149) -> (0, 2384)
[19:53:22.070] INFO: 🎯 ИГРОК: TopLeft (28, 42) -> (-224, 560)
[19:53:22.071] DEBUG: Camera following player at (-224, 560)
[19:53:22.073] ERROR: Selected section at (1, 1) has no spawn position!
[19:53:22.074] ERROR: ❌ CRITICAL: Multi-section spawn position is ZERO! Using emergency fallback!
