[20:30:35.733] 🚀 ========== SATELLITE GAME LOG SESSION STARTED ==========
[20:30:35.738] 📅 Date: 2025-08-12 20:30:35
[20:30:35.739] 🎮 Godot Version: { "major": 4, "minor": 4, "patch": 0, "hex": 263168, "status": "stable", "build": "official", "hash": "4c311cbee68c0b66ff8ebb8b0defdd9979dd2a41", "timestamp": 0, "string": "4.4-stable (official)" }
[20:30:35.739] 💻 Platform: Windows
[20:30:35.739] 🚀 =========================================================
[20:30:35.740] 
[20:30:35.740] DEBUG: SaveManager initialized, save path: C:/Users/koval/AppData/Roaming/Godot/app_userdata/Satellite\saves\game_save.json
[20:30:35.742] DEBUG: GameTimer initialized. Total play time: 00:00:00
[20:30:35.746] DEBUG: Continue button state updated: enabled
[20:30:35.746] DEBUG: Main menu initialized
[20:30:36.267] DEBUG: Continue button pressed
[20:30:36.285] DEBUG: Direct load completed successfully
[20:30:36.289] DEBUG: Game loaded successfully
[20:30:36.399] DEBUG: Module StartingModule initialized
[20:30:36.400] DEBUG: Found RespawnCapsule at path: RespawnCapsule
[20:30:36.400] DEBUG: Starting module initialized
[20:30:36.403] DEBUG: Created interaction area for module TeleportationModule with radius 150
[20:30:36.410] DEBUG: Teleport UI created
[20:30:36.410] DEBUG: Module TeleportationModule initialized
[20:30:36.411] DEBUG: Teleportation module initialized
[20:30:36.412] DEBUG: Station teleporter initialized
[20:30:36.413] DEBUG: Module StorageModule initialized
[20:30:36.421] DEBUG: Container 'StorageContainer' inventory changed
[20:30:36.421] DEBUG: Container 'StorageContainer' inventory changed
[20:30:36.423] DEBUG: Container 'StorageContainer' force-updated UI
[20:30:36.424] DEBUG: Module StorageModule2 initialized
[20:30:36.424] DEBUG: Container 'StorageContainer' inventory changed
[20:30:36.428] DEBUG: Container 'StorageContainer' inventory changed
[20:30:36.428] DEBUG: Container 'StorageContainer' force-updated UI
[20:30:36.434] ERROR: InventoryUI: Player not found
[20:30:36.440] DEBUG: ItemTooltip initialized
[20:30:36.445] DEBUG: InventoryContextMenu initialized
[20:30:36.446] DEBUG: Signal handlers are connected to context menu
[20:30:36.446] DEBUG: InventoryContextMenu created successfully
[20:30:36.448] DEBUG: DEBUG HUD for corner coordinates created
[20:30:36.450] ERROR: UIManager: InteractionSystem not found!
[20:30:36.450] DEBUG: UIManager initialized
[20:30:36.452] DEBUG: ItemTooltip created successfully for ContainerUI
[20:30:36.453] DEBUG: InventoryContextMenu created successfully for ContainerUI
[20:30:36.457] DEBUG: AutoSave initialized with interval: 300s, active monitoring: True
[20:30:36.460] DEBUG: ForceSaveSystem initialized
[20:30:36.463] DEBUG: Found TeleporterSpawnPoint at path: TeleporterSpawnPoint
[20:30:36.507] DEBUG: Camera following player at (565, 217)
[20:30:36.509] DEBUG: LoadInventory: Last inventory save time: 12/08/2025 20:30:36
[20:30:36.509] DEBUG: LoadInventory: Found saved inventory data, loading...
[20:30:36.510] DEBUG: LoadInventory: Found 15 items in saved inventory
[20:30:36.510] DEBUG: LoadInventory: Item: Organic Matter x30 (ID: resource_organic_matter)
[20:30:36.510] DEBUG: LoadInventory: Item: Metal Ore x20 (ID: resource_metal_ore)
[20:30:36.510] DEBUG: LoadInventory: Item: Crystal x15 (ID: resource_crystal)
[20:30:36.511] DEBUG: LoadInventory: Item: AntiMetal Ore x20 (ID: resource_antimetal_ore)
[20:30:36.511] DEBUG: LoadInventory: Item: Metal Ore x11 (ID: resource_metal_ore)
[20:30:36.511] DEBUG: LoadInventory: Item: AntiMetal Ore x1 (ID: resource_antimetal_ore)
[20:30:36.512] DEBUG: LoadInventory: Item: Organic Matter x5 (ID: resource_organic_matter)
[20:30:36.512] DEBUG: Player inventory changed. Items: 0
[20:30:36.513] DEBUG: Player inventory changed. Items: 15
[20:30:36.513] DEBUG: LoadInventory: Successfully deserialized inventory with 15 items
[20:30:36.513] DEBUG: LoadInventory: After loading: Organic Matter x30 (ID: resource_organic_matter)
[20:30:36.514] DEBUG: LoadInventory: After loading: Metal Ore x20 (ID: resource_metal_ore)
[20:30:36.514] DEBUG: LoadInventory: After loading: Crystal x15 (ID: resource_crystal)
[20:30:36.514] DEBUG: LoadInventory: After loading: AntiMetal Ore x20 (ID: resource_antimetal_ore)
[20:30:36.515] DEBUG: LoadInventory: After loading: Metal Ore x11 (ID: resource_metal_ore)
[20:30:36.515] DEBUG: LoadInventory: After loading: AntiMetal Ore x1 (ID: resource_antimetal_ore)
[20:30:36.515] DEBUG: LoadInventory: After loading: Organic Matter x5 (ID: resource_organic_matter)
[20:30:36.519] DEBUG: Player respawned at starting module
[20:30:36.900] DEBUG: Container 'StorageContainer' inventory changed
[20:30:36.901] DEBUG: Container 'StorageContainer' inventory changed
[20:30:36.901] DEBUG: Container 'StorageContainer' force-updated UI
[20:30:36.902] DEBUG: All icon sizes updated in container UI
[20:30:36.903] DEBUG: Container 'StorageContainer' deferred UI update completed
[20:30:39.387] DEBUG: Starting teleportation to world
[20:30:39.387] DEBUG: Player inventory saved. Items count: 15
[20:30:39.388] DEBUG: Player inventory saved before teleportation to world
[20:30:40.386] DEBUG: Completing teleportation to world
[20:30:40.387] DEBUG: Player position loaded: (128.26585, 372.03476)
[20:30:40.387] DEBUG: Teleport destination saved: (128.26585, 372.03476)
[20:30:40.388] DEBUG: Player position loaded: (128.26585, 372.03476)
[20:30:40.452] ERROR: InventoryUI: Player not found
[20:30:40.456] DEBUG: InteractionSystem found via exported path
[20:30:40.457] ERROR: InteractionSystem: Player not found
[20:30:40.458] INFO: 📁 File logging system initialized!
[20:30:40.458] INFO: 🚀 LevelGenerator starting up...
[20:30:40.472] DEBUG: AutoSave initialized with interval: 300s, active monitoring: True
[20:30:40.886] DEBUG: Created section at grid (0,0) with biome Grassland
[20:30:40.886] DEBUG: Created section at grid (1,0) with biome Techno
[20:30:40.887] DEBUG: Created section at grid (2,0) with biome Anomal
[20:30:40.887] DEBUG: Created section at grid (0,1) with biome Anomal
[20:30:40.888] DEBUG: Created section at grid (1,1) with biome Desert
[20:30:40.888] DEBUG: Created section at grid (2,1) with biome Desert
[20:30:40.888] DEBUG: Created section at grid (0,2) with biome Anomal
[20:30:40.888] DEBUG: Created section at grid (1,2) with biome Desert
[20:30:40.889] DEBUG: Created section at grid (2,2) with biome Lava Springs
[20:30:41.092] INFO: 🗺️ КАРТА: 150x150
[20:30:41.093] DEBUG: Updated DEBUG HUD with corners info: 🎯 УГЛЫ КАРТЫ:
TopLeft: (0, 0) -> (0, 0)
TopRight: (149, 0) -> (2384, 1192)
BottomLeft: (0, 149) -> (-2384, 1192)
BottomRight: (149, 149) -> (0, 2384)
[20:30:41.102] ERROR: 🚨 NO VALID SPAWN CORNERS FOUND! This should not happen!
[20:30:41.103] ERROR: 🚨 No valid corner spawns found! Activating EMERGENCY spawn system!
[20:30:41.105] INFO: 🆘 EMERGENCY spawn found at tile (75, 74) -> world (16, 1192)
[20:30:41.106] DEBUG: Camera following player at (16, 1192)
[20:30:41.108] ERROR: Selected section at (2, 0) has no spawn position!
[20:30:41.109] ERROR: ❌ CRITICAL: Multi-section spawn position is ZERO! Using emergency fallback!
[20:32:57.037] DEBUG: Saved play time: 00:02:21
