[18:39:28.760] 🚀 ========== SATELLITE GAME LOG SESSION STARTED ==========
[18:39:28.764] 📅 Date: 2025-08-12 18:39:28
[18:39:28.765] 🎮 Godot Version: { "major": 4, "minor": 4, "patch": 0, "hex": 263168, "status": "stable", "build": "official", "hash": "4c311cbee68c0b66ff8ebb8b0defdd9979dd2a41", "timestamp": 0, "string": "4.4-stable (official)" }
[18:39:28.766] 💻 Platform: Windows
[18:39:28.766] 🚀 =========================================================
[18:39:28.766] 
[18:39:28.767] DEBUG: SaveManager initialized, save path: C:/Users/koval/AppData/Roaming/Godot/app_userdata/Satellite\saves\game_save.json
[18:39:28.778] DEBUG: GameTimer initialized. Total play time: 00:00:00
[18:39:28.783] DEBUG: Continue button state updated: enabled
[18:39:28.783] DEBUG: Main menu initialized
[18:39:29.282] DEBUG: Continue button pressed
[18:39:29.300] DEBUG: Direct load completed successfully
[18:39:29.304] DEBUG: Game loaded successfully
[18:39:29.414] DEBUG: Module StartingModule initialized
[18:39:29.415] DEBUG: Found RespawnCapsule at path: RespawnCapsule
[18:39:29.415] DEBUG: Starting module initialized
[18:39:29.417] DEBUG: Created interaction area for module TeleportationModule with radius 150
[18:39:29.424] DEBUG: Teleport UI created
[18:39:29.424] DEBUG: Module TeleportationModule initialized
[18:39:29.424] DEBUG: Teleportation module initialized
[18:39:29.425] DEBUG: Station teleporter initialized
[18:39:29.426] DEBUG: Module StorageModule initialized
[18:39:29.434] DEBUG: Container 'StorageContainer' inventory changed
[18:39:29.435] DEBUG: Container 'StorageContainer' inventory changed
[18:39:29.436] DEBUG: Container 'StorageContainer' force-updated UI
[18:39:29.437] DEBUG: Module StorageModule2 initialized
[18:39:29.437] DEBUG: Container 'StorageContainer' inventory changed
[18:39:29.441] DEBUG: Container 'StorageContainer' inventory changed
[18:39:29.441] DEBUG: Container 'StorageContainer' force-updated UI
[18:39:29.447] ERROR: InventoryUI: Player not found
[18:39:29.454] DEBUG: ItemTooltip initialized
[18:39:29.459] DEBUG: InventoryContextMenu initialized
[18:39:29.460] DEBUG: Signal handlers are connected to context menu
[18:39:29.460] DEBUG: InventoryContextMenu created successfully
[18:39:29.462] DEBUG: DEBUG HUD for corner coordinates created
[18:39:29.463] ERROR: UIManager: InteractionSystem not found!
[18:39:29.464] DEBUG: UIManager initialized
[18:39:29.466] DEBUG: ItemTooltip created successfully for ContainerUI
[18:39:29.467] DEBUG: InventoryContextMenu created successfully for ContainerUI
[18:39:29.471] DEBUG: AutoSave initialized with interval: 300s, active monitoring: True
[18:39:29.474] DEBUG: ForceSaveSystem initialized
[18:39:29.478] DEBUG: Found TeleporterSpawnPoint at path: TeleporterSpawnPoint
[18:39:29.522] DEBUG: Camera following player at (565, 217)
[18:39:29.523] DEBUG: LoadInventory: Last inventory save time: 12/08/2025 18:39:29
[18:39:29.524] DEBUG: LoadInventory: Found saved inventory data, loading...
[18:39:29.524] DEBUG: LoadInventory: Found 15 items in saved inventory
[18:39:29.524] DEBUG: LoadInventory: Item: Organic Matter x30 (ID: resource_organic_matter)
[18:39:29.525] DEBUG: LoadInventory: Item: Metal Ore x20 (ID: resource_metal_ore)
[18:39:29.525] DEBUG: LoadInventory: Item: Crystal x15 (ID: resource_crystal)
[18:39:29.526] DEBUG: LoadInventory: Item: AntiMetal Ore x20 (ID: resource_antimetal_ore)
[18:39:29.526] DEBUG: LoadInventory: Item: Metal Ore x11 (ID: resource_metal_ore)
[18:39:29.526] DEBUG: LoadInventory: Item: AntiMetal Ore x1 (ID: resource_antimetal_ore)
[18:39:29.527] DEBUG: LoadInventory: Item: Organic Matter x5 (ID: resource_organic_matter)
[18:39:29.527] DEBUG: Player inventory changed. Items: 0
[18:39:29.527] DEBUG: Player inventory changed. Items: 15
[18:39:29.528] DEBUG: LoadInventory: Successfully deserialized inventory with 15 items
[18:39:29.528] DEBUG: LoadInventory: After loading: Organic Matter x30 (ID: resource_organic_matter)
[18:39:29.528] DEBUG: LoadInventory: After loading: Metal Ore x20 (ID: resource_metal_ore)
[18:39:29.529] DEBUG: LoadInventory: After loading: Crystal x15 (ID: resource_crystal)
[18:39:29.529] DEBUG: LoadInventory: After loading: AntiMetal Ore x20 (ID: resource_antimetal_ore)
[18:39:29.529] DEBUG: LoadInventory: After loading: Metal Ore x11 (ID: resource_metal_ore)
[18:39:29.530] DEBUG: LoadInventory: After loading: AntiMetal Ore x1 (ID: resource_antimetal_ore)
[18:39:29.530] DEBUG: LoadInventory: After loading: Organic Matter x5 (ID: resource_organic_matter)
[18:39:29.533] DEBUG: Player respawned at starting module
[18:39:29.899] DEBUG: Container 'StorageContainer' inventory changed
[18:39:29.899] DEBUG: Container 'StorageContainer' inventory changed
[18:39:29.899] DEBUG: Container 'StorageContainer' force-updated UI
[18:39:29.900] DEBUG: All icon sizes updated in container UI
[18:39:29.900] DEBUG: Container 'StorageContainer' deferred UI update completed
[18:39:32.052] DEBUG: Starting teleportation to world
[18:39:32.065] DEBUG: Player inventory saved. Items count: 15
[18:39:32.065] DEBUG: Player inventory saved before teleportation to world
[18:39:33.052] DEBUG: Completing teleportation to world
[18:39:33.053] DEBUG: Player position loaded: (71.579384, 343.71103)
[18:39:33.053] DEBUG: Teleport destination saved: (71.579384, 343.71103)
[18:39:33.054] DEBUG: Player position loaded: (71.579384, 343.71103)
[18:39:33.117] ERROR: InventoryUI: Player not found
[18:39:33.121] DEBUG: InteractionSystem found via exported path
[18:39:33.122] ERROR: InteractionSystem: Player not found
[18:39:33.123] INFO: 📁 File logging system initialized!
[18:39:33.123] INFO: 🚀 LevelGenerator starting up...
[18:39:33.138] DEBUG: AutoSave initialized with interval: 300s, active monitoring: True
[18:39:33.551] DEBUG: Created section at grid (0,0) with biome Techno
[18:39:33.552] DEBUG: Created section at grid (1,0) with biome Techno
[18:39:33.552] DEBUG: Created section at grid (2,0) with biome Lava Springs
[18:39:33.552] DEBUG: Created section at grid (0,1) with biome Ice
[18:39:33.553] DEBUG: Created section at grid (1,1) with biome Ice
[18:39:33.553] DEBUG: Created section at grid (2,1) with biome Lava Springs
[18:39:33.554] DEBUG: Created section at grid (0,2) with biome Lava Springs
[18:39:33.554] DEBUG: Created section at grid (1,2) with biome Forest
[18:39:33.554] DEBUG: Created section at grid (2,2) with biome Desert
[18:39:33.785] INFO: 🗺️ КАРТА: 150x150
[18:39:33.786] DEBUG: Updated DEBUG HUD with corners info: 🎯 УГЛЫ КАРТЫ:
TopLeft: (0, 0) -> (0, 0)
TopRight: (149, 0) -> (2384, 1192)
BottomLeft: (0, 149) -> (-2384, 1192)
BottomRight: (149, 149) -> (0, 2384)
[18:39:33.796] INFO: 🎯 ИГРОК: BottomRight (107, 107) -> (0, 1712)
[18:39:33.798] DEBUG: Camera following player at (0, 1712)
[18:39:33.800] ERROR: Selected section at (2, 0) has no spawn position!
[18:39:33.801] ERROR: ❌ CRITICAL: Multi-section spawn position is ZERO! Using emergency fallback!
[18:42:05.415] DEBUG: Saved play time: 00:02:36
