[19:48:15.012] 🚀 ========== SATELLITE GAME LOG SESSION STARTED ==========
[19:48:15.016] 📅 Date: 2025-08-12 19:48:15
[19:48:15.017] 🎮 Godot Version: { "major": 4, "minor": 4, "patch": 0, "hex": 263168, "status": "stable", "build": "official", "hash": "4c311cbee68c0b66ff8ebb8b0defdd9979dd2a41", "timestamp": 0, "string": "4.4-stable (official)" }
[19:48:15.017] 💻 Platform: Windows
[19:48:15.017] 🚀 =========================================================
[19:48:15.017] 
[19:48:15.018] DEBUG: SaveManager initialized, save path: C:/Users/koval/AppData/Roaming/Godot/app_userdata/Satellite\saves\game_save.json
[19:48:15.020] DEBUG: GameTimer initialized. Total play time: 00:00:00
[19:48:15.023] DEBUG: Continue button state updated: enabled
[19:48:15.023] DEBUG: Main menu initialized
[19:48:15.560] DEBUG: Continue button pressed
[19:48:15.578] DEBUG: Direct load completed successfully
[19:48:15.582] DEBUG: Game loaded successfully
[19:48:15.692] DEBUG: Module StartingModule initialized
[19:48:15.693] DEBUG: Found RespawnCapsule at path: RespawnCapsule
[19:48:15.693] DEBUG: Starting module initialized
[19:48:15.695] DEBUG: Created interaction area for module TeleportationModule with radius 150
[19:48:15.702] DEBUG: Teleport UI created
[19:48:15.702] DEBUG: Module TeleportationModule initialized
[19:48:15.703] DEBUG: Teleportation module initialized
[19:48:15.704] DEBUG: Station teleporter initialized
[19:48:15.704] DEBUG: Module StorageModule initialized
[19:48:15.712] DEBUG: Container 'StorageContainer' inventory changed
[19:48:15.713] DEBUG: Container 'StorageContainer' inventory changed
[19:48:15.714] DEBUG: Container 'StorageContainer' force-updated UI
[19:48:15.715] DEBUG: Module StorageModule2 initialized
[19:48:15.716] DEBUG: Container 'StorageContainer' inventory changed
[19:48:15.719] DEBUG: Container 'StorageContainer' inventory changed
[19:48:15.720] DEBUG: Container 'StorageContainer' force-updated UI
[19:48:15.726] ERROR: InventoryUI: Player not found
[19:48:15.732] DEBUG: ItemTooltip initialized
[19:48:15.737] DEBUG: InventoryContextMenu initialized
[19:48:15.738] DEBUG: Signal handlers are connected to context menu
[19:48:15.738] DEBUG: InventoryContextMenu created successfully
[19:48:15.740] DEBUG: DEBUG HUD for corner coordinates created
[19:48:15.741] ERROR: UIManager: InteractionSystem not found!
[19:48:15.742] DEBUG: UIManager initialized
[19:48:15.744] DEBUG: ItemTooltip created successfully for ContainerUI
[19:48:15.745] DEBUG: InventoryContextMenu created successfully for ContainerUI
[19:48:15.749] DEBUG: AutoSave initialized with interval: 300s, active monitoring: True
[19:48:15.751] DEBUG: ForceSaveSystem initialized
[19:48:15.755] DEBUG: Found TeleporterSpawnPoint at path: TeleporterSpawnPoint
[19:48:15.799] DEBUG: Camera following player at (565, 217)
[19:48:15.800] DEBUG: LoadInventory: Last inventory save time: 12/08/2025 19:48:15
[19:48:15.800] DEBUG: LoadInventory: Found saved inventory data, loading...
[19:48:15.801] DEBUG: LoadInventory: Found 15 items in saved inventory
[19:48:15.801] DEBUG: LoadInventory: Item: Organic Matter x30 (ID: resource_organic_matter)
[19:48:15.801] DEBUG: LoadInventory: Item: Metal Ore x20 (ID: resource_metal_ore)
[19:48:15.801] DEBUG: LoadInventory: Item: Crystal x15 (ID: resource_crystal)
[19:48:15.802] DEBUG: LoadInventory: Item: AntiMetal Ore x20 (ID: resource_antimetal_ore)
[19:48:15.802] DEBUG: LoadInventory: Item: Metal Ore x11 (ID: resource_metal_ore)
[19:48:15.802] DEBUG: LoadInventory: Item: AntiMetal Ore x1 (ID: resource_antimetal_ore)
[19:48:15.802] DEBUG: LoadInventory: Item: Organic Matter x5 (ID: resource_organic_matter)
[19:48:15.803] DEBUG: Player inventory changed. Items: 0
[19:48:15.803] DEBUG: Player inventory changed. Items: 15
[19:48:15.803] DEBUG: LoadInventory: Successfully deserialized inventory with 15 items
[19:48:15.804] DEBUG: LoadInventory: After loading: Organic Matter x30 (ID: resource_organic_matter)
[19:48:15.804] DEBUG: LoadInventory: After loading: Metal Ore x20 (ID: resource_metal_ore)
[19:48:15.804] DEBUG: LoadInventory: After loading: Crystal x15 (ID: resource_crystal)
[19:48:15.804] DEBUG: LoadInventory: After loading: AntiMetal Ore x20 (ID: resource_antimetal_ore)
[19:48:15.805] DEBUG: LoadInventory: After loading: Metal Ore x11 (ID: resource_metal_ore)
[19:48:15.805] DEBUG: LoadInventory: After loading: AntiMetal Ore x1 (ID: resource_antimetal_ore)
[19:48:15.805] DEBUG: LoadInventory: After loading: Organic Matter x5 (ID: resource_organic_matter)
[19:48:15.808] DEBUG: Player respawned at starting module
[19:48:16.192] DEBUG: Container 'StorageContainer' inventory changed
[19:48:16.193] DEBUG: Container 'StorageContainer' inventory changed
[19:48:16.193] DEBUG: Container 'StorageContainer' force-updated UI
[19:48:16.194] DEBUG: All icon sizes updated in container UI
[19:48:16.194] DEBUG: Container 'StorageContainer' deferred UI update completed
[19:48:18.362] DEBUG: Starting teleportation to world
[19:48:18.363] DEBUG: Player inventory saved. Items count: 15
[19:48:18.363] DEBUG: Player inventory saved before teleportation to world
[19:48:19.361] DEBUG: Completing teleportation to world
[19:48:19.362] DEBUG: Player position loaded: (-2160, 1176)
[19:48:19.362] DEBUG: Teleport destination saved: (-2160, 1176)
[19:48:19.363] DEBUG: Player position loaded: (-2160, 1176)
[19:48:19.426] ERROR: InventoryUI: Player not found
[19:48:19.431] DEBUG: InteractionSystem found via exported path
[19:48:19.432] ERROR: InteractionSystem: Player not found
[19:48:19.433] INFO: 📁 File logging system initialized!
[19:48:19.433] INFO: 🚀 LevelGenerator starting up...
[19:48:19.447] DEBUG: AutoSave initialized with interval: 300s, active monitoring: True
[19:48:19.845] DEBUG: Created section at grid (0,0) with biome Techno
[19:48:19.845] DEBUG: Created section at grid (1,0) with biome Lava Springs
[19:48:19.845] DEBUG: Created section at grid (2,0) with biome Lava Springs
[19:48:19.845] DEBUG: Created section at grid (0,1) with biome Anomal
[19:48:19.846] DEBUG: Created section at grid (1,1) with biome Anomal
[19:48:19.846] DEBUG: Created section at grid (2,1) with biome Lava Springs
[19:48:19.847] DEBUG: Created section at grid (0,2) with biome Lava Springs
[19:48:19.847] DEBUG: Created section at grid (1,2) with biome Grassland
[19:48:19.847] DEBUG: Created section at grid (2,2) with biome Forest
[19:48:20.079] INFO: 🗺️ КАРТА: 150x150
[19:48:20.080] DEBUG: Updated DEBUG HUD with corners info: 🎯 УГЛЫ КАРТЫ:
TopLeft: (0, 0) -> (0, 0)
TopRight: (149, 0) -> (2384, 1192)
BottomLeft: (0, 149) -> (-2384, 1192)
BottomRight: (149, 149) -> (0, 2384)
[19:48:20.088] ERROR: 🚨 NO VALID SPAWN CORNERS FOUND! This should not happen!
[19:48:20.090] ERROR: 🚨 No valid corner spawns found! Activating EMERGENCY spawn system!
[19:48:20.092] INFO: 🆘 EMERGENCY spawn found at tile (76, 74) -> world (32, 1200)
[19:48:20.093] DEBUG: Camera following player at (32, 1200)
[19:48:20.095] ERROR: Selected section at (0, 2) has no spawn position!
[19:48:20.096] ERROR: ❌ CRITICAL: Multi-section spawn position is ZERO! Using emergency fallback!
[19:48:42.213] DEBUG: Created section at grid (0,0) with biome Techno
[19:48:42.214] DEBUG: Created section at grid (1,0) with biome Lava Springs
[19:48:42.214] DEBUG: Created section at grid (2,0) with biome Grassland
[19:48:42.214] DEBUG: Created section at grid (0,1) with biome Forest
[19:48:42.215] DEBUG: Created section at grid (1,1) with biome Techno
[19:48:42.215] DEBUG: Created section at grid (2,1) with biome Forest
[19:48:42.215] DEBUG: Created section at grid (0,2) with biome Forest
[19:48:42.216] DEBUG: Created section at grid (1,2) with biome Grassland
[19:48:42.216] DEBUG: Created section at grid (2,2) with biome Desert
[19:48:42.309] INFO: 🗺️ КАРТА: 150x150
[19:48:42.309] DEBUG: Updated DEBUG HUD with corners info: 🎯 УГЛЫ КАРТЫ:
TopLeft: (0, 0) -> (0, 0)
TopRight: (149, 0) -> (2384, 1192)
BottomLeft: (0, 149) -> (-2384, 1192)
BottomRight: (149, 149) -> (0, 2384)
[19:48:42.314] INFO: 🎯 ИГРОК: BottomRight (107, 107) -> (0, 1712)
[19:48:42.314] DEBUG: Camera following player at (0, 1712)
[19:48:42.316] ERROR: Selected section at (1, 2) has no spawn position!
[19:48:42.316] ERROR: ❌ CRITICAL: Multi-section spawn position is ZERO! Using emergency fallback!
[19:49:43.401] DEBUG: Saved play time: 00:01:28
