[19:57:29.800] 🚀 ========== SATELLITE GAME LOG SESSION STARTED ==========
[19:57:29.805] 📅 Date: 2025-08-12 19:57:29
[19:57:29.806] 🎮 Godot Version: { "major": 4, "minor": 4, "patch": 0, "hex": 263168, "status": "stable", "build": "official", "hash": "4c311cbee68c0b66ff8ebb8b0defdd9979dd2a41", "timestamp": 0, "string": "4.4-stable (official)" }
[19:57:29.806] 💻 Platform: Windows
[19:57:29.806] 🚀 =========================================================
[19:57:29.806] 
[19:57:29.807] DEBUG: SaveManager initialized, save path: C:/Users/koval/AppData/Roaming/Godot/app_userdata/Satellite\saves\game_save.json
[19:57:29.819] DEBUG: GameTimer initialized. Total play time: 00:00:00
[19:57:29.823] DEBUG: Continue button state updated: enabled
[19:57:29.823] DEBUG: Main menu initialized
[19:57:30.399] DEBUG: Continue button pressed
[19:57:30.417] DEBUG: Direct load completed successfully
[19:57:30.421] DEBUG: Game loaded successfully
[19:57:30.528] DEBUG: Module StartingModule initialized
[19:57:30.529] DEBUG: Found RespawnCapsule at path: RespawnCapsule
[19:57:30.529] DEBUG: Starting module initialized
[19:57:30.531] DEBUG: Created interaction area for module TeleportationModule with radius 150
[19:57:30.538] DEBUG: Teleport UI created
[19:57:30.539] DEBUG: Module TeleportationModule initialized
[19:57:30.539] DEBUG: Teleportation module initialized
[19:57:30.540] DEBUG: Station teleporter initialized
[19:57:30.541] DEBUG: Module StorageModule initialized
[19:57:30.549] DEBUG: Container 'StorageContainer' inventory changed
[19:57:30.550] DEBUG: Container 'StorageContainer' inventory changed
[19:57:30.551] DEBUG: Container 'StorageContainer' force-updated UI
[19:57:30.552] DEBUG: Module StorageModule2 initialized
[19:57:30.552] DEBUG: Container 'StorageContainer' inventory changed
[19:57:30.556] DEBUG: Container 'StorageContainer' inventory changed
[19:57:30.556] DEBUG: Container 'StorageContainer' force-updated UI
[19:57:30.562] ERROR: InventoryUI: Player not found
[19:57:30.569] DEBUG: ItemTooltip initialized
[19:57:30.574] DEBUG: InventoryContextMenu initialized
[19:57:30.574] DEBUG: Signal handlers are connected to context menu
[19:57:30.574] DEBUG: InventoryContextMenu created successfully
[19:57:30.576] DEBUG: DEBUG HUD for corner coordinates created
[19:57:30.578] ERROR: UIManager: InteractionSystem not found!
[19:57:30.578] DEBUG: UIManager initialized
[19:57:30.581] DEBUG: ItemTooltip created successfully for ContainerUI
[19:57:30.582] DEBUG: InventoryContextMenu created successfully for ContainerUI
[19:57:30.586] DEBUG: AutoSave initialized with interval: 300s, active monitoring: True
[19:57:30.589] DEBUG: ForceSaveSystem initialized
[19:57:30.593] DEBUG: Found TeleporterSpawnPoint at path: TeleporterSpawnPoint
[19:57:30.622] DEBUG: Camera following player at (565, 217)
[19:57:30.624] DEBUG: LoadInventory: Last inventory save time: 12/08/2025 19:57:30
[19:57:30.624] DEBUG: LoadInventory: Found saved inventory data, loading...
[19:57:30.625] DEBUG: LoadInventory: Found 15 items in saved inventory
[19:57:30.625] DEBUG: LoadInventory: Item: Organic Matter x30 (ID: resource_organic_matter)
[19:57:30.625] DEBUG: LoadInventory: Item: Metal Ore x20 (ID: resource_metal_ore)
[19:57:30.625] DEBUG: LoadInventory: Item: Crystal x15 (ID: resource_crystal)
[19:57:30.626] DEBUG: LoadInventory: Item: AntiMetal Ore x20 (ID: resource_antimetal_ore)
[19:57:30.626] DEBUG: LoadInventory: Item: Metal Ore x11 (ID: resource_metal_ore)
[19:57:30.626] DEBUG: LoadInventory: Item: AntiMetal Ore x1 (ID: resource_antimetal_ore)
[19:57:30.627] DEBUG: LoadInventory: Item: Organic Matter x5 (ID: resource_organic_matter)
[19:57:30.627] DEBUG: Player inventory changed. Items: 0
[19:57:30.628] DEBUG: Player inventory changed. Items: 15
[19:57:30.628] DEBUG: LoadInventory: Successfully deserialized inventory with 15 items
[19:57:30.628] DEBUG: LoadInventory: After loading: Organic Matter x30 (ID: resource_organic_matter)
[19:57:30.628] DEBUG: LoadInventory: After loading: Metal Ore x20 (ID: resource_metal_ore)
[19:57:30.629] DEBUG: LoadInventory: After loading: Crystal x15 (ID: resource_crystal)
[19:57:30.629] DEBUG: LoadInventory: After loading: AntiMetal Ore x20 (ID: resource_antimetal_ore)
[19:57:30.629] DEBUG: LoadInventory: After loading: Metal Ore x11 (ID: resource_metal_ore)
[19:57:30.630] DEBUG: LoadInventory: After loading: AntiMetal Ore x1 (ID: resource_antimetal_ore)
[19:57:30.630] DEBUG: LoadInventory: After loading: Organic Matter x5 (ID: resource_organic_matter)
[19:57:30.634] DEBUG: Player respawned at starting module
[19:57:31.016] DEBUG: Container 'StorageContainer' inventory changed
[19:57:31.017] DEBUG: Container 'StorageContainer' inventory changed
[19:57:31.017] DEBUG: Container 'StorageContainer' force-updated UI
[19:57:31.018] DEBUG: All icon sizes updated in container UI
[19:57:31.018] DEBUG: Container 'StorageContainer' deferred UI update completed
[19:57:33.252] DEBUG: Starting teleportation to world
[19:57:33.253] DEBUG: Player inventory saved. Items count: 15
[19:57:33.253] DEBUG: Player inventory saved before teleportation to world
[19:57:34.251] DEBUG: Completing teleportation to world
[19:57:34.252] DEBUG: Player position loaded: (56.332146, 935.60876)
[19:57:34.252] DEBUG: Teleport destination saved: (56.332146, 935.60876)
[19:57:34.253] DEBUG: Player position loaded: (56.332146, 935.60876)
[19:57:34.316] ERROR: InventoryUI: Player not found
[19:57:34.320] DEBUG: InteractionSystem found via exported path
[19:57:34.321] ERROR: InteractionSystem: Player not found
[19:57:34.322] INFO: 📁 File logging system initialized!
[19:57:34.322] INFO: 🚀 LevelGenerator starting up...
[19:57:34.337] DEBUG: AutoSave initialized with interval: 300s, active monitoring: True
[19:57:34.735] DEBUG: Created section at grid (0,0) with biome Techno
[19:57:34.735] DEBUG: Created section at grid (1,0) with biome Forest
[19:57:34.736] DEBUG: Created section at grid (2,0) with biome Anomal
[19:57:34.736] DEBUG: Created section at grid (0,1) with biome Ice
[19:57:34.736] DEBUG: Created section at grid (1,1) with biome Techno
[19:57:34.737] DEBUG: Created section at grid (2,1) with biome Desert
[19:57:34.737] DEBUG: Created section at grid (0,2) with biome Grassland
[19:57:34.737] DEBUG: Created section at grid (1,2) with biome Lava Springs
[19:57:34.738] DEBUG: Created section at grid (2,2) with biome Desert
[19:57:34.971] INFO: 🗺️ КАРТА: 150x150
[19:57:34.972] DEBUG: Updated DEBUG HUD with corners info: 🎯 УГЛЫ КАРТЫ:
TopLeft: (0, 0) -> (0, 0)
TopRight: (149, 0) -> (2384, 1192)
BottomLeft: (0, 149) -> (-2384, 1192)
BottomRight: (149, 149) -> (0, 2384)
[19:57:34.982] INFO: 🎯 ИГРОК: BottomLeft (6, 107) -> (-1616, 904)
[19:57:34.983] DEBUG: Camera following player at (-1616, 904)
[19:57:34.986] ERROR: Selected section at (2, 1) has no spawn position!
[19:57:34.987] ERROR: ❌ CRITICAL: Multi-section spawn position is ZERO! Using emergency fallback!
[19:57:40.570] DEBUG: Created section at grid (0,0) with biome Grassland
[19:57:40.570] DEBUG: Created section at grid (1,0) with biome Techno
[19:57:40.570] DEBUG: Created section at grid (2,0) with biome Desert
[19:57:40.571] DEBUG: Created section at grid (0,1) with biome Desert
[19:57:40.571] DEBUG: Created section at grid (1,1) with biome Grassland
[19:57:40.571] DEBUG: Created section at grid (2,1) with biome Desert
[19:57:40.571] DEBUG: Created section at grid (0,2) with biome Grassland
[19:57:40.572] DEBUG: Created section at grid (1,2) with biome Desert
[19:57:40.572] DEBUG: Created section at grid (2,2) with biome Techno
[19:57:40.689] INFO: 🗺️ КАРТА: 150x150
[19:57:40.690] DEBUG: Updated DEBUG HUD with corners info: 🎯 УГЛЫ КАРТЫ:
TopLeft: (0, 0) -> (0, 0)
TopRight: (149, 0) -> (2384, 1192)
BottomLeft: (0, 149) -> (-2384, 1192)
BottomRight: (149, 149) -> (0, 2384)
[19:57:40.694] INFO: 🎯 ИГРОК: BottomRight (107, 107) -> (0, 1712)
[19:57:40.695] DEBUG: Camera following player at (0, 1712)
[19:57:40.696] ERROR: Selected section at (0, 1) has no spawn position!
[19:57:40.697] ERROR: ❌ CRITICAL: Multi-section spawn position is ZERO! Using emergency fallback!
[19:57:43.952] DEBUG: Created section at grid (0,0) with biome Ice
[19:57:43.953] DEBUG: Created section at grid (1,0) with biome Desert
[19:57:43.953] DEBUG: Created section at grid (2,0) with biome Grassland
[19:57:43.953] DEBUG: Created section at grid (0,1) with biome Ice
[19:57:43.954] DEBUG: Created section at grid (1,1) with biome Ice
[19:57:43.954] DEBUG: Created section at grid (2,1) with biome Lava Springs
[19:57:43.954] DEBUG: Created section at grid (0,2) with biome Grassland
[19:57:43.955] DEBUG: Created section at grid (1,2) with biome Grassland
[19:57:43.955] DEBUG: Created section at grid (2,2) with biome Anomal
[19:57:44.089] INFO: 🗺️ КАРТА: 150x150
[19:57:44.090] DEBUG: Updated DEBUG HUD with corners info: 🎯 УГЛЫ КАРТЫ:
TopLeft: (0, 0) -> (0, 0)
TopRight: (149, 0) -> (2384, 1192)
BottomLeft: (0, 149) -> (-2384, 1192)
BottomRight: (149, 149) -> (0, 2384)
[19:57:44.095] INFO: 🎯 ИГРОК: TopRight (107, 6) -> (1616, 904)
[19:57:44.095] DEBUG: Camera following player at (1616, 904)
[19:57:44.096] ERROR: Selected section at (1, 0) has no spawn position!
[19:57:44.097] ERROR: ❌ CRITICAL: Multi-section spawn position is ZERO! Using emergency fallback!
[19:57:51.058] DEBUG: Saved play time: 00:00:21
