[20:00:05.596] 🚀 ========== SATELLITE GAME LOG SESSION STARTED ==========
[20:00:05.601] 📅 Date: 2025-08-12 20:00:05
[20:00:05.601] 🎮 Godot Version: { "major": 4, "minor": 4, "patch": 0, "hex": 263168, "status": "stable", "build": "official", "hash": "4c311cbee68c0b66ff8ebb8b0defdd9979dd2a41", "timestamp": 0, "string": "4.4-stable (official)" }
[20:00:05.602] 💻 Platform: Windows
[20:00:05.602] 🚀 =========================================================
[20:00:05.602] 
[20:00:05.603] DEBUG: SaveManager initialized, save path: C:/Users/koval/AppData/Roaming/Godot/app_userdata/Satellite\saves\game_save.json
[20:00:05.605] DEBUG: GameTimer initialized. Total play time: 00:00:00
[20:00:05.609] DEBUG: Continue button state updated: enabled
[20:00:05.609] DEBUG: Main menu initialized
[20:00:06.256] DEBUG: Continue button pressed
[20:00:06.274] DEBUG: Direct load completed successfully
[20:00:06.278] DEBUG: Game loaded successfully
[20:00:06.390] DEBUG: Module StartingModule initialized
[20:00:06.390] DEBUG: Found RespawnCapsule at path: RespawnCapsule
[20:00:06.391] DEBUG: Starting module initialized
[20:00:06.392] DEBUG: Created interaction area for module TeleportationModule with radius 150
[20:00:06.399] DEBUG: Teleport UI created
[20:00:06.399] DEBUG: Module TeleportationModule initialized
[20:00:06.400] DEBUG: Teleportation module initialized
[20:00:06.401] DEBUG: Station teleporter initialized
[20:00:06.401] DEBUG: Module StorageModule initialized
[20:00:06.409] DEBUG: Container 'StorageContainer' inventory changed
[20:00:06.410] DEBUG: Container 'StorageContainer' inventory changed
[20:00:06.411] DEBUG: Container 'StorageContainer' force-updated UI
[20:00:06.412] DEBUG: Module StorageModule2 initialized
[20:00:06.412] DEBUG: Container 'StorageContainer' inventory changed
[20:00:06.416] DEBUG: Container 'StorageContainer' inventory changed
[20:00:06.416] DEBUG: Container 'StorageContainer' force-updated UI
[20:00:06.422] ERROR: InventoryUI: Player not found
[20:00:06.428] DEBUG: ItemTooltip initialized
[20:00:06.433] DEBUG: InventoryContextMenu initialized
[20:00:06.434] DEBUG: Signal handlers are connected to context menu
[20:00:06.434] DEBUG: InventoryContextMenu created successfully
[20:00:06.436] DEBUG: DEBUG HUD for corner coordinates created
[20:00:06.437] ERROR: UIManager: InteractionSystem not found!
[20:00:06.437] DEBUG: UIManager initialized
[20:00:06.439] DEBUG: ItemTooltip created successfully for ContainerUI
[20:00:06.440] DEBUG: InventoryContextMenu created successfully for ContainerUI
[20:00:06.444] DEBUG: AutoSave initialized with interval: 300s, active monitoring: True
[20:00:06.447] DEBUG: ForceSaveSystem initialized
[20:00:06.450] DEBUG: Found TeleporterSpawnPoint at path: TeleporterSpawnPoint
[20:00:06.495] DEBUG: Camera following player at (565, 217)
[20:00:06.497] DEBUG: LoadInventory: Last inventory save time: 12/08/2025 20:00:06
[20:00:06.497] DEBUG: LoadInventory: Found saved inventory data, loading...
[20:00:06.497] DEBUG: LoadInventory: Found 15 items in saved inventory
[20:00:06.498] DEBUG: LoadInventory: Item: Organic Matter x30 (ID: resource_organic_matter)
[20:00:06.498] DEBUG: LoadInventory: Item: Metal Ore x20 (ID: resource_metal_ore)
[20:00:06.498] DEBUG: LoadInventory: Item: Crystal x15 (ID: resource_crystal)
[20:00:06.499] DEBUG: LoadInventory: Item: AntiMetal Ore x20 (ID: resource_antimetal_ore)
[20:00:06.499] DEBUG: LoadInventory: Item: Metal Ore x11 (ID: resource_metal_ore)
[20:00:06.499] DEBUG: LoadInventory: Item: AntiMetal Ore x1 (ID: resource_antimetal_ore)
[20:00:06.500] DEBUG: LoadInventory: Item: Organic Matter x5 (ID: resource_organic_matter)
[20:00:06.500] DEBUG: Player inventory changed. Items: 0
[20:00:06.501] DEBUG: Player inventory changed. Items: 15
[20:00:06.501] DEBUG: LoadInventory: Successfully deserialized inventory with 15 items
[20:00:06.501] DEBUG: LoadInventory: After loading: Organic Matter x30 (ID: resource_organic_matter)
[20:00:06.502] DEBUG: LoadInventory: After loading: Metal Ore x20 (ID: resource_metal_ore)
[20:00:06.502] DEBUG: LoadInventory: After loading: Crystal x15 (ID: resource_crystal)
[20:00:06.503] DEBUG: LoadInventory: After loading: AntiMetal Ore x20 (ID: resource_antimetal_ore)
[20:00:06.503] DEBUG: LoadInventory: After loading: Metal Ore x11 (ID: resource_metal_ore)
[20:00:06.503] DEBUG: LoadInventory: After loading: AntiMetal Ore x1 (ID: resource_antimetal_ore)
[20:00:06.503] DEBUG: LoadInventory: After loading: Organic Matter x5 (ID: resource_organic_matter)
[20:00:06.507] DEBUG: Player respawned at starting module
[20:00:06.889] DEBUG: Container 'StorageContainer' inventory changed
[20:00:06.890] DEBUG: Container 'StorageContainer' inventory changed
[20:00:06.890] DEBUG: Container 'StorageContainer' force-updated UI
[20:00:06.891] DEBUG: All icon sizes updated in container UI
[20:00:06.891] DEBUG: Container 'StorageContainer' deferred UI update completed
[20:00:09.092] DEBUG: Starting teleportation to world
[20:00:09.093] DEBUG: Player inventory saved. Items count: 15
[20:00:09.093] DEBUG: Player inventory saved before teleportation to world
[20:00:10.092] DEBUG: Completing teleportation to world
[20:00:10.093] DEBUG: Player position loaded: (84.395004, 355.6368)
[20:00:10.093] DEBUG: Teleport destination saved: (84.395004, 355.6368)
[20:00:10.094] DEBUG: Player position loaded: (84.395004, 355.6368)
[20:00:10.159] ERROR: InventoryUI: Player not found
[20:00:10.163] DEBUG: InteractionSystem found via exported path
[20:00:10.164] ERROR: InteractionSystem: Player not found
[20:00:10.165] INFO: 📁 File logging system initialized!
[20:00:10.165] INFO: 🚀 LevelGenerator starting up...
[20:00:10.180] DEBUG: AutoSave initialized with interval: 300s, active monitoring: True
[20:00:10.608] DEBUG: Created section at grid (0,0) with biome Techno
[20:00:10.609] DEBUG: Created section at grid (1,0) with biome Ice
[20:00:10.609] DEBUG: Created section at grid (2,0) with biome Forest
[20:00:10.609] DEBUG: Created section at grid (0,1) with biome Techno
[20:00:10.610] DEBUG: Created section at grid (1,1) with biome Anomal
[20:00:10.610] DEBUG: Created section at grid (2,1) with biome Techno
[20:00:10.611] DEBUG: Created section at grid (0,2) with biome Anomal
[20:00:10.611] DEBUG: Created section at grid (1,2) with biome Ice
[20:00:10.611] DEBUG: Created section at grid (2,2) with biome Grassland
[20:00:10.827] INFO: 🗺️ КАРТА: 150x150
[20:00:10.828] DEBUG: Updated DEBUG HUD with corners info: 🎯 УГЛЫ КАРТЫ:
TopLeft: (0, 0) -> (0, 0)
TopRight: (149, 0) -> (2384, 1192)
BottomLeft: (0, 149) -> (-2384, 1192)
BottomRight: (149, 149) -> (0, 2384)
[20:00:10.839] INFO: 🎯 ИГРОК: BottomRight (107, 109) -> (-32, 1728)
[20:00:10.840] DEBUG: Camera following player at (-32, 1728)
[20:00:10.842] ERROR: Selected section at (1, 0) has no spawn position!
[20:00:10.843] ERROR: ❌ CRITICAL: Multi-section spawn position is ZERO! Using emergency fallback!
[20:00:21.854] DEBUG: Saved play time: 00:00:16
