[19:18:17.939] 🚀 ========== SATELLITE GAME LOG SESSION STARTED ==========
[19:18:17.944] 📅 Date: 2025-08-12 19:18:17
[19:18:17.945] 🎮 Godot Version: { "major": 4, "minor": 4, "patch": 0, "hex": 263168, "status": "stable", "build": "official", "hash": "4c311cbee68c0b66ff8ebb8b0defdd9979dd2a41", "timestamp": 0, "string": "4.4-stable (official)" }
[19:18:17.945] 💻 Platform: Windows
[19:18:17.945] 🚀 =========================================================
[19:18:17.946] 
[19:18:17.946] DEBUG: SaveManager initialized, save path: C:/Users/koval/AppData/Roaming/Godot/app_userdata/Satellite\saves\game_save.json
[19:18:17.954] DEBUG: GameTimer initialized. Total play time: 00:00:00
[19:18:17.958] DEBUG: Continue button state updated: enabled
[19:18:17.958] DEBUG: Main menu initialized
[19:18:18.599] DEBUG: Continue button pressed
[19:18:18.617] DEBUG: Direct load completed successfully
[19:18:18.621] DEBUG: Game loaded successfully
[19:18:18.728] DEBUG: Module StartingModule initialized
[19:18:18.729] DEBUG: Found RespawnCapsule at path: RespawnCapsule
[19:18:18.729] DEBUG: Starting module initialized
[19:18:18.731] DEBUG: Created interaction area for module TeleportationModule with radius 150
[19:18:18.739] DEBUG: Teleport UI created
[19:18:18.739] DEBUG: Module TeleportationModule initialized
[19:18:18.740] DEBUG: Teleportation module initialized
[19:18:18.741] DEBUG: Station teleporter initialized
[19:18:18.741] DEBUG: Module StorageModule initialized
[19:18:18.750] DEBUG: Container 'StorageContainer' inventory changed
[19:18:18.750] DEBUG: Container 'StorageContainer' inventory changed
[19:18:18.751] DEBUG: Container 'StorageContainer' force-updated UI
[19:18:18.753] DEBUG: Module StorageModule2 initialized
[19:18:18.753] DEBUG: Container 'StorageContainer' inventory changed
[19:18:18.758] DEBUG: Container 'StorageContainer' inventory changed
[19:18:18.758] DEBUG: Container 'StorageContainer' force-updated UI
[19:18:18.764] ERROR: InventoryUI: Player not found
[19:18:18.771] DEBUG: ItemTooltip initialized
[19:18:18.776] DEBUG: InventoryContextMenu initialized
[19:18:18.776] DEBUG: Signal handlers are connected to context menu
[19:18:18.776] DEBUG: InventoryContextMenu created successfully
[19:18:18.778] DEBUG: DEBUG HUD for corner coordinates created
[19:18:18.780] ERROR: UIManager: InteractionSystem not found!
[19:18:18.780] DEBUG: UIManager initialized
[19:18:18.782] DEBUG: ItemTooltip created successfully for ContainerUI
[19:18:18.784] DEBUG: InventoryContextMenu created successfully for ContainerUI
[19:18:18.788] DEBUG: AutoSave initialized with interval: 300s, active monitoring: True
[19:18:18.790] DEBUG: ForceSaveSystem initialized
[19:18:18.794] DEBUG: Found TeleporterSpawnPoint at path: TeleporterSpawnPoint
[19:18:18.823] DEBUG: Camera following player at (565, 217)
[19:18:18.824] DEBUG: LoadInventory: Last inventory save time: 12/08/2025 19:18:18
[19:18:18.824] DEBUG: LoadInventory: Found saved inventory data, loading...
[19:18:18.825] DEBUG: LoadInventory: Found 15 items in saved inventory
[19:18:18.825] DEBUG: LoadInventory: Item: Organic Matter x30 (ID: resource_organic_matter)
[19:18:18.826] DEBUG: LoadInventory: Item: Metal Ore x20 (ID: resource_metal_ore)
[19:18:18.826] DEBUG: LoadInventory: Item: Crystal x15 (ID: resource_crystal)
[19:18:18.826] DEBUG: LoadInventory: Item: AntiMetal Ore x20 (ID: resource_antimetal_ore)
[19:18:18.827] DEBUG: LoadInventory: Item: Metal Ore x11 (ID: resource_metal_ore)
[19:18:18.827] DEBUG: LoadInventory: Item: AntiMetal Ore x1 (ID: resource_antimetal_ore)
[19:18:18.827] DEBUG: LoadInventory: Item: Organic Matter x5 (ID: resource_organic_matter)
[19:18:18.828] DEBUG: Player inventory changed. Items: 0
[19:18:18.828] DEBUG: Player inventory changed. Items: 15
[19:18:18.828] DEBUG: LoadInventory: Successfully deserialized inventory with 15 items
[19:18:18.829] DEBUG: LoadInventory: After loading: Organic Matter x30 (ID: resource_organic_matter)
[19:18:18.829] DEBUG: LoadInventory: After loading: Metal Ore x20 (ID: resource_metal_ore)
[19:18:18.829] DEBUG: LoadInventory: After loading: Crystal x15 (ID: resource_crystal)
[19:18:18.830] DEBUG: LoadInventory: After loading: AntiMetal Ore x20 (ID: resource_antimetal_ore)
[19:18:18.830] DEBUG: LoadInventory: After loading: Metal Ore x11 (ID: resource_metal_ore)
[19:18:18.830] DEBUG: LoadInventory: After loading: AntiMetal Ore x1 (ID: resource_antimetal_ore)
[19:18:18.831] DEBUG: LoadInventory: After loading: Organic Matter x5 (ID: resource_organic_matter)
[19:18:18.835] DEBUG: Player respawned at starting module
[19:18:19.215] DEBUG: Container 'StorageContainer' inventory changed
[19:18:19.216] DEBUG: Container 'StorageContainer' inventory changed
[19:18:19.216] DEBUG: Container 'StorageContainer' force-updated UI
[19:18:19.217] DEBUG: All icon sizes updated in container UI
[19:18:19.217] DEBUG: Container 'StorageContainer' deferred UI update completed
[19:18:21.652] DEBUG: Starting teleportation to world
[19:18:21.652] DEBUG: Player inventory saved. Items count: 15
[19:18:21.652] DEBUG: Player inventory saved before teleportation to world
[19:18:22.650] DEBUG: Completing teleportation to world
[19:18:22.652] DEBUG: Player position loaded: (66.15414, 363.09042)
[19:18:22.652] DEBUG: Teleport destination saved: (66.15414, 363.09042)
[19:18:22.652] DEBUG: Player position loaded: (66.15414, 363.09042)
[19:18:22.714] ERROR: InventoryUI: Player not found
[19:18:22.718] DEBUG: InteractionSystem found via exported path
[19:18:22.720] ERROR: InteractionSystem: Player not found
[19:18:22.720] INFO: 📁 File logging system initialized!
[19:18:22.721] INFO: 🚀 LevelGenerator starting up...
[19:18:22.735] DEBUG: AutoSave initialized with interval: 300s, active monitoring: True
[19:18:23.151] DEBUG: Created section at grid (0,0) with biome Anomal
[19:18:23.151] DEBUG: Created section at grid (1,0) with biome Ice
[19:18:23.152] DEBUG: Created section at grid (2,0) with biome Grassland
[19:18:23.152] DEBUG: Created section at grid (0,1) with biome Desert
[19:18:23.152] DEBUG: Created section at grid (1,1) with biome Grassland
[19:18:23.152] DEBUG: Created section at grid (2,1) with biome Grassland
[19:18:23.153] DEBUG: Created section at grid (0,2) with biome Desert
[19:18:23.153] DEBUG: Created section at grid (1,2) with biome Grassland
[19:18:23.154] DEBUG: Created section at grid (2,2) with biome Techno
[19:18:23.362] INFO: 🗺️ КАРТА: 150x150
[19:18:23.363] DEBUG: Updated DEBUG HUD with corners info: 🎯 УГЛЫ КАРТЫ:
TopLeft: (0, 0) -> (0, 0)
TopRight: (149, 0) -> (2384, 1192)
BottomLeft: (0, 149) -> (-2384, 1192)
BottomRight: (149, 149) -> (0, 2384)
[19:18:23.376] INFO: 🎯 ИГРОК: BottomRight (107, 107) -> (0, 1712)
[19:18:23.377] DEBUG: Camera following player at (0, 1712)
[19:18:23.379] ERROR: Selected section at (0, 2) has no spawn position!
[19:18:23.380] ERROR: ❌ CRITICAL: Multi-section spawn position is ZERO! Using emergency fallback!
[19:18:27.834] DEBUG: Created section at grid (0,0) with biome Ice
[19:18:27.834] DEBUG: Created section at grid (1,0) with biome Ice
[19:18:27.834] DEBUG: Created section at grid (2,0) with biome Grassland
[19:18:27.835] DEBUG: Created section at grid (0,1) with biome Ice
[19:18:27.835] DEBUG: Created section at grid (1,1) with biome Lava Springs
[19:18:27.835] DEBUG: Created section at grid (2,1) with biome Ice
[19:18:27.836] DEBUG: Created section at grid (0,2) with biome Lava Springs
[19:18:27.836] DEBUG: Created section at grid (1,2) with biome Desert
[19:18:27.836] DEBUG: Created section at grid (2,2) with biome Ice
[19:18:27.951] INFO: 🗺️ КАРТА: 150x150
[19:18:27.952] DEBUG: Updated DEBUG HUD with corners info: 🎯 УГЛЫ КАРТЫ:
TopLeft: (0, 0) -> (0, 0)
TopRight: (149, 0) -> (2384, 1192)
BottomLeft: (0, 149) -> (-2384, 1192)
BottomRight: (149, 149) -> (0, 2384)
[19:18:27.956] INFO: 🎯 ИГРОК: TopLeft (8, 6) -> (32, 112)
[19:18:27.957] DEBUG: Camera following player at (32, 112)
[19:18:27.958] ERROR: Selected section at (0, 1) has no spawn position!
[19:18:27.959] ERROR: ❌ CRITICAL: Multi-section spawn position is ZERO! Using emergency fallback!
[19:18:30.052] DEBUG: Created section at grid (0,0) with biome Lava Springs
[19:18:30.053] DEBUG: Created section at grid (1,0) with biome Grassland
[19:18:30.053] DEBUG: Created section at grid (2,0) with biome Grassland
[19:18:30.053] DEBUG: Created section at grid (0,1) with biome Grassland
[19:18:30.054] DEBUG: Created section at grid (1,1) with biome Grassland
[19:18:30.054] DEBUG: Created section at grid (2,1) with biome Anomal
[19:18:30.054] DEBUG: Created section at grid (0,2) with biome Forest
[19:18:30.055] DEBUG: Created section at grid (1,2) with biome Techno
[19:18:30.055] DEBUG: Created section at grid (2,2) with biome Forest
[19:18:30.128] INFO: 🗺️ КАРТА: 150x150
[19:18:30.129] DEBUG: Updated DEBUG HUD with corners info: 🎯 УГЛЫ КАРТЫ:
TopLeft: (0, 0) -> (0, 0)
TopRight: (149, 0) -> (2384, 1192)
BottomLeft: (0, 149) -> (-2384, 1192)
BottomRight: (149, 149) -> (0, 2384)
[19:18:30.133] ERROR: 🚨 NO VALID SPAWN CORNERS FOUND! This should not happen!
[19:18:30.134] ERROR: 🚨 No valid corner spawns found! Activating EMERGENCY spawn system!
[19:18:30.135] INFO: 🆘 EMERGENCY spawn found at tile (79, 73) -> world (96, 1216)
[19:18:30.136] DEBUG: Camera following player at (96, 1216)
[19:18:30.137] ERROR: Selected section at (1, 1) has no spawn position!
[19:18:30.137] ERROR: ❌ CRITICAL: Multi-section spawn position is ZERO! Using emergency fallback!
[19:18:31.936] DEBUG: Created section at grid (0,0) with biome Forest
[19:18:31.936] DEBUG: Created section at grid (1,0) with biome Lava Springs
[19:18:31.936] DEBUG: Created section at grid (2,0) with biome Lava Springs
[19:18:31.937] DEBUG: Created section at grid (0,1) with biome Desert
[19:18:31.937] DEBUG: Created section at grid (1,1) with biome Lava Springs
[19:18:31.937] DEBUG: Created section at grid (2,1) with biome Desert
[19:18:31.938] DEBUG: Created section at grid (0,2) with biome Lava Springs
[19:18:31.938] DEBUG: Created section at grid (1,2) with biome Anomal
[19:18:31.938] DEBUG: Created section at grid (2,2) with biome Lava Springs
[19:18:32.030] INFO: 🗺️ КАРТА: 150x150
[19:18:32.030] DEBUG: Updated DEBUG HUD with corners info: 🎯 УГЛЫ КАРТЫ:
TopLeft: (0, 0) -> (0, 0)
TopRight: (149, 0) -> (2384, 1192)
BottomLeft: (0, 149) -> (-2384, 1192)
BottomRight: (149, 149) -> (0, 2384)
[19:18:32.035] ERROR: 🚨 NO VALID SPAWN CORNERS FOUND! This should not happen!
[19:18:32.036] ERROR: 🚨 No valid corner spawns found! Activating EMERGENCY spawn system!
[19:18:32.036] INFO: 🆘 EMERGENCY spawn found at tile (75, 73) -> world (32, 1184)
[19:18:32.037] DEBUG: Camera following player at (32, 1184)
[19:18:32.038] ERROR: Selected section at (2, 2) has no spawn position!
[19:18:32.038] ERROR: ❌ CRITICAL: Multi-section spawn position is ZERO! Using emergency fallback!
