[21:41:21.341] 🚀 ========== SATELLITE GAME LOG SESSION STARTED ==========
[21:41:21.346] 📅 Date: 2025-08-12 21:41:21
[21:41:21.346] 🎮 Godot Version: { "major": 4, "minor": 4, "patch": 0, "hex": 263168, "status": "stable", "build": "official", "hash": "4c311cbee68c0b66ff8ebb8b0defdd9979dd2a41", "timestamp": 0, "string": "4.4-stable (official)" }
[21:41:21.347] 💻 Platform: Windows
[21:41:21.347] 🚀 =========================================================
[21:41:21.347] 
[21:41:21.348] DEBUG: SaveManager initialized, save path: C:/Users/koval/AppData/Roaming/Godot/app_userdata/Satellite\saves\game_save.json
[21:41:21.350] DEBUG: GameTimer initialized. Total play time: 00:00:00
[21:41:21.353] DEBUG: Continue button state updated: enabled
[21:41:21.354] DEBUG: Main menu initialized
[21:41:21.950] DEBUG: Continue button pressed
[21:41:21.968] DEBUG: Direct load completed successfully
[21:41:21.972] DEBUG: Game loaded successfully
[21:41:22.080] DEBUG: Module StartingModule initialized
[21:41:22.081] DEBUG: Found RespawnCapsule at path: RespawnCapsule
[21:41:22.081] DEBUG: Starting module initialized
[21:41:22.083] DEBUG: Created interaction area for module TeleportationModule with radius 150
[21:41:22.090] DEBUG: Teleport UI created
[21:41:22.091] DEBUG: Module TeleportationModule initialized
[21:41:22.091] DEBUG: Teleportation module initialized
[21:41:22.092] DEBUG: Station teleporter initialized
[21:41:22.093] DEBUG: Module StorageModule initialized
[21:41:22.102] DEBUG: Container 'StorageContainer' inventory changed
[21:41:22.103] DEBUG: Container 'StorageContainer' inventory changed
[21:41:22.103] DEBUG: Container 'StorageContainer' force-updated UI
[21:41:22.104] DEBUG: Module StorageModule2 initialized
[21:41:22.105] DEBUG: Container 'StorageContainer' inventory changed
[21:41:22.109] DEBUG: Container 'StorageContainer' inventory changed
[21:41:22.109] DEBUG: Container 'StorageContainer' force-updated UI
[21:41:22.115] ERROR: InventoryUI: Player not found
[21:41:22.121] DEBUG: ItemTooltip initialized
[21:41:22.126] DEBUG: InventoryContextMenu initialized
[21:41:22.126] DEBUG: Signal handlers are connected to context menu
[21:41:22.127] DEBUG: InventoryContextMenu created successfully
[21:41:22.129] DEBUG: DEBUG HUD for corner coordinates created
[21:41:22.130] ERROR: UIManager: InteractionSystem not found!
[21:41:22.131] DEBUG: UIManager initialized
[21:41:22.133] DEBUG: ItemTooltip created successfully for ContainerUI
[21:41:22.134] DEBUG: InventoryContextMenu created successfully for ContainerUI
[21:41:22.138] DEBUG: AutoSave initialized with interval: 300s, active monitoring: True
[21:41:22.140] DEBUG: ForceSaveSystem initialized
[21:41:22.144] DEBUG: Found TeleporterSpawnPoint at path: TeleporterSpawnPoint
[21:41:22.188] DEBUG: Camera following player at (565, 217)
[21:41:22.190] DEBUG: LoadInventory: Last inventory save time: 12/08/2025 21:41:21
[21:41:22.190] DEBUG: LoadInventory: Found saved inventory data, loading...
[21:41:22.190] DEBUG: LoadInventory: Found 15 items in saved inventory
[21:41:22.191] DEBUG: LoadInventory: Item: Organic Matter x30 (ID: resource_organic_matter)
[21:41:22.191] DEBUG: LoadInventory: Item: Metal Ore x20 (ID: resource_metal_ore)
[21:41:22.191] DEBUG: LoadInventory: Item: Crystal x15 (ID: resource_crystal)
[21:41:22.191] DEBUG: LoadInventory: Item: AntiMetal Ore x20 (ID: resource_antimetal_ore)
[21:41:22.192] DEBUG: LoadInventory: Item: Metal Ore x11 (ID: resource_metal_ore)
[21:41:22.192] DEBUG: LoadInventory: Item: AntiMetal Ore x1 (ID: resource_antimetal_ore)
[21:41:22.193] DEBUG: LoadInventory: Item: Organic Matter x5 (ID: resource_organic_matter)
[21:41:22.193] DEBUG: Player inventory changed. Items: 0
[21:41:22.193] DEBUG: Player inventory changed. Items: 15
[21:41:22.194] DEBUG: LoadInventory: Successfully deserialized inventory with 15 items
[21:41:22.194] DEBUG: LoadInventory: After loading: Organic Matter x30 (ID: resource_organic_matter)
[21:41:22.194] DEBUG: LoadInventory: After loading: Metal Ore x20 (ID: resource_metal_ore)
[21:41:22.194] DEBUG: LoadInventory: After loading: Crystal x15 (ID: resource_crystal)
[21:41:22.195] DEBUG: LoadInventory: After loading: AntiMetal Ore x20 (ID: resource_antimetal_ore)
[21:41:22.195] DEBUG: LoadInventory: After loading: Metal Ore x11 (ID: resource_metal_ore)
[21:41:22.195] DEBUG: LoadInventory: After loading: AntiMetal Ore x1 (ID: resource_antimetal_ore)
[21:41:22.196] DEBUG: LoadInventory: After loading: Organic Matter x5 (ID: resource_organic_matter)
[21:41:22.199] DEBUG: Player respawned at starting module
[21:41:22.565] DEBUG: Container 'StorageContainer' inventory changed
[21:41:22.566] DEBUG: Container 'StorageContainer' inventory changed
[21:41:22.566] DEBUG: Container 'StorageContainer' force-updated UI
[21:41:22.567] DEBUG: All icon sizes updated in container UI
[21:41:22.567] DEBUG: Container 'StorageContainer' deferred UI update completed
[21:41:25.002] DEBUG: Starting teleportation to world
[21:41:25.003] DEBUG: Player inventory saved. Items count: 15
[21:41:25.003] DEBUG: Player inventory saved before teleportation to world
[21:41:26.002] DEBUG: Completing teleportation to world
[21:41:26.003] DEBUG: Player position loaded: (-1295.9467, 1412.5472)
[21:41:26.003] DEBUG: Teleport destination saved: (-1295.9467, 1412.5472)
[21:41:26.004] DEBUG: Player position loaded: (-1295.9467, 1412.5472)
[21:41:26.069] ERROR: InventoryUI: Player not found
[21:41:26.073] DEBUG: InteractionSystem found via exported path
[21:41:26.074] ERROR: InteractionSystem: Player not found
[21:41:26.075] INFO: 📁 File logging system initialized!
[21:41:26.075] INFO: 🚀 LevelGenerator starting up...
[21:41:26.090] DEBUG: AutoSave initialized with interval: 300s, active monitoring: True
[21:41:26.518] DEBUG: Created section at grid (0,0) with biome Grassland
[21:41:26.519] DEBUG: Created section at grid (1,0) with biome Techno
[21:41:26.519] DEBUG: Created section at grid (2,0) with biome Techno
[21:41:26.519] DEBUG: Created section at grid (0,1) with biome Anomal
[21:41:26.520] DEBUG: Created section at grid (1,1) with biome Desert
[21:41:26.520] DEBUG: Created section at grid (2,1) with biome Techno
[21:41:26.520] DEBUG: Created section at grid (0,2) with biome Forest
[21:41:26.521] DEBUG: Created section at grid (1,2) with biome Grassland
[21:41:26.521] DEBUG: Created section at grid (2,2) with biome Forest
[21:41:26.754] INFO: 🗺️ КАРТА: 150x150
[21:41:26.755] DEBUG: Updated DEBUG HUD with corners info: 🎯 УГЛЫ КАРТЫ:
TopLeft: (0, 0) -> (0, 0)
TopRight: (149, 0) -> (2384, 1192)
BottomLeft: (0, 149) -> (-2384, 1192)
BottomRight: (149, 149) -> (0, 2384)
[21:41:26.766] INFO: 🎯 ИГРОК: BottomRight (107, 113) -> (-96, 1760)
[21:41:26.767] DEBUG: Camera following player at (-96, 1760)
[21:41:26.769] ERROR: Selected section at (2, 1) has no spawn position!
[21:41:26.770] ERROR: ❌ CRITICAL: Multi-section spawn position is ZERO! Using emergency fallback!
[21:41:30.336] DEBUG: Created section at grid (0,0) with biome Forest
[21:41:30.336] DEBUG: Created section at grid (1,0) with biome Grassland
[21:41:30.336] DEBUG: Created section at grid (2,0) with biome Lava Springs
[21:41:30.337] DEBUG: Created section at grid (0,1) with biome Forest
[21:41:30.337] DEBUG: Created section at grid (1,1) with biome Anomal
[21:41:30.337] DEBUG: Created section at grid (2,1) with biome Ice
[21:41:30.338] DEBUG: Created section at grid (0,2) with biome Anomal
[21:41:30.338] DEBUG: Created section at grid (1,2) with biome Ice
[21:41:30.338] DEBUG: Created section at grid (2,2) with biome Grassland
[21:41:30.465] INFO: 🗺️ КАРТА: 150x150
[21:41:30.465] DEBUG: Updated DEBUG HUD with corners info: 🎯 УГЛЫ КАРТЫ:
TopLeft: (0, 0) -> (0, 0)
TopRight: (149, 0) -> (2384, 1192)
BottomLeft: (0, 149) -> (-2384, 1192)
BottomRight: (149, 149) -> (0, 2384)
[21:41:30.470] INFO: 🎯 ИГРОК: BottomRight (107, 132) -> (-400, 1912)
[21:41:30.471] DEBUG: Camera following player at (-400, 1912)
[21:41:30.472] ERROR: Selected section at (2, 2) has no spawn position!
[21:41:30.473] ERROR: ❌ CRITICAL: Multi-section spawn position is ZERO! Using emergency fallback!
[21:41:31.953] DEBUG: Created section at grid (0,0) with biome Forest
[21:41:31.953] DEBUG: Created section at grid (1,0) with biome Grassland
[21:41:31.953] DEBUG: Created section at grid (2,0) with biome Forest
[21:41:31.954] DEBUG: Created section at grid (0,1) with biome Desert
[21:41:31.954] DEBUG: Created section at grid (1,1) with biome Desert
[21:41:31.954] DEBUG: Created section at grid (2,1) with biome Anomal
[21:41:31.954] DEBUG: Created section at grid (0,2) with biome Grassland
[21:41:31.955] DEBUG: Created section at grid (1,2) with biome Forest
[21:41:31.955] DEBUG: Created section at grid (2,2) with biome Ice
[21:41:32.087] INFO: 🗺️ КАРТА: 150x150
[21:41:32.087] DEBUG: Updated DEBUG HUD with corners info: 🎯 УГЛЫ КАРТЫ:
TopLeft: (0, 0) -> (0, 0)
TopRight: (149, 0) -> (2384, 1192)
BottomLeft: (0, 149) -> (-2384, 1192)
BottomRight: (149, 149) -> (0, 2384)
[21:41:32.093] ERROR: 🚨 NO VALID SPAWN CORNERS FOUND! This should not happen!
[21:41:32.094] ERROR: 🚨 No valid corner spawns found! Activating EMERGENCY spawn system!
[21:41:32.095] INFO: 🆘 EMERGENCY spawn found at tile (76, 76) -> world (0, 1216)
[21:41:32.095] DEBUG: Camera following player at (0, 1216)
[21:41:32.096] ERROR: Selected section at (0, 2) has no spawn position!
[21:41:32.097] ERROR: ❌ CRITICAL: Multi-section spawn position is ZERO! Using emergency fallback!
[21:41:48.220] DEBUG: Created section at grid (0,0) with biome Lava Springs
[21:41:48.220] DEBUG: Created section at grid (1,0) with biome Techno
[21:41:48.221] DEBUG: Created section at grid (2,0) with biome Ice
[21:41:48.221] DEBUG: Created section at grid (0,1) with biome Desert
[21:41:48.222] DEBUG: Created section at grid (1,1) with biome Forest
[21:41:48.222] DEBUG: Created section at grid (2,1) with biome Lava Springs
[21:41:48.222] DEBUG: Created section at grid (0,2) with biome Grassland
[21:41:48.223] DEBUG: Created section at grid (1,2) with biome Desert
[21:41:48.223] DEBUG: Created section at grid (2,2) with biome Lava Springs
[21:41:48.327] INFO: 🗺️ КАРТА: 150x150
[21:41:48.328] DEBUG: Updated DEBUG HUD with corners info: 🎯 УГЛЫ КАРТЫ:
TopLeft: (0, 0) -> (0, 0)
TopRight: (149, 0) -> (2384, 1192)
BottomLeft: (0, 149) -> (-2384, 1192)
BottomRight: (149, 149) -> (0, 2384)
[21:41:48.332] INFO: 🎯 ИГРОК: TopRight (121, 42) -> (1264, 1304)
[21:41:48.333] DEBUG: Camera following player at (1264, 1304)
[21:41:48.334] ERROR: Selected section at (2, 1) has no spawn position!
[21:41:48.335] ERROR: ❌ CRITICAL: Multi-section spawn position is ZERO! Using emergency fallback!
[21:41:52.703] DEBUG: Created section at grid (0,0) with biome Grassland
[21:41:52.704] DEBUG: Created section at grid (1,0) with biome Ice
[21:41:52.704] DEBUG: Created section at grid (2,0) with biome Techno
[21:41:52.705] DEBUG: Created section at grid (0,1) with biome Techno
[21:41:52.705] DEBUG: Created section at grid (1,1) with biome Ice
[21:41:52.705] DEBUG: Created section at grid (2,1) with biome Forest
[21:41:52.705] DEBUG: Created section at grid (0,2) with biome Anomal
[21:41:52.706] DEBUG: Created section at grid (1,2) with biome Ice
[21:41:52.706] DEBUG: Created section at grid (2,2) with biome Forest
[21:41:52.819] INFO: 🗺️ КАРТА: 150x150
[21:41:52.820] DEBUG: Updated DEBUG HUD with corners info: 🎯 УГЛЫ КАРТЫ:
TopLeft: (0, 0) -> (0, 0)
TopRight: (149, 0) -> (2384, 1192)
BottomLeft: (0, 149) -> (-2384, 1192)
BottomRight: (149, 149) -> (0, 2384)
[21:41:52.824] INFO: 🎯 ИГРОК: BottomLeft (28, 143) -> (-1840, 1368)
[21:41:52.825] DEBUG: Camera following player at (-1840, 1368)
[21:41:52.826] ERROR: Selected section at (2, 1) has no spawn position!
[21:41:52.827] ERROR: ❌ CRITICAL: Multi-section spawn position is ZERO! Using emergency fallback!
[21:41:55.356] DEBUG: Saved play time: 00:00:33
