[19:33:18.548] 🚀 ========== SATELLITE GAME LOG SESSION STARTED ==========
[19:33:18.553] 📅 Date: 2025-08-12 19:33:18
[19:33:18.554] 🎮 Godot Version: { "major": 4, "minor": 4, "patch": 0, "hex": 263168, "status": "stable", "build": "official", "hash": "4c311cbee68c0b66ff8ebb8b0defdd9979dd2a41", "timestamp": 0, "string": "4.4-stable (official)" }
[19:33:18.554] 💻 Platform: Windows
[19:33:18.554] 🚀 =========================================================
[19:33:18.554] 
[19:33:18.555] DEBUG: SaveManager initialized, save path: C:/Users/koval/AppData/Roaming/Godot/app_userdata/Satellite\saves\game_save.json
[19:33:18.557] DEBUG: GameTimer initialized. Total play time: 00:00:00
[19:33:18.561] DEBUG: Continue button state updated: enabled
[19:33:18.561] DEBUG: Main menu initialized
[19:33:19.138] DEBUG: Continue button pressed
[19:33:19.156] DEBUG: Direct load completed successfully
[19:33:19.160] DEBUG: Game loaded successfully
[19:33:19.272] DEBUG: Module StartingModule initialized
[19:33:19.272] DEBUG: Found RespawnCapsule at path: RespawnCapsule
[19:33:19.272] DEBUG: Starting module initialized
[19:33:19.274] DEBUG: Created interaction area for module TeleportationModule with radius 150
[19:33:19.281] DEBUG: Teleport UI created
[19:33:19.281] DEBUG: Module TeleportationModule initialized
[19:33:19.282] DEBUG: Teleportation module initialized
[19:33:19.283] DEBUG: Station teleporter initialized
[19:33:19.283] DEBUG: Module StorageModule initialized
[19:33:19.291] DEBUG: Container 'StorageContainer' inventory changed
[19:33:19.292] DEBUG: Container 'StorageContainer' inventory changed
[19:33:19.293] DEBUG: Container 'StorageContainer' force-updated UI
[19:33:19.294] DEBUG: Module StorageModule2 initialized
[19:33:19.294] DEBUG: Container 'StorageContainer' inventory changed
[19:33:19.298] DEBUG: Container 'StorageContainer' inventory changed
[19:33:19.299] DEBUG: Container 'StorageContainer' force-updated UI
[19:33:19.305] ERROR: InventoryUI: Player not found
[19:33:19.312] DEBUG: ItemTooltip initialized
[19:33:19.318] DEBUG: InventoryContextMenu initialized
[19:33:19.318] DEBUG: Signal handlers are connected to context menu
[19:33:19.318] DEBUG: InventoryContextMenu created successfully
[19:33:19.321] DEBUG: DEBUG HUD for corner coordinates created
[19:33:19.322] ERROR: UIManager: InteractionSystem not found!
[19:33:19.323] DEBUG: UIManager initialized
[19:33:19.325] DEBUG: ItemTooltip created successfully for ContainerUI
[19:33:19.326] DEBUG: InventoryContextMenu created successfully for ContainerUI
[19:33:19.331] DEBUG: AutoSave initialized with interval: 300s, active monitoring: True
[19:33:19.333] DEBUG: ForceSaveSystem initialized
[19:33:19.337] DEBUG: Found TeleporterSpawnPoint at path: TeleporterSpawnPoint
[19:33:19.351] DEBUG: Camera following player at (565, 217)
[19:33:19.353] DEBUG: LoadInventory: Last inventory save time: 12/08/2025 19:33:19
[19:33:19.353] DEBUG: LoadInventory: Found saved inventory data, loading...
[19:33:19.353] DEBUG: LoadInventory: Found 15 items in saved inventory
[19:33:19.354] DEBUG: LoadInventory: Item: Organic Matter x30 (ID: resource_organic_matter)
[19:33:19.354] DEBUG: LoadInventory: Item: Metal Ore x20 (ID: resource_metal_ore)
[19:33:19.355] DEBUG: LoadInventory: Item: Crystal x15 (ID: resource_crystal)
[19:33:19.355] DEBUG: LoadInventory: Item: AntiMetal Ore x20 (ID: resource_antimetal_ore)
[19:33:19.355] DEBUG: LoadInventory: Item: Metal Ore x11 (ID: resource_metal_ore)
[19:33:19.356] DEBUG: LoadInventory: Item: AntiMetal Ore x1 (ID: resource_antimetal_ore)
[19:33:19.356] DEBUG: LoadInventory: Item: Organic Matter x5 (ID: resource_organic_matter)
[19:33:19.356] DEBUG: Player inventory changed. Items: 0
[19:33:19.357] DEBUG: Player inventory changed. Items: 15
[19:33:19.357] DEBUG: LoadInventory: Successfully deserialized inventory with 15 items
[19:33:19.357] DEBUG: LoadInventory: After loading: Organic Matter x30 (ID: resource_organic_matter)
[19:33:19.358] DEBUG: LoadInventory: After loading: Metal Ore x20 (ID: resource_metal_ore)
[19:33:19.358] DEBUG: LoadInventory: After loading: Crystal x15 (ID: resource_crystal)
[19:33:19.358] DEBUG: LoadInventory: After loading: AntiMetal Ore x20 (ID: resource_antimetal_ore)
[19:33:19.359] DEBUG: LoadInventory: After loading: Metal Ore x11 (ID: resource_metal_ore)
[19:33:19.359] DEBUG: LoadInventory: After loading: AntiMetal Ore x1 (ID: resource_antimetal_ore)
[19:33:19.359] DEBUG: LoadInventory: After loading: Organic Matter x5 (ID: resource_organic_matter)
[19:33:19.362] DEBUG: Player respawned at starting module
[19:33:19.770] DEBUG: Container 'StorageContainer' inventory changed
[19:33:19.771] DEBUG: Container 'StorageContainer' inventory changed
[19:33:19.771] DEBUG: Container 'StorageContainer' force-updated UI
[19:33:19.772] DEBUG: All icon sizes updated in container UI
[19:33:19.772] DEBUG: Container 'StorageContainer' deferred UI update completed
[19:33:22.174] DEBUG: Starting teleportation to world
[19:33:22.175] DEBUG: Player inventory saved. Items count: 15
[19:33:22.175] DEBUG: Player inventory saved before teleportation to world
[19:33:23.173] DEBUG: Completing teleportation to world
[19:33:23.174] DEBUG: Player position loaded: (79.11573, 346.60934)
[19:33:23.175] DEBUG: Teleport destination saved: (79.11573, 346.60934)
[19:33:23.175] DEBUG: Player position loaded: (79.11573, 346.60934)
[19:33:23.239] ERROR: InventoryUI: Player not found
[19:33:23.245] DEBUG: InteractionSystem found via exported path
[19:33:23.246] ERROR: InteractionSystem: Player not found
[19:33:23.247] INFO: 📁 File logging system initialized!
[19:33:23.247] INFO: 🚀 LevelGenerator starting up...
[19:33:23.263] DEBUG: AutoSave initialized with interval: 300s, active monitoring: True
[19:33:23.673] DEBUG: Created section at grid (0,0) with biome Lava Springs
[19:33:23.673] DEBUG: Created section at grid (1,0) with biome Forest
[19:33:23.674] DEBUG: Created section at grid (2,0) with biome Forest
[19:33:23.674] DEBUG: Created section at grid (0,1) with biome Desert
[19:33:23.674] DEBUG: Created section at grid (1,1) with biome Anomal
[19:33:23.675] DEBUG: Created section at grid (2,1) with biome Ice
[19:33:23.675] DEBUG: Created section at grid (0,2) with biome Desert
[19:33:23.675] DEBUG: Created section at grid (1,2) with biome Grassland
[19:33:23.676] DEBUG: Created section at grid (2,2) with biome Ice
[19:33:23.912] INFO: 🗺️ КАРТА: 150x150
[19:33:23.913] DEBUG: Updated DEBUG HUD with corners info: 🎯 УГЛЫ КАРТЫ:
TopLeft: (0, 0) -> (0, 0)
TopRight: (149, 0) -> (2384, 1192)
BottomLeft: (0, 149) -> (-2384, 1192)
BottomRight: (149, 149) -> (0, 2384)
[19:33:23.922] ERROR: 🚨 NO VALID SPAWN CORNERS FOUND! This should not happen!
[19:33:23.924] ERROR: 🚨 No valid corner spawns found! Activating EMERGENCY spawn system!
[19:33:23.925] INFO: 🆘 EMERGENCY spawn found at tile (74, 74) -> world (0, 1184)
[19:33:23.926] DEBUG: Camera following player at (0, 1184)
[19:33:23.929] ERROR: Selected section at (1, 2) has no spawn position!
[19:33:23.930] ERROR: ❌ CRITICAL: Multi-section spawn position is ZERO! Using emergency fallback!
[19:33:35.379] DEBUG: Saved play time: 00:00:16
