[19:35:31.491] 🚀 ========== SATELLITE GAME LOG SESSION STARTED ==========
[19:35:31.495] 📅 Date: 2025-08-12 19:35:31
[19:35:31.496] 🎮 Godot Version: { "major": 4, "minor": 4, "patch": 0, "hex": 263168, "status": "stable", "build": "official", "hash": "4c311cbee68c0b66ff8ebb8b0defdd9979dd2a41", "timestamp": 0, "string": "4.4-stable (official)" }
[19:35:31.496] 💻 Platform: Windows
[19:35:31.497] 🚀 =========================================================
[19:35:31.497] 
[19:35:31.497] DEBUG: SaveManager initialized, save path: C:/Users/koval/AppData/Roaming/Godot/app_userdata/Satellite\saves\game_save.json
[19:35:31.500] DEBUG: GameTimer initialized. Total play time: 00:00:00
[19:35:31.503] DEBUG: Continue button state updated: enabled
[19:35:31.504] DEBUG: Main menu initialized
[19:35:32.010] DEBUG: Continue button pressed
[19:35:32.027] DEBUG: Direct load completed successfully
[19:35:32.031] DEBUG: Game loaded successfully
[19:35:32.142] DEBUG: Module StartingModule initialized
[19:35:32.142] DEBUG: Found RespawnCapsule at path: RespawnCapsule
[19:35:32.143] DEBUG: Starting module initialized
[19:35:32.145] DEBUG: Created interaction area for module TeleportationModule with radius 150
[19:35:32.152] DEBUG: Teleport UI created
[19:35:32.152] DEBUG: Module TeleportationModule initialized
[19:35:32.153] DEBUG: Teleportation module initialized
[19:35:32.154] DEBUG: Station teleporter initialized
[19:35:32.154] DEBUG: Module StorageModule initialized
[19:35:32.163] DEBUG: Container 'StorageContainer' inventory changed
[19:35:32.164] DEBUG: Container 'StorageContainer' inventory changed
[19:35:32.165] DEBUG: Container 'StorageContainer' force-updated UI
[19:35:32.166] DEBUG: Module StorageModule2 initialized
[19:35:32.166] DEBUG: Container 'StorageContainer' inventory changed
[19:35:32.170] DEBUG: Container 'StorageContainer' inventory changed
[19:35:32.170] DEBUG: Container 'StorageContainer' force-updated UI
[19:35:32.176] ERROR: InventoryUI: Player not found
[19:35:32.183] DEBUG: ItemTooltip initialized
[19:35:32.188] DEBUG: InventoryContextMenu initialized
[19:35:32.189] DEBUG: Signal handlers are connected to context menu
[19:35:32.189] DEBUG: InventoryContextMenu created successfully
[19:35:32.191] DEBUG: DEBUG HUD for corner coordinates created
[19:35:32.192] ERROR: UIManager: InteractionSystem not found!
[19:35:32.192] DEBUG: UIManager initialized
[19:35:32.195] DEBUG: ItemTooltip created successfully for ContainerUI
[19:35:32.196] DEBUG: InventoryContextMenu created successfully for ContainerUI
[19:35:32.200] DEBUG: AutoSave initialized with interval: 300s, active monitoring: True
[19:35:32.202] DEBUG: ForceSaveSystem initialized
[19:35:32.206] DEBUG: Found TeleporterSpawnPoint at path: TeleporterSpawnPoint
[19:35:32.249] DEBUG: Camera following player at (565, 217)
[19:35:32.251] DEBUG: LoadInventory: Last inventory save time: 12/08/2025 19:35:32
[19:35:32.251] DEBUG: LoadInventory: Found saved inventory data, loading...
[19:35:32.251] DEBUG: LoadInventory: Found 15 items in saved inventory
[19:35:32.252] DEBUG: LoadInventory: Item: Organic Matter x30 (ID: resource_organic_matter)
[19:35:32.252] DEBUG: LoadInventory: Item: Metal Ore x20 (ID: resource_metal_ore)
[19:35:32.252] DEBUG: LoadInventory: Item: Crystal x15 (ID: resource_crystal)
[19:35:32.253] DEBUG: LoadInventory: Item: AntiMetal Ore x20 (ID: resource_antimetal_ore)
[19:35:32.253] DEBUG: LoadInventory: Item: Metal Ore x11 (ID: resource_metal_ore)
[19:35:32.253] DEBUG: LoadInventory: Item: AntiMetal Ore x1 (ID: resource_antimetal_ore)
[19:35:32.253] DEBUG: LoadInventory: Item: Organic Matter x5 (ID: resource_organic_matter)
[19:35:32.254] DEBUG: Player inventory changed. Items: 0
[19:35:32.254] DEBUG: Player inventory changed. Items: 15
[19:35:32.255] DEBUG: LoadInventory: Successfully deserialized inventory with 15 items
[19:35:32.255] DEBUG: LoadInventory: After loading: Organic Matter x30 (ID: resource_organic_matter)
[19:35:32.255] DEBUG: LoadInventory: After loading: Metal Ore x20 (ID: resource_metal_ore)
[19:35:32.256] DEBUG: LoadInventory: After loading: Crystal x15 (ID: resource_crystal)
[19:35:32.256] DEBUG: LoadInventory: After loading: AntiMetal Ore x20 (ID: resource_antimetal_ore)
[19:35:32.256] DEBUG: LoadInventory: After loading: Metal Ore x11 (ID: resource_metal_ore)
[19:35:32.257] DEBUG: LoadInventory: After loading: AntiMetal Ore x1 (ID: resource_antimetal_ore)
[19:35:32.257] DEBUG: LoadInventory: After loading: Organic Matter x5 (ID: resource_organic_matter)
[19:35:32.260] DEBUG: Player respawned at starting module
[19:35:32.643] DEBUG: Container 'StorageContainer' inventory changed
[19:35:32.643] DEBUG: Container 'StorageContainer' inventory changed
[19:35:32.644] DEBUG: Container 'StorageContainer' force-updated UI
[19:35:32.645] DEBUG: All icon sizes updated in container UI
[19:35:32.645] DEBUG: Container 'StorageContainer' deferred UI update completed
[19:35:34.980] DEBUG: Starting teleportation to world
[19:35:34.981] DEBUG: Player inventory saved. Items count: 15
[19:35:34.981] DEBUG: Player inventory saved before teleportation to world
[19:35:35.979] DEBUG: Completing teleportation to world
[19:35:35.980] DEBUG: Player position loaded: (101.76579, 358.61826)
[19:35:35.980] DEBUG: Teleport destination saved: (101.76579, 358.61826)
[19:35:35.981] DEBUG: Player position loaded: (101.76579, 358.61826)
[19:35:36.046] ERROR: InventoryUI: Player not found
[19:35:36.050] DEBUG: InteractionSystem found via exported path
[19:35:36.051] ERROR: InteractionSystem: Player not found
[19:35:36.052] INFO: 📁 File logging system initialized!
[19:35:36.053] INFO: 🚀 LevelGenerator starting up...
[19:35:36.067] DEBUG: AutoSave initialized with interval: 300s, active monitoring: True
[19:35:36.479] DEBUG: Created section at grid (0,0) with biome Ice
[19:35:36.479] DEBUG: Created section at grid (1,0) with biome Techno
[19:35:36.479] DEBUG: Created section at grid (2,0) with biome Grassland
[19:35:36.480] DEBUG: Created section at grid (0,1) with biome Desert
[19:35:36.480] DEBUG: Created section at grid (1,1) with biome Lava Springs
[19:35:36.480] DEBUG: Created section at grid (2,1) with biome Ice
[19:35:36.481] DEBUG: Created section at grid (0,2) with biome Grassland
[19:35:36.481] DEBUG: Created section at grid (1,2) with biome Grassland
[19:35:36.481] DEBUG: Created section at grid (2,2) with biome Ice
[19:35:36.668] INFO: 🗺️ КАРТА: 150x150
[19:35:36.669] DEBUG: Updated DEBUG HUD with corners info: 🎯 УГЛЫ КАРТЫ:
TopLeft: (0, 0) -> (0, 0)
TopRight: (149, 0) -> (2384, 1192)
BottomLeft: (0, 149) -> (-2384, 1192)
BottomRight: (149, 149) -> (0, 2384)
[19:35:36.679] ERROR: 🚨 NO VALID SPAWN CORNERS FOUND! This should not happen!
[19:35:36.680] ERROR: 🚨 No valid corner spawns found! Activating EMERGENCY spawn system!
[19:35:36.682] INFO: 🆘 EMERGENCY spawn found at tile (73, 77) -> world (-64, 1200)
[19:35:36.683] DEBUG: Camera following player at (-64, 1200)
[19:35:36.685] ERROR: Selected section at (1, 2) has no spawn position!
[19:35:36.686] ERROR: ❌ CRITICAL: Multi-section spawn position is ZERO! Using emergency fallback!
[19:35:41.847] DEBUG: Created section at grid (0,0) with biome Lava Springs
[19:35:41.847] DEBUG: Created section at grid (1,0) with biome Desert
[19:35:41.848] DEBUG: Created section at grid (2,0) with biome Grassland
[19:35:41.848] DEBUG: Created section at grid (0,1) with biome Lava Springs
[19:35:41.848] DEBUG: Created section at grid (1,1) with biome Desert
[19:35:41.849] DEBUG: Created section at grid (2,1) with biome Desert
[19:35:41.849] DEBUG: Created section at grid (0,2) with biome Anomal
[19:35:41.849] DEBUG: Created section at grid (1,2) with biome Techno
[19:35:41.849] DEBUG: Created section at grid (2,2) with biome Anomal
[19:35:41.963] INFO: 🗺️ КАРТА: 150x150
[19:35:41.964] DEBUG: Updated DEBUG HUD with corners info: 🎯 УГЛЫ КАРТЫ:
TopLeft: (0, 0) -> (0, 0)
TopRight: (149, 0) -> (2384, 1192)
BottomLeft: (0, 149) -> (-2384, 1192)
BottomRight: (149, 149) -> (0, 2384)
[19:35:41.968] ERROR: 🚨 NO VALID SPAWN CORNERS FOUND! This should not happen!
[19:35:41.969] ERROR: 🚨 No valid corner spawns found! Activating EMERGENCY spawn system!
[19:35:41.969] INFO: 🆘 EMERGENCY spawn found at tile (75, 78) -> world (-48, 1224)
[19:35:41.970] DEBUG: Camera following player at (-48, 1224)
[19:35:41.971] ERROR: Selected section at (2, 2) has no spawn position!
[19:35:41.972] ERROR: ❌ CRITICAL: Multi-section spawn position is ZERO! Using emergency fallback!
[19:36:25.599] DEBUG: Created section at grid (0,0) with biome Ice
[19:36:25.599] DEBUG: Created section at grid (1,0) with biome Ice
[19:36:25.599] DEBUG: Created section at grid (2,0) with biome Forest
[19:36:25.600] DEBUG: Created section at grid (0,1) with biome Desert
[19:36:25.600] DEBUG: Created section at grid (1,1) with biome Lava Springs
[19:36:25.600] DEBUG: Created section at grid (2,1) with biome Lava Springs
[19:36:25.601] DEBUG: Created section at grid (0,2) with biome Ice
[19:36:25.601] DEBUG: Created section at grid (1,2) with biome Ice
[19:36:25.601] DEBUG: Created section at grid (2,2) with biome Ice
[19:36:25.706] INFO: 🗺️ КАРТА: 150x150
[19:36:25.706] DEBUG: Updated DEBUG HUD with corners info: 🎯 УГЛЫ КАРТЫ:
TopLeft: (0, 0) -> (0, 0)
TopRight: (149, 0) -> (2384, 1192)
BottomLeft: (0, 149) -> (-2384, 1192)
BottomRight: (149, 149) -> (0, 2384)
[19:36:25.711] ERROR: 🚨 NO VALID SPAWN CORNERS FOUND! This should not happen!
[19:36:25.712] ERROR: 🚨 No valid corner spawns found! Activating EMERGENCY spawn system!
[19:36:25.712] INFO: 🆘 EMERGENCY spawn found at tile (74, 73) -> world (16, 1176)
[19:36:25.712] DEBUG: Camera following player at (16, 1176)
[19:36:25.713] ERROR: Selected section at (0, 2) has no spawn position!
[19:36:25.714] ERROR: ❌ CRITICAL: Multi-section spawn position is ZERO! Using emergency fallback!
[19:36:35.766] DEBUG: Created section at grid (0,0) with biome Techno
[19:36:35.766] DEBUG: Created section at grid (1,0) with biome Ice
[19:36:35.766] DEBUG: Created section at grid (2,0) with biome Techno
[19:36:35.767] DEBUG: Created section at grid (0,1) with biome Forest
[19:36:35.767] DEBUG: Created section at grid (1,1) with biome Desert
[19:36:35.767] DEBUG: Created section at grid (2,1) with biome Lava Springs
[19:36:35.768] DEBUG: Created section at grid (0,2) with biome Techno
[19:36:35.768] DEBUG: Created section at grid (1,2) with biome Lava Springs
[19:36:35.768] DEBUG: Created section at grid (2,2) with biome Desert
[19:36:35.879] INFO: 🗺️ КАРТА: 150x150
[19:36:35.879] DEBUG: Updated DEBUG HUD with corners info: 🎯 УГЛЫ КАРТЫ:
TopLeft: (0, 0) -> (0, 0)
TopRight: (149, 0) -> (2384, 1192)
BottomLeft: (0, 149) -> (-2384, 1192)
BottomRight: (149, 149) -> (0, 2384)
[19:36:35.885] INFO: 🎯 ИГРОК: BottomLeft (6, 141) -> (-2160, 1176)
[19:36:35.886] DEBUG: Camera following player at (-2160, 1176)
[19:36:35.887] ERROR: Selected section at (2, 2) has no spawn position!
[19:36:35.888] ERROR: ❌ CRITICAL: Multi-section spawn position is ZERO! Using emergency fallback!
[19:36:38.132] DEBUG: Created section at grid (0,0) with biome Desert
[19:36:38.132] DEBUG: Created section at grid (1,0) with biome Techno
[19:36:38.133] DEBUG: Created section at grid (2,0) with biome Desert
[19:36:38.133] DEBUG: Created section at grid (0,1) with biome Forest
[19:36:38.133] DEBUG: Created section at grid (1,1) with biome Forest
[19:36:38.134] DEBUG: Created section at grid (2,1) with biome Anomal
[19:36:38.134] DEBUG: Created section at grid (0,2) with biome Lava Springs
[19:36:38.134] DEBUG: Created section at grid (1,2) with biome Lava Springs
[19:36:38.135] DEBUG: Created section at grid (2,2) with biome Desert
[19:36:38.225] INFO: 🗺️ КАРТА: 150x150
[19:36:38.225] DEBUG: Updated DEBUG HUD with corners info: 🎯 УГЛЫ КАРТЫ:
TopLeft: (0, 0) -> (0, 0)
TopRight: (149, 0) -> (2384, 1192)
BottomLeft: (0, 149) -> (-2384, 1192)
BottomRight: (149, 149) -> (0, 2384)
[19:36:38.229] INFO: 🎯 ИГРОК: TopLeft (6, 18) -> (-192, 192)
[19:36:38.230] DEBUG: Camera following player at (-192, 192)
[19:36:38.230] DEBUG: LoadInventory: Last inventory save time: 12/08/2025 19:36:36
[19:36:38.231] ERROR: Selected section at (0, 2) has no spawn position!
[19:36:38.232] ERROR: ❌ CRITICAL: Multi-section spawn position is ZERO! Using emergency fallback!
[19:36:53.782] DEBUG: Saved play time: 00:01:22
