[17:30:05.165] 🚀 ========== SATELLITE GAME LOG SESSION STARTED ==========
[17:30:05.169] 📅 Date: 2025-08-12 17:30:05
[17:30:05.170] 🎮 Godot Version: { "major": 4, "minor": 4, "patch": 0, "hex": 263168, "status": "stable", "build": "official", "hash": "4c311cbee68c0b66ff8ebb8b0defdd9979dd2a41", "timestamp": 0, "string": "4.4-stable (official)" }
[17:30:05.171] 💻 Platform: Windows
[17:30:05.171] 🚀 =========================================================
[17:30:05.171] 
[17:30:05.172] DEBUG: SaveManager initialized, save path: C:/Users/koval/AppData/Roaming/Godot/app_userdata/Satellite\saves\game_save.json
[17:30:05.184] DEBUG: GameTimer initialized. Total play time: 00:00:00
[17:30:05.188] DEBUG: Continue button state updated: enabled
[17:30:05.188] DEBUG: Main menu initialized
[17:30:05.723] DEBUG: Continue button pressed
[17:30:05.745] DEBUG: Direct load completed successfully
[17:30:05.750] DEBUG: Game loaded successfully
[17:30:05.864] DEBUG: Module StartingModule initialized
[17:30:05.864] DEBUG: Found RespawnCapsule at path: RespawnCapsule
[17:30:05.865] DEBUG: Starting module initialized
[17:30:05.866] DEBUG: Created interaction area for module TeleportationModule with radius 150
[17:30:05.876] DEBUG: Teleport UI created
[17:30:05.877] DEBUG: Module TeleportationModule initialized
[17:30:05.877] DEBUG: Teleportation module initialized
[17:30:05.878] DEBUG: Station teleporter initialized
[17:30:05.879] DEBUG: Module StorageModule initialized
[17:30:05.887] DEBUG: Container 'StorageContainer' inventory changed
[17:30:05.887] DEBUG: Container 'StorageContainer' inventory changed
[17:30:05.888] DEBUG: Container 'StorageContainer' force-updated UI
[17:30:05.889] DEBUG: Module StorageModule2 initialized
[17:30:05.889] DEBUG: Container 'StorageContainer' inventory changed
[17:30:05.893] DEBUG: Container 'StorageContainer' inventory changed
[17:30:05.894] DEBUG: Container 'StorageContainer' force-updated UI
[17:30:05.899] ERROR: InventoryUI: Player not found
[17:30:05.906] DEBUG: ItemTooltip initialized
[17:30:05.911] DEBUG: InventoryContextMenu initialized
[17:30:05.911] DEBUG: Signal handlers are connected to context menu
[17:30:05.911] DEBUG: InventoryContextMenu created successfully
[17:30:05.913] DEBUG: DEBUG HUD for corner coordinates created
[17:30:05.914] ERROR: UIManager: InteractionSystem not found!
[17:30:05.914] DEBUG: UIManager initialized
[17:30:05.916] DEBUG: ItemTooltip created successfully for ContainerUI
[17:30:05.917] DEBUG: InventoryContextMenu created successfully for ContainerUI
[17:30:05.921] DEBUG: AutoSave initialized with interval: 300s, active monitoring: True
[17:30:05.924] DEBUG: ForceSaveSystem initialized
[17:30:05.928] DEBUG: Found TeleporterSpawnPoint at path: TeleporterSpawnPoint
[17:30:05.995] DEBUG: Camera following player at (565, 217)
[17:30:05.997] DEBUG: LoadInventory: Last inventory save time: 12/08/2025 17:30:05
[17:30:05.997] DEBUG: LoadInventory: Found saved inventory data, loading...
[17:30:05.997] DEBUG: LoadInventory: Found 15 items in saved inventory
[17:30:05.998] DEBUG: LoadInventory: Item: Organic Matter x30 (ID: resource_organic_matter)
[17:30:05.998] DEBUG: LoadInventory: Item: Metal Ore x20 (ID: resource_metal_ore)
[17:30:05.998] DEBUG: LoadInventory: Item: Crystal x15 (ID: resource_crystal)
[17:30:05.999] DEBUG: LoadInventory: Item: AntiMetal Ore x20 (ID: resource_antimetal_ore)
[17:30:05.999] DEBUG: LoadInventory: Item: Metal Ore x11 (ID: resource_metal_ore)
[17:30:06.000] DEBUG: LoadInventory: Item: AntiMetal Ore x1 (ID: resource_antimetal_ore)
[17:30:06.000] DEBUG: LoadInventory: Item: Organic Matter x5 (ID: resource_organic_matter)
[17:30:06.000] DEBUG: Player inventory changed. Items: 0
[17:30:06.001] DEBUG: Player inventory changed. Items: 15
[17:30:06.001] DEBUG: LoadInventory: Successfully deserialized inventory with 15 items
[17:30:06.001] DEBUG: LoadInventory: After loading: Organic Matter x30 (ID: resource_organic_matter)
[17:30:06.002] DEBUG: LoadInventory: After loading: Metal Ore x20 (ID: resource_metal_ore)
[17:30:06.002] DEBUG: LoadInventory: After loading: Crystal x15 (ID: resource_crystal)
[17:30:06.002] DEBUG: LoadInventory: After loading: AntiMetal Ore x20 (ID: resource_antimetal_ore)
[17:30:06.003] DEBUG: LoadInventory: After loading: Metal Ore x11 (ID: resource_metal_ore)
[17:30:06.003] DEBUG: LoadInventory: After loading: AntiMetal Ore x1 (ID: resource_antimetal_ore)
[17:30:06.003] DEBUG: LoadInventory: After loading: Organic Matter x5 (ID: resource_organic_matter)
[17:30:06.008] DEBUG: Player respawned at starting module
[17:30:06.372] DEBUG: Container 'StorageContainer' inventory changed
[17:30:06.372] DEBUG: Container 'StorageContainer' inventory changed
[17:30:06.373] DEBUG: Container 'StorageContainer' force-updated UI
[17:30:06.374] DEBUG: All icon sizes updated in container UI
[17:30:06.374] DEBUG: Container 'StorageContainer' deferred UI update completed
[17:30:08.493] DEBUG: Starting teleportation to world
[17:30:08.493] DEBUG: Player inventory saved. Items count: 15
[17:30:08.494] DEBUG: Player inventory saved before teleportation to world
[17:30:09.492] DEBUG: Completing teleportation to world
[17:30:09.493] DEBUG: Player position loaded: (102.30329, 348.1832)
[17:30:09.493] DEBUG: Teleport destination saved: (102.30329, 348.1832)
[17:30:09.494] DEBUG: Player position loaded: (102.30329, 348.1832)
[17:30:09.548] ERROR: InventoryUI: Player not found
[17:30:09.552] DEBUG: InteractionSystem found via exported path
[17:30:09.553] ERROR: InteractionSystem: Player not found
[17:30:09.554] INFO: 📁 File logging system initialized!
[17:30:09.554] INFO: 🚀 LevelGenerator starting up...
[17:30:09.568] DEBUG: AutoSave initialized with interval: 300s, active monitoring: True
[17:30:09.992] DEBUG: Created section at grid (0,0) with biome Lava Springs
[17:30:09.992] DEBUG: Created section at grid (1,0) with biome Ice
[17:30:09.993] DEBUG: Created section at grid (2,0) with biome Forest
[17:30:09.993] DEBUG: Created section at grid (0,1) with biome Ice
[17:30:09.993] DEBUG: Created section at grid (1,1) with biome Lava Springs
[17:30:09.993] DEBUG: Created section at grid (2,1) with biome Anomal
[17:30:09.994] DEBUG: Created section at grid (0,2) with biome Anomal
[17:30:09.994] DEBUG: Created section at grid (1,2) with biome Lava Springs
[17:30:09.995] DEBUG: Created section at grid (2,2) with biome Forest
[17:30:10.213] INFO: 🗺️ КАРТА: 150x150
[17:30:10.214] DEBUG: Updated DEBUG HUD with corners info: 🎯 УГЛЫ КАРТЫ:
TopLeft: (0, 0) -> (0, 0)
TopRight: (149, 0) -> (2384, 1192)
BottomLeft: (0, 149) -> (-2384, 1192)
BottomRight: (149, 149) -> (0, 2384)
[17:30:10.435] INFO: 🎯 РЕСУРСЫ: 447 размещено
[17:30:10.446] INFO: 📦 КОНТЕЙНЕРЫ: 58 размещено
[17:30:10.456] ERROR: 🚨 NO VALID SPAWN CORNERS FOUND! This should not happen!
[17:30:10.457] ERROR: 🚨 No valid corner spawns found! Activating EMERGENCY spawn system!
[17:30:10.459] INFO: 🆘 EMERGENCY spawn found at tile (74, 75) -> world (-16, 1192)
[17:30:10.460] DEBUG: Camera following player at (-16, 1192)
[17:30:10.462] ERROR: Selected section at (1, 2) has no spawn position!
[17:30:10.463] ERROR: ❌ CRITICAL: Multi-section spawn position is ZERO! Using emergency fallback!
[17:30:40.494] DEBUG: Saved play time: 00:00:35
