[19:21:30.266] 🚀 ========== SATELLITE GAME LOG SESSION STARTED ==========
[19:21:30.270] 📅 Date: 2025-08-12 19:21:30
[19:21:30.271] 🎮 Godot Version: { "major": 4, "minor": 4, "patch": 0, "hex": 263168, "status": "stable", "build": "official", "hash": "4c311cbee68c0b66ff8ebb8b0defdd9979dd2a41", "timestamp": 0, "string": "4.4-stable (official)" }
[19:21:30.271] 💻 Platform: Windows
[19:21:30.272] 🚀 =========================================================
[19:21:30.272] 
[19:21:30.272] DEBUG: SaveManager initialized, save path: C:/Users/koval/AppData/Roaming/Godot/app_userdata/Satellite\saves\game_save.json
[19:21:30.274] DEBUG: GameTimer initialized. Total play time: 00:00:00
[19:21:30.278] DEBUG: Continue button state updated: enabled
[19:21:30.279] DEBUG: Main menu initialized
[19:21:31.240] DEBUG: Continue button pressed
[19:21:31.257] DEBUG: Direct load completed successfully
[19:21:31.261] DEBUG: Game loaded successfully
[19:21:31.371] DEBUG: Module StartingModule initialized
[19:21:31.372] DEBUG: Found RespawnCapsule at path: RespawnCapsule
[19:21:31.372] DEBUG: Starting module initialized
[19:21:31.374] DEBUG: Created interaction area for module TeleportationModule with radius 150
[19:21:31.381] DEBUG: Teleport UI created
[19:21:31.381] DEBUG: Module TeleportationModule initialized
[19:21:31.382] DEBUG: Teleportation module initialized
[19:21:31.383] DEBUG: Station teleporter initialized
[19:21:31.383] DEBUG: Module StorageModule initialized
[19:21:31.391] DEBUG: Container 'StorageContainer' inventory changed
[19:21:31.392] DEBUG: Container 'StorageContainer' inventory changed
[19:21:31.393] DEBUG: Container 'StorageContainer' force-updated UI
[19:21:31.394] DEBUG: Module StorageModule2 initialized
[19:21:31.394] DEBUG: Container 'StorageContainer' inventory changed
[19:21:31.398] DEBUG: Container 'StorageContainer' inventory changed
[19:21:31.398] DEBUG: Container 'StorageContainer' force-updated UI
[19:21:31.404] ERROR: InventoryUI: Player not found
[19:21:31.411] DEBUG: ItemTooltip initialized
[19:21:31.416] DEBUG: InventoryContextMenu initialized
[19:21:31.416] DEBUG: Signal handlers are connected to context menu
[19:21:31.416] DEBUG: InventoryContextMenu created successfully
[19:21:31.418] DEBUG: DEBUG HUD for corner coordinates created
[19:21:31.420] ERROR: UIManager: InteractionSystem not found!
[19:21:31.420] DEBUG: UIManager initialized
[19:21:31.422] DEBUG: ItemTooltip created successfully for ContainerUI
[19:21:31.423] DEBUG: InventoryContextMenu created successfully for ContainerUI
[19:21:31.427] DEBUG: AutoSave initialized with interval: 300s, active monitoring: True
[19:21:31.429] DEBUG: ForceSaveSystem initialized
[19:21:31.433] DEBUG: Found TeleporterSpawnPoint at path: TeleporterSpawnPoint
[19:21:31.480] DEBUG: Camera following player at (565, 217)
[19:21:31.481] DEBUG: LoadInventory: Last inventory save time: 12/08/2025 19:21:31
[19:21:31.482] DEBUG: LoadInventory: Found saved inventory data, loading...
[19:21:31.482] DEBUG: LoadInventory: Found 15 items in saved inventory
[19:21:31.482] DEBUG: LoadInventory: Item: Organic Matter x30 (ID: resource_organic_matter)
[19:21:31.483] DEBUG: LoadInventory: Item: Metal Ore x20 (ID: resource_metal_ore)
[19:21:31.483] DEBUG: LoadInventory: Item: Crystal x15 (ID: resource_crystal)
[19:21:31.483] DEBUG: LoadInventory: Item: AntiMetal Ore x20 (ID: resource_antimetal_ore)
[19:21:31.484] DEBUG: LoadInventory: Item: Metal Ore x11 (ID: resource_metal_ore)
[19:21:31.484] DEBUG: LoadInventory: Item: AntiMetal Ore x1 (ID: resource_antimetal_ore)
[19:21:31.484] DEBUG: LoadInventory: Item: Organic Matter x5 (ID: resource_organic_matter)
[19:21:31.485] DEBUG: Player inventory changed. Items: 0
[19:21:31.485] DEBUG: Player inventory changed. Items: 15
[19:21:31.485] DEBUG: LoadInventory: Successfully deserialized inventory with 15 items
[19:21:31.486] DEBUG: LoadInventory: After loading: Organic Matter x30 (ID: resource_organic_matter)
[19:21:31.486] DEBUG: LoadInventory: After loading: Metal Ore x20 (ID: resource_metal_ore)
[19:21:31.486] DEBUG: LoadInventory: After loading: Crystal x15 (ID: resource_crystal)
[19:21:31.486] DEBUG: LoadInventory: After loading: AntiMetal Ore x20 (ID: resource_antimetal_ore)
[19:21:31.487] DEBUG: LoadInventory: After loading: Metal Ore x11 (ID: resource_metal_ore)
[19:21:31.487] DEBUG: LoadInventory: After loading: AntiMetal Ore x1 (ID: resource_antimetal_ore)
[19:21:31.487] DEBUG: LoadInventory: After loading: Organic Matter x5 (ID: resource_organic_matter)
[19:21:31.491] DEBUG: Player respawned at starting module
[19:21:31.857] DEBUG: Container 'StorageContainer' inventory changed
[19:21:31.857] DEBUG: Container 'StorageContainer' inventory changed
[19:21:31.858] DEBUG: Container 'StorageContainer' force-updated UI
[19:21:31.859] DEBUG: All icon sizes updated in container UI
[19:21:31.860] DEBUG: Container 'StorageContainer' deferred UI update completed
[19:21:34.293] DEBUG: Starting teleportation to world
[19:21:34.294] DEBUG: Player inventory saved. Items count: 15
[19:21:34.294] DEBUG: Player inventory saved before teleportation to world
[19:21:35.293] DEBUG: Completing teleportation to world
[19:21:35.294] DEBUG: Player position loaded: (1324.1991, 1027.9921)
[19:21:35.294] DEBUG: Teleport destination saved: (1324.1991, 1027.9921)
[19:21:35.295] DEBUG: Player position loaded: (1324.1991, 1027.9921)
[19:21:35.358] ERROR: InventoryUI: Player not found
[19:21:35.363] DEBUG: InteractionSystem found via exported path
[19:21:35.364] ERROR: InteractionSystem: Player not found
[19:21:35.365] INFO: 📁 File logging system initialized!
[19:21:35.365] INFO: 🚀 LevelGenerator starting up...
[19:21:35.379] DEBUG: AutoSave initialized with interval: 300s, active monitoring: True
[19:21:35.793] DEBUG: Created section at grid (0,0) with biome Desert
[19:21:35.793] DEBUG: Created section at grid (1,0) with biome Ice
[19:21:35.794] DEBUG: Created section at grid (2,0) with biome Grassland
[19:21:35.794] DEBUG: Created section at grid (0,1) with biome Grassland
[19:21:35.794] DEBUG: Created section at grid (1,1) with biome Desert
[19:21:35.795] DEBUG: Created section at grid (2,1) with biome Techno
[19:21:35.795] DEBUG: Created section at grid (0,2) with biome Desert
[19:21:35.795] DEBUG: Created section at grid (1,2) with biome Desert
[19:21:35.795] DEBUG: Created section at grid (2,2) with biome Desert
[19:21:36.011] INFO: 🗺️ КАРТА: 150x150
[19:21:36.012] DEBUG: Updated DEBUG HUD with corners info: 🎯 УГЛЫ КАРТЫ:
TopLeft: (0, 0) -> (0, 0)
TopRight: (149, 0) -> (2384, 1192)
BottomLeft: (0, 149) -> (-2384, 1192)
BottomRight: (149, 149) -> (0, 2384)
[19:21:36.021] INFO: 🎯 ИГРОК: BottomRight (107, 107) -> (0, 1712)
[19:21:36.022] DEBUG: Camera following player at (0, 1712)
[19:21:36.025] ERROR: Selected section at (1, 0) has no spawn position!
[19:21:36.026] ERROR: ❌ CRITICAL: Multi-section spawn position is ZERO! Using emergency fallback!
[19:22:00.871] DEBUG: Saved play time: 00:00:30
