[21:11:09.855] 🚀 ========== SATELLITE GAME LOG SESSION STARTED ==========
[21:11:09.859] 📅 Date: 2025-08-12 21:11:09
[21:11:09.860] 🎮 Godot Version: { "major": 4, "minor": 4, "patch": 0, "hex": 263168, "status": "stable", "build": "official", "hash": "4c311cbee68c0b66ff8ebb8b0defdd9979dd2a41", "timestamp": 0, "string": "4.4-stable (official)" }
[21:11:09.860] 💻 Platform: Windows
[21:11:09.861] 🚀 =========================================================
[21:11:09.861] 
[21:11:09.861] DEBUG: SaveManager initialized, save path: C:/Users/koval/AppData/Roaming/Godot/app_userdata/Satellite\saves\game_save.json
[21:11:09.864] DEBUG: GameTimer initialized. Total play time: 00:00:00
[21:11:09.870] DEBUG: Continue button state updated: enabled
[21:11:09.870] DEBUG: Main menu initialized
[21:11:10.654] DEBUG: Continue button pressed
[21:11:10.671] DEBUG: Direct load completed successfully
[21:11:10.675] DEBUG: Game loaded successfully
[21:11:10.784] DEBUG: Module StartingModule initialized
[21:11:10.785] DEBUG: Found RespawnCapsule at path: RespawnCapsule
[21:11:10.785] DEBUG: Starting module initialized
[21:11:10.787] DEBUG: Created interaction area for module TeleportationModule with radius 150
[21:11:10.794] DEBUG: Teleport UI created
[21:11:10.794] DEBUG: Module TeleportationModule initialized
[21:11:10.794] DEBUG: Teleportation module initialized
[21:11:10.795] DEBUG: Station teleporter initialized
[21:11:10.796] DEBUG: Module StorageModule initialized
[21:11:10.804] DEBUG: Container 'StorageContainer' inventory changed
[21:11:10.805] DEBUG: Container 'StorageContainer' inventory changed
[21:11:10.806] DEBUG: Container 'StorageContainer' force-updated UI
[21:11:10.807] DEBUG: Module StorageModule2 initialized
[21:11:10.807] DEBUG: Container 'StorageContainer' inventory changed
[21:11:10.811] DEBUG: Container 'StorageContainer' inventory changed
[21:11:10.811] DEBUG: Container 'StorageContainer' force-updated UI
[21:11:10.817] ERROR: InventoryUI: Player not found
[21:11:10.824] DEBUG: ItemTooltip initialized
[21:11:10.829] DEBUG: InventoryContextMenu initialized
[21:11:10.839] DEBUG: Signal handlers are connected to context menu
[21:11:10.839] DEBUG: InventoryContextMenu created successfully
[21:11:10.841] DEBUG: DEBUG HUD for corner coordinates created
[21:11:10.842] ERROR: UIManager: InteractionSystem not found!
[21:11:10.842] DEBUG: UIManager initialized
[21:11:10.845] DEBUG: ItemTooltip created successfully for ContainerUI
[21:11:10.846] DEBUG: InventoryContextMenu created successfully for ContainerUI
[21:11:10.850] DEBUG: AutoSave initialized with interval: 300s, active monitoring: True
[21:11:10.852] DEBUG: ForceSaveSystem initialized
[21:11:10.856] DEBUG: Found TeleporterSpawnPoint at path: TeleporterSpawnPoint
[21:11:10.894] DEBUG: Camera following player at (565, 217)
[21:11:10.895] DEBUG: LoadInventory: Last inventory save time: 12/08/2025 21:11:10
[21:11:10.896] DEBUG: LoadInventory: Found saved inventory data, loading...
[21:11:10.896] DEBUG: LoadInventory: Found 15 items in saved inventory
[21:11:10.896] DEBUG: LoadInventory: Item: Organic Matter x30 (ID: resource_organic_matter)
[21:11:10.896] DEBUG: LoadInventory: Item: Metal Ore x20 (ID: resource_metal_ore)
[21:11:10.897] DEBUG: LoadInventory: Item: Crystal x15 (ID: resource_crystal)
[21:11:10.897] DEBUG: LoadInventory: Item: AntiMetal Ore x20 (ID: resource_antimetal_ore)
[21:11:10.898] DEBUG: LoadInventory: Item: Metal Ore x11 (ID: resource_metal_ore)
[21:11:10.898] DEBUG: LoadInventory: Item: AntiMetal Ore x1 (ID: resource_antimetal_ore)
[21:11:10.898] DEBUG: LoadInventory: Item: Organic Matter x5 (ID: resource_organic_matter)
[21:11:10.899] DEBUG: Player inventory changed. Items: 0
[21:11:10.899] DEBUG: Player inventory changed. Items: 15
[21:11:10.899] DEBUG: LoadInventory: Successfully deserialized inventory with 15 items
[21:11:10.900] DEBUG: LoadInventory: After loading: Organic Matter x30 (ID: resource_organic_matter)
[21:11:10.900] DEBUG: LoadInventory: After loading: Metal Ore x20 (ID: resource_metal_ore)
[21:11:10.901] DEBUG: LoadInventory: After loading: Crystal x15 (ID: resource_crystal)
[21:11:10.901] DEBUG: LoadInventory: After loading: AntiMetal Ore x20 (ID: resource_antimetal_ore)
[21:11:10.901] DEBUG: LoadInventory: After loading: Metal Ore x11 (ID: resource_metal_ore)
[21:11:10.901] DEBUG: LoadInventory: After loading: AntiMetal Ore x1 (ID: resource_antimetal_ore)
[21:11:10.902] DEBUG: LoadInventory: After loading: Organic Matter x5 (ID: resource_organic_matter)
[21:11:10.905] DEBUG: Player respawned at starting module
[21:11:11.287] DEBUG: Container 'StorageContainer' inventory changed
[21:11:11.288] DEBUG: Container 'StorageContainer' inventory changed
[21:11:11.288] DEBUG: Container 'StorageContainer' force-updated UI
[21:11:11.289] DEBUG: All icon sizes updated in container UI
[21:11:11.289] DEBUG: Container 'StorageContainer' deferred UI update completed
[21:11:13.491] DEBUG: Starting teleportation to world
[21:11:13.491] DEBUG: Player inventory saved. Items count: 15
[21:11:13.491] DEBUG: Player inventory saved before teleportation to world
[21:11:14.490] DEBUG: Completing teleportation to world
[21:11:14.491] DEBUG: Player position loaded: (-96.02977, 1182.1399)
[21:11:14.492] DEBUG: Teleport destination saved: (-96.02977, 1182.1399)
[21:11:14.492] DEBUG: Player position loaded: (-96.02977, 1182.1399)
[21:11:14.555] ERROR: InventoryUI: Player not found
[21:11:14.560] DEBUG: InteractionSystem found via exported path
[21:11:14.561] ERROR: InteractionSystem: Player not found
[21:11:14.562] INFO: 📁 File logging system initialized!
[21:11:14.562] INFO: 🚀 LevelGenerator starting up...
[21:11:14.576] DEBUG: AutoSave initialized with interval: 300s, active monitoring: True
[21:11:14.993] DEBUG: Created section at grid (0,0) with biome Desert
[21:11:14.993] DEBUG: Created section at grid (1,0) with biome Ice
[21:11:14.994] DEBUG: Created section at grid (2,0) with biome Lava Springs
[21:11:14.994] DEBUG: Created section at grid (0,1) with biome Techno
[21:11:14.994] DEBUG: Created section at grid (1,1) with biome Forest
[21:11:14.995] DEBUG: Created section at grid (2,1) with biome Lava Springs
[21:11:14.995] DEBUG: Created section at grid (0,2) with biome Anomal
[21:11:14.995] DEBUG: Created section at grid (1,2) with biome Forest
[21:11:14.995] DEBUG: Created section at grid (2,2) with biome Anomal
[21:11:15.223] INFO: 🗺️ КАРТА: 150x150
[21:11:15.224] DEBUG: Updated DEBUG HUD with corners info: 🎯 УГЛЫ КАРТЫ:
TopLeft: (0, 0) -> (0, 0)
TopRight: (149, 0) -> (2384, 1192)
BottomLeft: (0, 149) -> (-2384, 1192)
BottomRight: (149, 149) -> (0, 2384)
[21:11:15.235] INFO: 🎯 ИГРОК: TopRight (107, 10) -> (1552, 936)
[21:11:15.236] DEBUG: Camera following player at (1552, 936)
[21:11:15.238] ERROR: Selected section at (1, 0) has no spawn position!
[21:11:15.239] ERROR: ❌ CRITICAL: Multi-section spawn position is ZERO! Using emergency fallback!
[21:11:33.493] DEBUG: Created section at grid (0,0) with biome Techno
[21:11:33.493] DEBUG: Created section at grid (1,0) with biome Desert
[21:11:33.493] DEBUG: Created section at grid (2,0) with biome Lava Springs
[21:11:33.494] DEBUG: Created section at grid (0,1) with biome Ice
[21:11:33.494] DEBUG: Created section at grid (1,1) with biome Desert
[21:11:33.494] DEBUG: Created section at grid (2,1) with biome Anomal
[21:11:33.495] DEBUG: Created section at grid (0,2) with biome Ice
[21:11:33.495] DEBUG: Created section at grid (1,2) with biome Ice
[21:11:33.495] DEBUG: Created section at grid (2,2) with biome Lava Springs
[21:11:33.591] INFO: 🗺️ КАРТА: 150x150
[21:11:33.592] DEBUG: Updated DEBUG HUD with corners info: 🎯 УГЛЫ КАРТЫ:
TopLeft: (0, 0) -> (0, 0)
TopRight: (149, 0) -> (2384, 1192)
BottomLeft: (0, 149) -> (-2384, 1192)
BottomRight: (149, 149) -> (0, 2384)
[21:11:33.596] ERROR: 🚨 NO VALID SPAWN CORNERS FOUND! This should not happen!
[21:11:33.597] ERROR: 🚨 No valid corner spawns found! Activating EMERGENCY spawn system!
[21:11:33.598] INFO: 🆘 EMERGENCY spawn found at tile (72, 75) -> world (-48, 1176)
[21:11:33.599] DEBUG: Camera following player at (-48, 1176)
[21:11:33.600] ERROR: Selected section at (1, 0) has no spawn position!
[21:11:33.600] ERROR: ❌ CRITICAL: Multi-section spawn position is ZERO! Using emergency fallback!
[21:11:37.609] DEBUG: Created section at grid (0,0) with biome Desert
[21:11:37.609] DEBUG: Created section at grid (1,0) with biome Techno
[21:11:37.609] DEBUG: Created section at grid (2,0) with biome Ice
[21:11:37.609] DEBUG: Created section at grid (0,1) with biome Forest
[21:11:37.610] DEBUG: Created section at grid (1,1) with biome Techno
[21:11:37.610] DEBUG: Created section at grid (2,1) with biome Forest
[21:11:37.610] DEBUG: Created section at grid (0,2) with biome Lava Springs
[21:11:37.610] DEBUG: Created section at grid (1,2) with biome Grassland
[21:11:37.611] DEBUG: Created section at grid (2,2) with biome Desert
[21:11:37.714] INFO: 🗺️ КАРТА: 150x150
[21:11:37.714] DEBUG: Updated DEBUG HUD with corners info: 🎯 УГЛЫ КАРТЫ:
TopLeft: (0, 0) -> (0, 0)
TopRight: (149, 0) -> (2384, 1192)
BottomLeft: (0, 149) -> (-2384, 1192)
BottomRight: (149, 149) -> (0, 2384)
[21:11:37.720] INFO: 🎯 ИГРОК: BottomRight (107, 111) -> (-64, 1744)
[21:11:37.720] DEBUG: Camera following player at (-64, 1744)
[21:11:37.721] ERROR: Selected section at (0, 1) has no spawn position!
[21:11:37.722] ERROR: ❌ CRITICAL: Multi-section spawn position is ZERO! Using emergency fallback!
[21:11:44.243] DEBUG: Created section at grid (0,0) with biome Lava Springs
[21:11:44.243] DEBUG: Created section at grid (1,0) with biome Ice
[21:11:44.244] DEBUG: Created section at grid (2,0) with biome Lava Springs
[21:11:44.244] DEBUG: Created section at grid (0,1) with biome Desert
[21:11:44.244] DEBUG: Created section at grid (1,1) with biome Desert
[21:11:44.244] DEBUG: Created section at grid (2,1) with biome Ice
[21:11:44.245] DEBUG: Created section at grid (0,2) with biome Anomal
[21:11:44.245] DEBUG: Created section at grid (1,2) with biome Techno
[21:11:44.246] DEBUG: Created section at grid (2,2) with biome Ice
[21:11:44.395] INFO: 🗺️ КАРТА: 150x150
[21:11:44.396] DEBUG: Updated DEBUG HUD with corners info: 🎯 УГЛЫ КАРТЫ:
TopLeft: (0, 0) -> (0, 0)
TopRight: (149, 0) -> (2384, 1192)
BottomLeft: (0, 149) -> (-2384, 1192)
BottomRight: (149, 149) -> (0, 2384)
[21:11:44.401] INFO: 🎯 ИГРОК: TopRight (107, 6) -> (1616, 904)
[21:11:44.401] DEBUG: Camera following player at (1616, 904)
[21:11:44.402] ERROR: Selected section at (2, 2) has no spawn position!
[21:11:44.403] ERROR: ❌ CRITICAL: Multi-section spawn position is ZERO! Using emergency fallback!
[21:11:48.693] DEBUG: Created section at grid (0,0) with biome Lava Springs
[21:11:48.693] DEBUG: Created section at grid (1,0) with biome Desert
[21:11:48.693] DEBUG: Created section at grid (2,0) with biome Grassland
[21:11:48.694] DEBUG: Created section at grid (0,1) with biome Techno
[21:11:48.694] DEBUG: Created section at grid (1,1) with biome Grassland
[21:11:48.694] DEBUG: Created section at grid (2,1) with biome Lava Springs
[21:11:48.695] DEBUG: Created section at grid (0,2) with biome Ice
[21:11:48.695] DEBUG: Created section at grid (1,2) with biome Anomal
[21:11:48.695] DEBUG: Created section at grid (2,2) with biome Forest
[21:11:48.828] INFO: 🗺️ КАРТА: 150x150
[21:11:48.828] DEBUG: Updated DEBUG HUD with corners info: 🎯 УГЛЫ КАРТЫ:
TopLeft: (0, 0) -> (0, 0)
TopRight: (149, 0) -> (2384, 1192)
BottomLeft: (0, 149) -> (-2384, 1192)
BottomRight: (149, 149) -> (0, 2384)
[21:11:48.833] INFO: 🎯 ИГРОК: TopLeft (37, 6) -> (496, 344)
[21:11:48.833] DEBUG: Camera following player at (496, 344)
[21:11:48.834] ERROR: Selected section at (2, 2) has no spawn position!
[21:11:48.835] ERROR: ❌ CRITICAL: Multi-section spawn position is ZERO! Using emergency fallback!
[21:11:54.876] DEBUG: Created section at grid (0,0) with biome Techno
[21:11:54.876] DEBUG: Created section at grid (1,0) with biome Ice
[21:11:54.877] DEBUG: Created section at grid (2,0) with biome Desert
[21:11:54.877] DEBUG: Created section at grid (0,1) with biome Techno
[21:11:54.878] DEBUG: Created section at grid (1,1) with biome Grassland
[21:11:54.878] DEBUG: Created section at grid (2,1) with biome Lava Springs
[21:11:54.878] DEBUG: Created section at grid (0,2) with biome Ice
[21:11:54.879] DEBUG: Created section at grid (1,2) with biome Desert
[21:11:54.879] DEBUG: Created section at grid (2,2) with biome Forest
[21:11:54.972] INFO: 🗺️ КАРТА: 150x150
[21:11:54.972] DEBUG: Updated DEBUG HUD with corners info: 🎯 УГЛЫ КАРТЫ:
TopLeft: (0, 0) -> (0, 0)
TopRight: (149, 0) -> (2384, 1192)
BottomLeft: (0, 149) -> (-2384, 1192)
BottomRight: (149, 149) -> (0, 2384)
[21:11:54.977] INFO: 🎯 ИГРОК: BottomRight (107, 107) -> (0, 1712)
[21:11:54.977] DEBUG: Camera following player at (0, 1712)
[21:11:54.978] ERROR: Selected section at (2, 1) has no spawn position!
[21:11:54.979] ERROR: ❌ CRITICAL: Multi-section spawn position is ZERO! Using emergency fallback!
[21:11:59.293] DEBUG: Created section at grid (0,0) with biome Grassland
[21:11:59.293] DEBUG: Created section at grid (1,0) with biome Desert
[21:11:59.294] DEBUG: Created section at grid (2,0) with biome Ice
[21:11:59.294] DEBUG: Created section at grid (0,1) with biome Forest
[21:11:59.294] DEBUG: Created section at grid (1,1) with biome Ice
[21:11:59.294] DEBUG: Created section at grid (2,1) with biome Techno
[21:11:59.295] DEBUG: Created section at grid (0,2) with biome Techno
[21:11:59.295] DEBUG: Created section at grid (1,2) with biome Lava Springs
[21:11:59.295] DEBUG: Created section at grid (2,2) with biome Anomal
[21:11:59.398] INFO: 🗺️ КАРТА: 150x150
[21:11:59.398] DEBUG: Updated DEBUG HUD with corners info: 🎯 УГЛЫ КАРТЫ:
TopLeft: (0, 0) -> (0, 0)
TopRight: (149, 0) -> (2384, 1192)
BottomLeft: (0, 149) -> (-2384, 1192)
BottomRight: (149, 149) -> (0, 2384)
[21:11:59.403] INFO: 🎯 ИГРОК: BottomLeft (6, 116) -> (-1760, 976)
[21:11:59.403] DEBUG: Camera following player at (-1760, 976)
[21:11:59.404] ERROR: Selected section at (1, 1) has no spawn position!
[21:11:59.405] ERROR: ❌ CRITICAL: Multi-section spawn position is ZERO! Using emergency fallback!
[21:12:14.071] DEBUG: Saved play time: 00:01:04
